
*******************************************************************************

WELCOME TO n²p², A SOFTWARE PACKAGE FOR NEURAL NETWORK POTENTIALS!
------------------------------------------------------------------

n²p² version      : v2.1.1
------------------------------------------------------------
Git branch        : 
Git revision      : 
Compile date/time : Aug 25 2023 08:43:41
------------------------------------------------------------

OpenMP threads    : 10
------------------------------------------------------------

Please cite the following papers when publishing results obtained with n²p²:
-------------------------------------------------------------------------------
 * General citation for n²p² and the LAMMPS interface:

 Singraber, A.; Behler, J.; Dellago, C.
 Library-Based LAMMPS Implementation of High-Dimensional
 Neural Network Potentials.
 J. Chem. Theory Comput. 2019 15 (3), 1827–1840.
 https://doi.org/10.1021/acs.jctc.8b00770
-------------------------------------------------------------------------------
 * Additionally, if you use the NNP training features of n²p²:

 Singraber, A.; Morawietz, T.; Behler, J.; Dellago, C.
 Parallel Multistream Training of High-Dimensional Neural
 Network Potentials.
 J. Chem. Theory Comput. 2019, 15 (5), 3075–3092.
 https://doi.org/10.1021/acs.jctc.8b01092
-------------------------------------------------------------------------------
 * Additionally, if polynomial symmetry functions are used:

 Bircher, M. P.; Singraber, A.; Dellago, C.
 Improved Description of Atomic Environments Using Low-Cost
 Polynomial Functions with Compact Support.
 arXiv:2010.14414 [cond-mat, physics:physics] 2020.
 https://arxiv.org/abs/2010.14414
*******************************************************************************

*** SETUP: SETTINGS FILE ******************************************************

Settings file name: input.nn
Read 329 lines.
Found 182 lines with keywords.
This settings file defines a short-range NNP (2G-HDNNP).
*******************************************************************************

*** SETUP: DFTD3 ******************************************************

*******************************************************************************

*** SETUP: NORMALIZATION ******************************************************

Data set normalization is used.
Mean energy per atom     :  -3.8640662064628053E+00
Conversion factor energy :   7.3890846653659121E+00
Conversion factor length :   6.1376931796181502E+00
*******************************************************************************

*** SETUP: ELEMENT MAP ********************************************************

Number of element strings found: 2
Element  0:  S ( 16)
Element  1: Cu ( 29)
*******************************************************************************

*** SETUP: ELEMENTS ***********************************************************

Number of elements is consistent: 2
Atomic energy offsets per element:
Element  0:   0.00000000E+00
Element  1:   0.00000000E+00
Energy offsets are automatically subtracted from reference energies.
*******************************************************************************

*** SETUP: CUTOFF FUNCTIONS ***************************************************

Parameter alpha for inner cutoff: 0.000000
Inner cutoff = Symmetry function cutoff * alpha
Equal cutoff function type for all symmetry functions:
CutoffFunction::CT_POLY2 (6)
x := (r - rc * alpha) / (rc - rc * alpha)
f(x) = ((15 - 6x)x - 10)x^3 + 1
*******************************************************************************

*** SETUP: SYMMETRY FUNCTIONS *************************************************

Abbreviations:
--------------
ind .... Symmetry function index.
ec ..... Central atom element.
tp ..... Symmetry function type.
sbtp ... Symmetry function subtype (e.g. cutoff type).
e1 ..... Neighbor 1 element.
e2 ..... Neighbor 2 element.
eta .... Gaussian width eta.
rs/rl... Shift distance of Gaussian or left cutoff radius for polynomial.
angl.... Left cutoff angle for polynomial.
angr.... Right cutoff angle for polynomial.
la ..... Angle prefactor lambda.
zeta ... Angle term exponent zeta.
rc ..... Cutoff radius / right cutoff radius for polynomial.
a ...... Free parameter alpha (e.g. cutoff alpha).
ln ..... Line number in settings file.

Short range atomic symmetry functions element  S :
-------------------------------------------------------------------------------------------------
 ind ec tp sbtp e1 e2       eta      rs/rl         rc   angl   angr la zeta    a    ln
-------------------------------------------------------------------------------------------------
   1  S  2  ct6  S    2.000E+00  1.500E+00  6.000E+00                       0.00   113
   2  S  2  ct6 Cu    2.000E+00  1.500E+00  6.000E+00                       0.00   123
   3  S  2  ct6  S    2.000E+00  2.000E+00  6.000E+00                       0.00   114
   4  S  2  ct6 Cu    2.000E+00  2.000E+00  6.000E+00                       0.00   124
   5  S  2  ct6  S    2.000E+00  2.500E+00  6.000E+00                       0.00   115
   6  S  2  ct6 Cu    2.000E+00  2.500E+00  6.000E+00                       0.00   125
   7  S  2  ct6 Cu    2.000E+00  3.000E+00  6.000E+00                       0.00   126
   8  S  3  ct6  S  S 1.653E-02  0.000E+00  6.000E+00               -1  1.0 0.00   171
   9  S  3  ct6  S Cu 1.653E-02  0.000E+00  6.000E+00               -1  1.0 0.00   184
  10  S  3  ct6 Cu Cu 1.653E-02  0.000E+00  6.000E+00               -1  1.0 0.00   197
  11  S  3  ct6  S  S 1.653E-02  0.000E+00  6.000E+00                1  1.0 0.00   172
  12  S  3  ct6  S Cu 1.653E-02  0.000E+00  6.000E+00                1  1.0 0.00   185
  13  S  3  ct6 Cu Cu 1.653E-02  0.000E+00  6.000E+00                1  1.0 0.00   198
  14  S  3  ct6  S  S 1.653E-02  0.000E+00  6.000E+00               -1  6.0 0.00   173
  15  S  3  ct6  S Cu 1.653E-02  0.000E+00  6.000E+00               -1  6.0 0.00   186
  16  S  3  ct6 Cu Cu 1.653E-02  0.000E+00  6.000E+00               -1  6.0 0.00   199
  17  S  3  ct6  S  S 1.653E-02  0.000E+00  6.000E+00                1  6.0 0.00   174
  18  S  3  ct6  S Cu 1.653E-02  0.000E+00  6.000E+00                1  6.0 0.00   187
  19  S  3  ct6 Cu Cu 1.653E-02  0.000E+00  6.000E+00                1  6.0 0.00   200
  20  S  3  ct6  S  S 4.082E-02  0.000E+00  6.000E+00               -1  1.0 0.00   167
  21  S  3  ct6  S Cu 4.082E-02  0.000E+00  6.000E+00               -1  1.0 0.00   180
  22  S  3  ct6 Cu Cu 4.082E-02  0.000E+00  6.000E+00               -1  1.0 0.00   193
  23  S  3  ct6  S  S 4.082E-02  0.000E+00  6.000E+00                1  1.0 0.00   168
  24  S  3  ct6  S Cu 4.082E-02  0.000E+00  6.000E+00                1  1.0 0.00   181
  25  S  3  ct6 Cu Cu 4.082E-02  0.000E+00  6.000E+00                1  1.0 0.00   194
  26  S  3  ct6  S  S 4.082E-02  0.000E+00  6.000E+00               -1  6.0 0.00   169
  27  S  3  ct6  S Cu 4.082E-02  0.000E+00  6.000E+00               -1  6.0 0.00   182
  28  S  3  ct6 Cu Cu 4.082E-02  0.000E+00  6.000E+00               -1  6.0 0.00   195
  29  S  3  ct6  S  S 4.082E-02  0.000E+00  6.000E+00                1  6.0 0.00   170
  30  S  3  ct6  S Cu 4.082E-02  0.000E+00  6.000E+00                1  6.0 0.00   183
  31  S  3  ct6 Cu Cu 4.082E-02  0.000E+00  6.000E+00                1  6.0 0.00   196
  32  S  3  ct6  S  S 2.222E-01  0.000E+00  6.000E+00               -1  1.0 0.00   163
  33  S  3  ct6  S Cu 2.222E-01  0.000E+00  6.000E+00               -1  1.0 0.00   176
  34  S  3  ct6  S  S 2.222E-01  0.000E+00  6.000E+00                1  1.0 0.00   164
  35  S  3  ct6  S Cu 2.222E-01  0.000E+00  6.000E+00                1  1.0 0.00   177
  36  S  3  ct6 Cu Cu 2.222E-01  0.000E+00  6.000E+00                1  1.0 0.00   190
  37  S  3  ct6  S  S 2.222E-01  0.000E+00  6.000E+00                1  6.0 0.00   166
  38  S  3  ct6  S Cu 2.222E-01  0.000E+00  6.000E+00                1  6.0 0.00   179
  39  S  9  ct6  S  S 1.653E-02  0.000E+00  6.000E+00               -1  1.0 0.00   259
  40  S  9  ct6  S Cu 1.653E-02  0.000E+00  6.000E+00               -1  1.0 0.00   272
  41  S  9  ct6 Cu Cu 1.653E-02  0.000E+00  6.000E+00               -1  1.0 0.00   285
  42  S  9  ct6  S  S 1.653E-02  0.000E+00  6.000E+00                1  1.0 0.00   260
  43  S  9  ct6  S Cu 1.653E-02  0.000E+00  6.000E+00                1  1.0 0.00   273
  44  S  9  ct6 Cu Cu 1.653E-02  0.000E+00  6.000E+00                1  1.0 0.00   286
  45  S  9  ct6  S  S 1.653E-02  0.000E+00  6.000E+00               -1  6.0 0.00   261
  46  S  9  ct6  S Cu 1.653E-02  0.000E+00  6.000E+00               -1  6.0 0.00   274
  47  S  9  ct6 Cu Cu 1.653E-02  0.000E+00  6.000E+00               -1  6.0 0.00   287
  48  S  9  ct6  S  S 1.653E-02  0.000E+00  6.000E+00                1  6.0 0.00   262
  49  S  9  ct6  S Cu 1.653E-02  0.000E+00  6.000E+00                1  6.0 0.00   275
  50  S  9  ct6 Cu Cu 1.653E-02  0.000E+00  6.000E+00                1  6.0 0.00   288
  51  S  9  ct6  S  S 4.082E-02  0.000E+00  6.000E+00               -1  1.0 0.00   255
  52  S  9  ct6  S Cu 4.082E-02  0.000E+00  6.000E+00               -1  1.0 0.00   268
  53  S  9  ct6 Cu Cu 4.082E-02  0.000E+00  6.000E+00               -1  1.0 0.00   281
  54  S  9  ct6  S  S 4.082E-02  0.000E+00  6.000E+00                1  1.0 0.00   256
  55  S  9  ct6  S Cu 4.082E-02  0.000E+00  6.000E+00                1  1.0 0.00   269
  56  S  9  ct6 Cu Cu 4.082E-02  0.000E+00  6.000E+00                1  1.0 0.00   282
  57  S  9  ct6  S  S 4.082E-02  0.000E+00  6.000E+00               -1  6.0 0.00   257
  58  S  9  ct6  S Cu 4.082E-02  0.000E+00  6.000E+00               -1  6.0 0.00   270
  59  S  9  ct6 Cu Cu 4.082E-02  0.000E+00  6.000E+00               -1  6.0 0.00   283
  60  S  9  ct6  S  S 4.082E-02  0.000E+00  6.000E+00                1  6.0 0.00   258
  61  S  9  ct6  S Cu 4.082E-02  0.000E+00  6.000E+00                1  6.0 0.00   271
  62  S  9  ct6 Cu Cu 4.082E-02  0.000E+00  6.000E+00                1  6.0 0.00   284
  63  S  9  ct6  S  S 2.222E-01  0.000E+00  6.000E+00               -1  1.0 0.00   251
  64  S  9  ct6  S Cu 2.222E-01  0.000E+00  6.000E+00               -1  1.0 0.00   264
  65  S  9  ct6 Cu Cu 2.222E-01  0.000E+00  6.000E+00               -1  1.0 0.00   277
  66  S  9  ct6  S  S 2.222E-01  0.000E+00  6.000E+00                1  1.0 0.00   252
  67  S  9  ct6  S Cu 2.222E-01  0.000E+00  6.000E+00                1  1.0 0.00   265
  68  S  9  ct6 Cu Cu 2.222E-01  0.000E+00  6.000E+00                1  1.0 0.00   278
  69  S  9  ct6  S Cu 2.222E-01  0.000E+00  6.000E+00               -1  6.0 0.00   266
  70  S  9  ct6  S  S 2.222E-01  0.000E+00  6.000E+00                1  6.0 0.00   254
  71  S  9  ct6  S Cu 2.222E-01  0.000E+00  6.000E+00                1  6.0 0.00   267
  72  S  9  ct6 Cu Cu 2.222E-01  0.000E+00  6.000E+00                1  6.0 0.00   280
-------------------------------------------------------------------------------------------------
Short range atomic symmetry functions element Cu :
-------------------------------------------------------------------------------------------------
 ind ec tp sbtp e1 e2       eta      rs/rl         rc   angl   angr la zeta    a    ln
-------------------------------------------------------------------------------------------------
   1 Cu  2  ct6  S    2.000E+00  1.500E+00  6.000E+00                       0.00   134
   2 Cu  2  ct6  S    2.000E+00  2.000E+00  6.000E+00                       0.00   135
   3 Cu  2  ct6 Cu    2.000E+00  2.000E+00  6.000E+00                       0.00   145
   4 Cu  2  ct6  S    2.000E+00  2.500E+00  6.000E+00                       0.00   136
   5 Cu  2  ct6 Cu    2.000E+00  2.500E+00  6.000E+00                       0.00   146
   6 Cu  2  ct6  S    2.000E+00  3.000E+00  6.000E+00                       0.00   137
   7 Cu  2  ct6 Cu    2.000E+00  3.000E+00  6.000E+00                       0.00   147
   8 Cu  2  ct6  S    2.000E+00  4.000E+00  6.000E+00                       0.00   139
   9 Cu  2  ct6  S    2.000E+00  5.000E+00  6.000E+00                       0.00   141
  10 Cu  3  ct6  S  S 1.653E-02  0.000E+00  6.000E+00               -1  1.0 0.00   211
  11 Cu  3  ct6  S Cu 1.653E-02  0.000E+00  6.000E+00               -1  1.0 0.00   224
  12 Cu  3  ct6 Cu Cu 1.653E-02  0.000E+00  6.000E+00               -1  1.0 0.00   237
  13 Cu  3  ct6  S  S 1.653E-02  0.000E+00  6.000E+00                1  1.0 0.00   212
  14 Cu  3  ct6  S Cu 1.653E-02  0.000E+00  6.000E+00                1  1.0 0.00   225
  15 Cu  3  ct6 Cu Cu 1.653E-02  0.000E+00  6.000E+00                1  1.0 0.00   238
  16 Cu  3  ct6  S  S 1.653E-02  0.000E+00  6.000E+00               -1  6.0 0.00   213
  17 Cu  3  ct6 Cu Cu 1.653E-02  0.000E+00  6.000E+00               -1  6.0 0.00   239
  18 Cu  3  ct6  S  S 1.653E-02  0.000E+00  6.000E+00                1  6.0 0.00   214
  19 Cu  3  ct6  S Cu 1.653E-02  0.000E+00  6.000E+00                1  6.0 0.00   227
  20 Cu  3  ct6 Cu Cu 1.653E-02  0.000E+00  6.000E+00                1  6.0 0.00   240
  21 Cu  3  ct6  S  S 4.082E-02  0.000E+00  6.000E+00               -1  1.0 0.00   207
  22 Cu  3  ct6  S Cu 4.082E-02  0.000E+00  6.000E+00               -1  1.0 0.00   220
  23 Cu  3  ct6 Cu Cu 4.082E-02  0.000E+00  6.000E+00               -1  1.0 0.00   233
  24 Cu  3  ct6  S  S 4.082E-02  0.000E+00  6.000E+00                1  1.0 0.00   208
  25 Cu  3  ct6  S Cu 4.082E-02  0.000E+00  6.000E+00                1  1.0 0.00   221
  26 Cu  3  ct6 Cu Cu 4.082E-02  0.000E+00  6.000E+00                1  1.0 0.00   234
  27 Cu  3  ct6  S  S 4.082E-02  0.000E+00  6.000E+00               -1  6.0 0.00   209
  28 Cu  3  ct6 Cu Cu 4.082E-02  0.000E+00  6.000E+00               -1  6.0 0.00   235
  29 Cu  3  ct6  S  S 4.082E-02  0.000E+00  6.000E+00                1  6.0 0.00   210
  30 Cu  3  ct6  S Cu 4.082E-02  0.000E+00  6.000E+00                1  6.0 0.00   223
  31 Cu  3  ct6 Cu Cu 4.082E-02  0.000E+00  6.000E+00                1  6.0 0.00   236
  32 Cu  3  ct6  S  S 2.222E-01  0.000E+00  6.000E+00               -1  1.0 0.00   203
  33 Cu  3  ct6  S  S 2.222E-01  0.000E+00  6.000E+00                1  1.0 0.00   204
  34 Cu  3  ct6  S  S 2.222E-01  0.000E+00  6.000E+00                1  6.0 0.00   206
  35 Cu  9  ct6  S  S 1.653E-02  0.000E+00  6.000E+00               -1  1.0 0.00   299
  36 Cu  9  ct6  S Cu 1.653E-02  0.000E+00  6.000E+00               -1  1.0 0.00   312
  37 Cu  9  ct6 Cu Cu 1.653E-02  0.000E+00  6.000E+00               -1  1.0 0.00   325
  38 Cu  9  ct6  S  S 1.653E-02  0.000E+00  6.000E+00                1  1.0 0.00   300
  39 Cu  9  ct6  S Cu 1.653E-02  0.000E+00  6.000E+00                1  1.0 0.00   313
  40 Cu  9  ct6 Cu Cu 1.653E-02  0.000E+00  6.000E+00                1  1.0 0.00   326
  41 Cu  9  ct6  S  S 1.653E-02  0.000E+00  6.000E+00               -1  6.0 0.00   301
  42 Cu  9  ct6  S Cu 1.653E-02  0.000E+00  6.000E+00               -1  6.0 0.00   314
  43 Cu  9  ct6 Cu Cu 1.653E-02  0.000E+00  6.000E+00               -1  6.0 0.00   327
  44 Cu  9  ct6  S  S 1.653E-02  0.000E+00  6.000E+00                1  6.0 0.00   302
  45 Cu  9  ct6  S Cu 1.653E-02  0.000E+00  6.000E+00                1  6.0 0.00   315
  46 Cu  9  ct6 Cu Cu 1.653E-02  0.000E+00  6.000E+00                1  6.0 0.00   328
  47 Cu  9  ct6  S  S 4.082E-02  0.000E+00  6.000E+00               -1  1.0 0.00   295
  48 Cu  9  ct6  S Cu 4.082E-02  0.000E+00  6.000E+00               -1  1.0 0.00   308
  49 Cu  9  ct6 Cu Cu 4.082E-02  0.000E+00  6.000E+00               -1  1.0 0.00   321
  50 Cu  9  ct6  S  S 4.082E-02  0.000E+00  6.000E+00                1  1.0 0.00   296
  51 Cu  9  ct6  S Cu 4.082E-02  0.000E+00  6.000E+00                1  1.0 0.00   309
  52 Cu  9  ct6 Cu Cu 4.082E-02  0.000E+00  6.000E+00                1  1.0 0.00   322
  53 Cu  9  ct6  S  S 4.082E-02  0.000E+00  6.000E+00               -1  6.0 0.00   297
  54 Cu  9  ct6  S Cu 4.082E-02  0.000E+00  6.000E+00               -1  6.0 0.00   310
  55 Cu  9  ct6 Cu Cu 4.082E-02  0.000E+00  6.000E+00               -1  6.0 0.00   323
  56 Cu  9  ct6  S  S 4.082E-02  0.000E+00  6.000E+00                1  6.0 0.00   298
  57 Cu  9  ct6  S Cu 4.082E-02  0.000E+00  6.000E+00                1  6.0 0.00   311
  58 Cu  9  ct6 Cu Cu 4.082E-02  0.000E+00  6.000E+00                1  6.0 0.00   324
  59 Cu  9  ct6  S  S 2.222E-01  0.000E+00  6.000E+00               -1  1.0 0.00   291
  60 Cu  9  ct6  S Cu 2.222E-01  0.000E+00  6.000E+00               -1  1.0 0.00   304
  61 Cu  9  ct6 Cu Cu 2.222E-01  0.000E+00  6.000E+00               -1  1.0 0.00   317
  62 Cu  9  ct6  S  S 2.222E-01  0.000E+00  6.000E+00                1  1.0 0.00   292
  63 Cu  9  ct6  S Cu 2.222E-01  0.000E+00  6.000E+00                1  1.0 0.00   305
  64 Cu  9  ct6 Cu Cu 2.222E-01  0.000E+00  6.000E+00                1  1.0 0.00   318
  65 Cu  9  ct6  S  S 2.222E-01  0.000E+00  6.000E+00                1  6.0 0.00   294
  66 Cu  9  ct6  S Cu 2.222E-01  0.000E+00  6.000E+00                1  6.0 0.00   307
-------------------------------------------------------------------------------------------------
Minimum cutoff radius for element  S: 6.000000
Minimum cutoff radius for element Cu: 6.000000
Maximum cutoff radius (global)      : 6.000000
*******************************************************************************

*** SETUP: SYMMETRY FUNCTION MEMORY *******************************************

Symmetry function derivatives memory table for element  S :
-------------------------------------------------------------------------------
Relevant symmetry functions for neighbors with element:
-  S:   48 of   72 ( 66.7 %)
- Cu:   47 of   72 ( 65.3 %)
-------------------------------------------------------------------------------
Symmetry function derivatives memory table for element Cu :
-------------------------------------------------------------------------------
Relevant symmetry functions for neighbors with element:
-  S:   45 of   66 ( 68.2 %)
- Cu:   38 of   66 ( 57.6 %)
-------------------------------------------------------------------------------
*******************************************************************************

*** SETUP: SYMMETRY FUNCTION CACHE ********************************************

Element  S: in total 4 caches, used 47.50 times on average.
Element Cu: in total 4 caches, used 41.50 times on average.
*******************************************************************************

*** SETUP: SYMMETRY FUNCTION GROUPS *******************************************

Abbreviations:
--------------
ind .... Symmetry function index.
ec ..... Central atom element.
tp ..... Symmetry function type.
sbtp ... Symmetry function subtype (e.g. cutoff type).
e1 ..... Neighbor 1 element.
e2 ..... Neighbor 2 element.
eta .... Gaussian width eta.
rs/rl... Shift distance of Gaussian or left cutoff radius for polynomial.
angl.... Left cutoff angle for polynomial.
angr.... Right cutoff angle for polynomial.
la ..... Angle prefactor lambda.
zeta ... Angle term exponent zeta.
rc ..... Cutoff radius / right cutoff radius for polynomial.
a ...... Free parameter alpha (e.g. cutoff alpha).
ln ..... Line number in settings file.
mi ..... Member index.
sfi .... Symmetry function index.
e ...... Recalculate exponential term.

Short range atomic symmetry function groups element  S :
----------------------------------------------------------------------------------------------------------
 ind ec tp sbtp e1 e2       eta      rs/rl         rc   angl   angr la zeta    a    ln   mi  sfi e
----------------------------------------------------------------------------------------------------------
   1  S  2  ct6  S            *          *  6.000E+00                       0.00     *    *    *  
   -  -  -    -  -    2.000E+00  1.500E+00          -                          -   113    1    1  
   -  -  -    -  -    2.000E+00  2.000E+00          -                          -   114    2    3  
   -  -  -    -  -    2.000E+00  2.500E+00          -                          -   115    3    5  
   2  S  2  ct6 Cu            *          *  6.000E+00                       0.00     *    *    *  
   -  -  -    -  -    2.000E+00  1.500E+00          -                          -   123    1    2  
   -  -  -    -  -    2.000E+00  2.000E+00          -                          -   124    2    4  
   -  -  -    -  -    2.000E+00  2.500E+00          -                          -   125    3    6  
   -  -  -    -  -    2.000E+00  3.000E+00          -                          -   126    4    7  
   3  S  3  ct6  S  S         *          *  6.000E+00                *    * 0.00     *    *    * *
   -  -  -    -  -  - 1.653E-02  0.000E+00          -               -1  1.0    -   171    1    8 1
   -  -  -    -  -  - 1.653E-02  0.000E+00          -                1  1.0    -   172    2   11 0
   -  -  -    -  -  - 1.653E-02  0.000E+00          -               -1  6.0    -   173    3   14 0
   -  -  -    -  -  - 1.653E-02  0.000E+00          -                1  6.0    -   174    4   17 0
   -  -  -    -  -  - 4.082E-02  0.000E+00          -               -1  1.0    -   167    5   20 1
   -  -  -    -  -  - 4.082E-02  0.000E+00          -                1  1.0    -   168    6   23 0
   -  -  -    -  -  - 4.082E-02  0.000E+00          -               -1  6.0    -   169    7   26 0
   -  -  -    -  -  - 4.082E-02  0.000E+00          -                1  6.0    -   170    8   29 0
   -  -  -    -  -  - 2.222E-01  0.000E+00          -               -1  1.0    -   163    9   32 1
   -  -  -    -  -  - 2.222E-01  0.000E+00          -                1  1.0    -   164   10   34 0
   -  -  -    -  -  - 2.222E-01  0.000E+00          -                1  6.0    -   166   11   37 0
   4  S  3  ct6  S Cu         *          *  6.000E+00                *    * 0.00     *    *    * *
   -  -  -    -  -  - 1.653E-02  0.000E+00          -               -1  1.0    -   184    1    9 1
   -  -  -    -  -  - 1.653E-02  0.000E+00          -                1  1.0    -   185    2   12 0
   -  -  -    -  -  - 1.653E-02  0.000E+00          -               -1  6.0    -   186    3   15 0
   -  -  -    -  -  - 1.653E-02  0.000E+00          -                1  6.0    -   187    4   18 0
   -  -  -    -  -  - 4.082E-02  0.000E+00          -               -1  1.0    -   180    5   21 1
   -  -  -    -  -  - 4.082E-02  0.000E+00          -                1  1.0    -   181    6   24 0
   -  -  -    -  -  - 4.082E-02  0.000E+00          -               -1  6.0    -   182    7   27 0
   -  -  -    -  -  - 4.082E-02  0.000E+00          -                1  6.0    -   183    8   30 0
   -  -  -    -  -  - 2.222E-01  0.000E+00          -               -1  1.0    -   176    9   33 1
   -  -  -    -  -  - 2.222E-01  0.000E+00          -                1  1.0    -   177   10   35 0
   -  -  -    -  -  - 2.222E-01  0.000E+00          -                1  6.0    -   179   11   38 0
   5  S  3  ct6 Cu Cu         *          *  6.000E+00                *    * 0.00     *    *    * *
   -  -  -    -  -  - 1.653E-02  0.000E+00          -               -1  1.0    -   197    1   10 1
   -  -  -    -  -  - 1.653E-02  0.000E+00          -                1  1.0    -   198    2   13 0
   -  -  -    -  -  - 1.653E-02  0.000E+00          -               -1  6.0    -   199    3   16 0
   -  -  -    -  -  - 1.653E-02  0.000E+00          -                1  6.0    -   200    4   19 0
   -  -  -    -  -  - 4.082E-02  0.000E+00          -               -1  1.0    -   193    5   22 1
   -  -  -    -  -  - 4.082E-02  0.000E+00          -                1  1.0    -   194    6   25 0
   -  -  -    -  -  - 4.082E-02  0.000E+00          -               -1  6.0    -   195    7   28 0
   -  -  -    -  -  - 4.082E-02  0.000E+00          -                1  6.0    -   196    8   31 0
   -  -  -    -  -  - 2.222E-01  0.000E+00          -                1  1.0    -   190    9   36 1
   6  S  9  ct6  S  S         *          *  6.000E+00                *    * 0.00     *    *    * *
   -  -  -    -  -  - 1.653E-02  0.000E+00          -               -1  1.0    -   259    1   39 1
   -  -  -    -  -  - 1.653E-02  0.000E+00          -                1  1.0    -   260    2   42 0
   -  -  -    -  -  - 1.653E-02  0.000E+00          -               -1  6.0    -   261    3   45 0
   -  -  -    -  -  - 1.653E-02  0.000E+00          -                1  6.0    -   262    4   48 0
   -  -  -    -  -  - 4.082E-02  0.000E+00          -               -1  1.0    -   255    5   51 1
   -  -  -    -  -  - 4.082E-02  0.000E+00          -                1  1.0    -   256    6   54 0
   -  -  -    -  -  - 4.082E-02  0.000E+00          -               -1  6.0    -   257    7   57 0
   -  -  -    -  -  - 4.082E-02  0.000E+00          -                1  6.0    -   258    8   60 0
   -  -  -    -  -  - 2.222E-01  0.000E+00          -               -1  1.0    -   251    9   63 1
   -  -  -    -  -  - 2.222E-01  0.000E+00          -                1  1.0    -   252   10   66 0
   -  -  -    -  -  - 2.222E-01  0.000E+00          -                1  6.0    -   254   11   70 0
   7  S  9  ct6  S Cu         *          *  6.000E+00                *    * 0.00     *    *    * *
   -  -  -    -  -  - 1.653E-02  0.000E+00          -               -1  1.0    -   272    1   40 1
   -  -  -    -  -  - 1.653E-02  0.000E+00          -                1  1.0    -   273    2   43 0
   -  -  -    -  -  - 1.653E-02  0.000E+00          -               -1  6.0    -   274    3   46 0
   -  -  -    -  -  - 1.653E-02  0.000E+00          -                1  6.0    -   275    4   49 0
   -  -  -    -  -  - 4.082E-02  0.000E+00          -               -1  1.0    -   268    5   52 1
   -  -  -    -  -  - 4.082E-02  0.000E+00          -                1  1.0    -   269    6   55 0
   -  -  -    -  -  - 4.082E-02  0.000E+00          -               -1  6.0    -   270    7   58 0
   -  -  -    -  -  - 4.082E-02  0.000E+00          -                1  6.0    -   271    8   61 0
   -  -  -    -  -  - 2.222E-01  0.000E+00          -               -1  1.0    -   264    9   64 1
   -  -  -    -  -  - 2.222E-01  0.000E+00          -                1  1.0    -   265   10   67 0
   -  -  -    -  -  - 2.222E-01  0.000E+00          -               -1  6.0    -   266   11   69 0
   -  -  -    -  -  - 2.222E-01  0.000E+00          -                1  6.0    -   267   12   71 0
   8  S  9  ct6 Cu Cu         *          *  6.000E+00                *    * 0.00     *    *    * *
   -  -  -    -  -  - 1.653E-02  0.000E+00          -               -1  1.0    -   285    1   41 1
   -  -  -    -  -  - 1.653E-02  0.000E+00          -                1  1.0    -   286    2   44 0
   -  -  -    -  -  - 1.653E-02  0.000E+00          -               -1  6.0    -   287    3   47 0
   -  -  -    -  -  - 1.653E-02  0.000E+00          -                1  6.0    -   288    4   50 0
   -  -  -    -  -  - 4.082E-02  0.000E+00          -               -1  1.0    -   281    5   53 1
   -  -  -    -  -  - 4.082E-02  0.000E+00          -                1  1.0    -   282    6   56 0
   -  -  -    -  -  - 4.082E-02  0.000E+00          -               -1  6.0    -   283    7   59 0
   -  -  -    -  -  - 4.082E-02  0.000E+00          -                1  6.0    -   284    8   62 0
   -  -  -    -  -  - 2.222E-01  0.000E+00          -               -1  1.0    -   277    9   65 1
   -  -  -    -  -  - 2.222E-01  0.000E+00          -                1  1.0    -   278   10   68 0
   -  -  -    -  -  - 2.222E-01  0.000E+00          -                1  6.0    -   280   11   72 0
----------------------------------------------------------------------------------------------------------
Short range atomic symmetry function groups element Cu :
----------------------------------------------------------------------------------------------------------
 ind ec tp sbtp e1 e2       eta      rs/rl         rc   angl   angr la zeta    a    ln   mi  sfi e
----------------------------------------------------------------------------------------------------------
   1 Cu  2  ct6  S            *          *  6.000E+00                       0.00     *    *    *  
   -  -  -    -  -    2.000E+00  1.500E+00          -                          -   134    1    1  
   -  -  -    -  -    2.000E+00  2.000E+00          -                          -   135    2    2  
   -  -  -    -  -    2.000E+00  2.500E+00          -                          -   136    3    4  
   -  -  -    -  -    2.000E+00  3.000E+00          -                          -   137    4    6  
   -  -  -    -  -    2.000E+00  4.000E+00          -                          -   139    5    8  
   -  -  -    -  -    2.000E+00  5.000E+00          -                          -   141    6    9  
   2 Cu  2  ct6 Cu            *          *  6.000E+00                       0.00     *    *    *  
   -  -  -    -  -    2.000E+00  2.000E+00          -                          -   145    1    3  
   -  -  -    -  -    2.000E+00  2.500E+00          -                          -   146    2    5  
   -  -  -    -  -    2.000E+00  3.000E+00          -                          -   147    3    7  
   3 Cu  3  ct6  S  S         *          *  6.000E+00                *    * 0.00     *    *    * *
   -  -  -    -  -  - 1.653E-02  0.000E+00          -               -1  1.0    -   211    1   10 1
   -  -  -    -  -  - 1.653E-02  0.000E+00          -                1  1.0    -   212    2   13 0
   -  -  -    -  -  - 1.653E-02  0.000E+00          -               -1  6.0    -   213    3   16 0
   -  -  -    -  -  - 1.653E-02  0.000E+00          -                1  6.0    -   214    4   18 0
   -  -  -    -  -  - 4.082E-02  0.000E+00          -               -1  1.0    -   207    5   21 1
   -  -  -    -  -  - 4.082E-02  0.000E+00          -                1  1.0    -   208    6   24 0
   -  -  -    -  -  - 4.082E-02  0.000E+00          -               -1  6.0    -   209    7   27 0
   -  -  -    -  -  - 4.082E-02  0.000E+00          -                1  6.0    -   210    8   29 0
   -  -  -    -  -  - 2.222E-01  0.000E+00          -               -1  1.0    -   203    9   32 1
   -  -  -    -  -  - 2.222E-01  0.000E+00          -                1  1.0    -   204   10   33 0
   -  -  -    -  -  - 2.222E-01  0.000E+00          -                1  6.0    -   206   11   34 0
   4 Cu  3  ct6  S Cu         *          *  6.000E+00                *    * 0.00     *    *    * *
   -  -  -    -  -  - 1.653E-02  0.000E+00          -               -1  1.0    -   224    1   11 1
   -  -  -    -  -  - 1.653E-02  0.000E+00          -                1  1.0    -   225    2   14 0
   -  -  -    -  -  - 1.653E-02  0.000E+00          -                1  6.0    -   227    3   19 0
   -  -  -    -  -  - 4.082E-02  0.000E+00          -               -1  1.0    -   220    4   22 1
   -  -  -    -  -  - 4.082E-02  0.000E+00          -                1  1.0    -   221    5   25 0
   -  -  -    -  -  - 4.082E-02  0.000E+00          -                1  6.0    -   223    6   30 0
   5 Cu  3  ct6 Cu Cu         *          *  6.000E+00                *    * 0.00     *    *    * *
   -  -  -    -  -  - 1.653E-02  0.000E+00          -               -1  1.0    -   237    1   12 1
   -  -  -    -  -  - 1.653E-02  0.000E+00          -                1  1.0    -   238    2   15 0
   -  -  -    -  -  - 1.653E-02  0.000E+00          -               -1  6.0    -   239    3   17 0
   -  -  -    -  -  - 1.653E-02  0.000E+00          -                1  6.0    -   240    4   20 0
   -  -  -    -  -  - 4.082E-02  0.000E+00          -               -1  1.0    -   233    5   23 1
   -  -  -    -  -  - 4.082E-02  0.000E+00          -                1  1.0    -   234    6   26 0
   -  -  -    -  -  - 4.082E-02  0.000E+00          -               -1  6.0    -   235    7   28 0
   -  -  -    -  -  - 4.082E-02  0.000E+00          -                1  6.0    -   236    8   31 0
   6 Cu  9  ct6  S  S         *          *  6.000E+00                *    * 0.00     *    *    * *
   -  -  -    -  -  - 1.653E-02  0.000E+00          -               -1  1.0    -   299    1   35 1
   -  -  -    -  -  - 1.653E-02  0.000E+00          -                1  1.0    -   300    2   38 0
   -  -  -    -  -  - 1.653E-02  0.000E+00          -               -1  6.0    -   301    3   41 0
   -  -  -    -  -  - 1.653E-02  0.000E+00          -                1  6.0    -   302    4   44 0
   -  -  -    -  -  - 4.082E-02  0.000E+00          -               -1  1.0    -   295    5   47 1
   -  -  -    -  -  - 4.082E-02  0.000E+00          -                1  1.0    -   296    6   50 0
   -  -  -    -  -  - 4.082E-02  0.000E+00          -               -1  6.0    -   297    7   53 0
   -  -  -    -  -  - 4.082E-02  0.000E+00          -                1  6.0    -   298    8   56 0
   -  -  -    -  -  - 2.222E-01  0.000E+00          -               -1  1.0    -   291    9   59 1
   -  -  -    -  -  - 2.222E-01  0.000E+00          -                1  1.0    -   292   10   62 0
   -  -  -    -  -  - 2.222E-01  0.000E+00          -                1  6.0    -   294   11   65 0
   7 Cu  9  ct6  S Cu         *          *  6.000E+00                *    * 0.00     *    *    * *
   -  -  -    -  -  - 1.653E-02  0.000E+00          -               -1  1.0    -   312    1   36 1
   -  -  -    -  -  - 1.653E-02  0.000E+00          -                1  1.0    -   313    2   39 0
   -  -  -    -  -  - 1.653E-02  0.000E+00          -               -1  6.0    -   314    3   42 0
   -  -  -    -  -  - 1.653E-02  0.000E+00          -                1  6.0    -   315    4   45 0
   -  -  -    -  -  - 4.082E-02  0.000E+00          -               -1  1.0    -   308    5   48 1
   -  -  -    -  -  - 4.082E-02  0.000E+00          -                1  1.0    -   309    6   51 0
   -  -  -    -  -  - 4.082E-02  0.000E+00          -               -1  6.0    -   310    7   54 0
   -  -  -    -  -  - 4.082E-02  0.000E+00          -                1  6.0    -   311    8   57 0
   -  -  -    -  -  - 2.222E-01  0.000E+00          -               -1  1.0    -   304    9   60 1
   -  -  -    -  -  - 2.222E-01  0.000E+00          -                1  1.0    -   305   10   63 0
   -  -  -    -  -  - 2.222E-01  0.000E+00          -                1  6.0    -   307   11   66 0
   8 Cu  9  ct6 Cu Cu         *          *  6.000E+00                *    * 0.00     *    *    * *
   -  -  -    -  -  - 1.653E-02  0.000E+00          -               -1  1.0    -   325    1   37 1
   -  -  -    -  -  - 1.653E-02  0.000E+00          -                1  1.0    -   326    2   40 0
   -  -  -    -  -  - 1.653E-02  0.000E+00          -               -1  6.0    -   327    3   43 0
   -  -  -    -  -  - 1.653E-02  0.000E+00          -                1  6.0    -   328    4   46 0
   -  -  -    -  -  - 4.082E-02  0.000E+00          -               -1  1.0    -   321    5   49 1
   -  -  -    -  -  - 4.082E-02  0.000E+00          -                1  1.0    -   322    6   52 0
   -  -  -    -  -  - 4.082E-02  0.000E+00          -               -1  6.0    -   323    7   55 0
   -  -  -    -  -  - 4.082E-02  0.000E+00          -                1  6.0    -   324    8   58 0
   -  -  -    -  -  - 2.222E-01  0.000E+00          -               -1  1.0    -   317    9   61 1
   -  -  -    -  -  - 2.222E-01  0.000E+00          -                1  1.0    -   318   10   64 0
----------------------------------------------------------------------------------------------------------
*******************************************************************************

*** SETUP: NEURAL NETWORKS ****************************************************

Normalize neurons (all elements): 0
-------------------------------------------------------------------------------
Atomic short range NN for element  S :
Number of weights    :   2450
Number of biases     :     51
Number of connections:   2501
Architecture       72   25   25    1
-------------------------------------------------------------------------------
   1   G   p   p   l
   2   G   p   p    
   3   G   p   p    
   4   G   p   p    
   5   G   p   p    
   6   G   p   p    
   7   G   p   p    
   8   G   p   p    
   9   G   p   p    
  10   G   p   p    
  11   G   p   p    
  12   G   p   p    
  13   G   p   p    
  14   G   p   p    
  15   G   p   p    
  16   G   p   p    
  17   G   p   p    
  18   G   p   p    
  19   G   p   p    
  20   G   p   p    
  21   G   p   p    
  22   G   p   p    
  23   G   p   p    
  24   G   p   p    
  25   G   p   p    
  26   G            
  27   G            
  28   G            
  29   G            
  30   G            
  31   G            
  32   G            
  33   G            
  34   G            
  35   G            
  36   G            
  37   G            
  38   G            
  39   G            
  40   G            
  41   G            
  42   G            
  43   G            
  44   G            
  45   G            
  46   G            
  47   G            
  48   G            
  49   G            
  50   G            
  51   G            
  52   G            
  53   G            
  54   G            
  55   G            
  56   G            
  57   G            
  58   G            
  59   G            
  60   G            
  61   G            
  62   G            
  63   G            
  64   G            
  65   G            
  66   G            
  67   G            
  68   G            
  69   G            
  70   G            
  71   G            
  72   G            
-------------------------------------------------------------------------------
Atomic short range NN for element Cu :
Number of weights    :   2300
Number of biases     :     51
Number of connections:   2351
Architecture       66   25   25    1
-------------------------------------------------------------------------------
   1   G   p   p   l
   2   G   p   p    
   3   G   p   p    
   4   G   p   p    
   5   G   p   p    
   6   G   p   p    
   7   G   p   p    
   8   G   p   p    
   9   G   p   p    
  10   G   p   p    
  11   G   p   p    
  12   G   p   p    
  13   G   p   p    
  14   G   p   p    
  15   G   p   p    
  16   G   p   p    
  17   G   p   p    
  18   G   p   p    
  19   G   p   p    
  20   G   p   p    
  21   G   p   p    
  22   G   p   p    
  23   G   p   p    
  24   G   p   p    
  25   G   p   p    
  26   G            
  27   G            
  28   G            
  29   G            
  30   G            
  31   G            
  32   G            
  33   G            
  34   G            
  35   G            
  36   G            
  37   G            
  38   G            
  39   G            
  40   G            
  41   G            
  42   G            
  43   G            
  44   G            
  45   G            
  46   G            
  47   G            
  48   G            
  49   G            
  50   G            
  51   G            
  52   G            
  53   G            
  54   G            
  55   G            
  56   G            
  57   G            
  58   G            
  59   G            
  60   G            
  61   G            
  62   G            
  63   G            
  64   G            
  65   G            
  66   G            
-------------------------------------------------------------------------------
*******************************************************************************

*** SETUP: SYMMETRY FUNCTION SCALING ******************************************

Equal scaling type for all symmetry functions:
Scaling type::ST_SCALESIGMA (4)
Gs = Smin + (Smax - Smin) * (G - Gmean) / Gsigma
Smin = 0.000000
Smax = 1.000000
Symmetry function scaling statistics from file: scaling.data
-------------------------------------------------------------------------------

Abbreviations:
--------------
ind ..... Symmetry function index.
min ..... Minimum symmetry function value.
max ..... Maximum symmetry function value.
mean .... Mean symmetry function value.
sigma ... Standard deviation of symmetry function values.
sf ...... Scaling factor for derivatives.
Smin .... Desired minimum scaled symmetry function value.
Smax .... Desired maximum scaled symmetry function value.
t ....... Scaling type.

Scaling data for symmetry functions element  S :
-------------------------------------------------------------------------------
 ind       min       max      mean     sigma        sf  Smin  Smax t
-------------------------------------------------------------------------------
   1  9.17E-08  7.06E-01  2.24E-02  9.64E-02  1.04E+01  0.00  1.00 4
   2  2.64E-01  2.47E+00  1.04E+00  1.94E-01  5.15E+00  0.00  1.00 4
   3  1.55E-05  1.42E+00  5.53E-02  2.15E-01  4.65E+00  0.00  1.00 4
   4  1.41E+00  4.74E+00  3.10E+00  3.59E-01  2.79E+00  0.00  1.00 4
   5  9.80E-04  1.95E+00  1.14E-01  2.29E-01  4.37E+00  0.00  1.00 4
   6  2.22E+00  6.07E+00  3.88E+00  3.93E-01  2.54E+00  0.00  1.00 4
   7  1.03E+00  5.14E+00  2.58E+00  4.38E-01  2.28E+00  0.00  1.00 4
   8  4.85E-03  3.91E-01  4.76E-02  2.78E-02  3.60E+01  0.00  1.00 4
   9  9.32E-02  2.83E+00  6.02E-01  3.19E-01  3.13E+00  0.00  1.00 4
  10  6.72E-01  4.49E+00  2.20E+00  4.15E-01  2.41E+00  0.00  1.00 4
  11  2.21E-02  8.66E-01  1.41E-01  7.58E-02  1.32E+01  0.00  1.00 4
  12  8.42E-01  7.07E+00  2.90E+00  7.31E-01  1.37E+00  0.00  1.00 4
  13  1.45E+00  9.65E+00  4.37E+00  8.38E-01  1.19E+00  0.00  1.00 4
  14  2.43E-06  5.30E-02  2.81E-04  1.65E-03  6.05E+02  0.00  1.00 4
  15  4.38E-04  3.34E-01  1.51E-02  3.64E-02  2.75E+01  0.00  1.00 4
  16  1.87E-02  5.31E-01  1.93E-01  5.38E-02  1.86E+01  0.00  1.00 4
  17  5.64E-03  2.71E-01  3.62E-02  2.22E-02  4.50E+01  0.00  1.00 4
  18  5.82E-01  3.04E+00  1.54E+00  2.90E-01  3.45E+00  0.00  1.00 4
  19  3.55E-01  2.89E+00  1.25E+00  2.61E-01  3.84E+00  0.00  1.00 4
  20  1.31E-03  2.10E-01  1.65E-02  1.62E-02  6.18E+01  0.00  1.00 4
  21  3.36E-02  1.60E+00  2.67E-01  1.92E-01  5.22E+00  0.00  1.00 4
  22  3.53E-01  2.60E+00  1.20E+00  2.39E-01  4.19E+00  0.00  1.00 4
  23  5.63E-03  4.83E-01  4.87E-02  4.56E-02  2.19E+01  0.00  1.00 4
  24  3.56E-01  3.94E+00  1.35E+00  4.31E-01  2.32E+00  0.00  1.00 4
  25  7.14E-01  5.41E+00  2.34E+00  4.75E-01  2.11E+00  0.00  1.00 4
  26  6.03E-07  2.43E-02  1.04E-04  6.95E-04  1.44E+03  0.00  1.00 4
  27  1.42E-04  1.88E-01  6.73E-03  1.89E-02  5.30E+01  0.00  1.00 4
  28  7.67E-03  2.89E-01  9.68E-02  2.86E-02  3.50E+01  0.00  1.00 4
  29  1.46E-03  1.28E-01  1.25E-02  1.22E-02  8.20E+01  0.00  1.00 4
  30  2.43E-01  1.58E+00  7.31E-01  1.60E-01  6.24E+00  0.00  1.00 4
  31  1.57E-01  1.50E+00  6.22E-01  1.39E-01  7.21E+00  0.00  1.00 4
  32  8.03E-08  9.10E-03  1.18E-04  7.29E-04  1.37E+03  0.00  1.00 4
  33  3.84E-05  4.69E-02  2.29E-03  6.35E-03  1.57E+02  0.00  1.00 4
  34  2.51E-07  2.66E-02  3.52E-04  2.18E-03  4.59E+02  0.00  1.00 4
  35  7.82E-04  1.21E-01  1.02E-02  1.56E-02  6.43E+01  0.00  1.00 4
  36  6.08E-03  1.52E-01  4.53E-02  1.44E-02  6.93E+01  0.00  1.00 4
  37  6.52E-08  6.90E-03  8.45E-05  5.18E-04  1.93E+03  0.00  1.00 4
  38  5.10E-04  3.38E-02  5.05E-03  4.24E-03  2.36E+02  0.00  1.00 4
  39  3.01E-01  3.92E+00  1.62E+00  3.61E-01  2.77E+00  0.00  1.00 4
  40  2.92E+00  2.10E+01  1.07E+01  1.84E+00  5.42E-01  0.00  1.00 4
  41  5.83E+00  3.32E+01  1.69E+01  2.84E+00  3.52E-01  0.00  1.00 4
  42  2.90E-01  3.42E+00  1.35E+00  2.98E-01  3.35E+00  0.00  1.00 4
  43  3.32E+00  2.00E+01  1.05E+01  1.84E+00  5.45E-01  0.00  1.00 4
  44  5.60E+00  2.95E+01  1.47E+01  2.43E+00  4.11E-01  0.00  1.00 4
  45  7.32E-02  1.42E+00  4.62E-01  1.06E-01  9.43E+00  0.00  1.00 4
  46  7.44E-01  6.16E+00  3.09E+00  5.27E-01  1.90E+00  0.00  1.00 4
  47  1.03E+00  9.55E+00  4.66E+00  8.82E-01  1.13E+00  0.00  1.00 4
  48  5.34E-02  6.08E-01  2.01E-01  4.75E-02  2.11E+01  0.00  1.00 4
  49  1.10E+00  5.34E+00  2.92E+00  4.91E-01  2.04E+00  0.00  1.00 4
  50  9.37E-01  6.05E+00  2.81E+00  5.09E-01  1.97E+00  0.00  1.00 4
  51  1.14E-01  2.31E+00  7.57E-01  2.08E-01  4.80E+00  0.00  1.00 4
  52  1.43E+00  1.33E+01  5.88E+00  1.22E+00  8.22E-01  0.00  1.00 4
  53  3.55E+00  2.13E+01  1.09E+01  1.88E+00  5.32E-01  0.00  1.00 4
  54  1.10E-01  2.08E+00  6.31E-01  1.75E-01  5.70E+00  0.00  1.00 4
  55  1.65E+00  1.24E+01  5.77E+00  1.19E+00  8.38E-01  0.00  1.00 4
  56  3.33E+00  1.87E+01  9.22E+00  1.58E+00  6.34E-01  0.00  1.00 4
  57  2.75E-02  9.17E-01  2.15E-01  6.17E-02  1.62E+01  0.00  1.00 4
  58  3.62E-01  3.89E+00  1.71E+00  3.48E-01  2.87E+00  0.00  1.00 4
  59  5.66E-01  6.16E+00  2.96E+00  5.90E-01  1.69E+00  0.00  1.00 4
  60  2.02E-02  3.35E-01  9.30E-02  2.76E-02  3.62E+01  0.00  1.00 4
  61  5.54E-01  3.19E+00  1.59E+00  3.05E-01  3.28E+00  0.00  1.00 4
  62  5.38E-01  3.63E+00  1.66E+00  3.14E-01  3.19E+00  0.00  1.00 4
  63  9.67E-05  1.49E-01  4.32E-03  8.27E-03  1.21E+02  0.00  1.00 4
  64  1.20E-02  1.13E+00  1.28E-01  1.34E-01  7.47E+00  0.00  1.00 4
  65  2.08E-01  1.86E+00  8.23E-01  1.78E-01  5.60E+00  0.00  1.00 4
  66  8.79E-05  1.26E-01  4.40E-03  1.18E-02  8.46E+01  0.00  1.00 4
  67  1.34E-02  8.78E-01  1.18E-01  1.13E-01  8.81E+00  0.00  1.00 4
  68  1.77E-01  1.43E+00  6.21E-01  1.29E-01  7.73E+00  0.00  1.00 4
  69  2.86E-03  3.73E-01  3.77E-02  3.72E-02  2.69E+01  0.00  1.00 4
  70  1.59E-05  2.60E-02  7.25E-04  2.49E-03  4.02E+02  0.00  1.00 4
  71  4.72E-03  1.60E-01  2.88E-02  1.94E-02  5.15E+01  0.00  1.00 4
  72  1.53E-02  1.93E-01  6.97E-02  1.78E-02  5.62E+01  0.00  1.00 4
-------------------------------------------------------------------------------
Scaling data for symmetry functions element Cu :
-------------------------------------------------------------------------------
 ind       min       max      mean     sigma        sf  Smin  Smax t
-------------------------------------------------------------------------------
   1  2.47E-02  1.51E+00  5.19E-01  1.23E-01  8.13E+00  0.00  1.00 4
   2  2.50E-01  2.69E+00  1.55E+00  2.29E-01  4.37E+00  0.00  1.00 4
   3  1.86E-03  3.82E+00  1.12E+00  3.99E-01  2.50E+00  0.00  1.00 4
   4  6.93E-01  3.94E+00  1.94E+00  2.80E-01  3.57E+00  0.00  1.00 4
   5  5.22E-02  5.98E+00  2.79E+00  6.88E-01  1.45E+00  0.00  1.00 4
   6  3.47E-01  2.81E+00  1.29E+00  2.50E-01  3.99E+00  0.00  1.00 4
   7  5.67E-01  6.01E+00  3.40E+00  5.38E-01  1.86E+00  0.00  1.00 4
   8  8.22E-02  2.16E+00  9.59E-01  2.21E-01  4.53E+00  0.00  1.00 4
   9  9.75E-02  8.05E-01  3.96E-01  7.28E-02  1.37E+01  0.00  1.00 4
  10  7.56E-02  1.22E+00  4.24E-01  1.10E-01  9.07E+00  0.00  1.00 4
  11  3.86E-01  3.42E+00  1.54E+00  2.98E-01  3.35E+00  0.00  1.00 4
  12  1.27E-01  3.34E+00  9.07E-01  3.08E-01  3.25E+00  0.00  1.00 4
  13  3.58E-02  2.31E+00  4.52E-01  2.05E-01  4.87E+00  0.00  1.00 4
  14  1.74E+00  9.19E+00  5.03E+00  7.70E-01  1.30E+00  0.00  1.00 4
  15  5.61E-01  6.92E+00  2.56E+00  7.04E-01  1.42E+00  0.00  1.00 4
  16  2.73E-03  2.67E-01  6.84E-02  1.84E-02  5.43E+01  0.00  1.00 4
  17  1.50E-04  2.89E-01  3.24E-02  2.15E-02  4.66E+01  0.00  1.00 4
  18  9.70E-03  7.00E-01  7.45E-02  9.21E-02  1.09E+01  0.00  1.00 4
  19  7.56E-01  3.87E+00  2.13E+00  2.95E-01  3.39E+00  0.00  1.00 4
  20  2.30E-01  2.24E+00  8.48E-01  2.20E-01  4.54E+00  0.00  1.00 4
  21  3.17E-02  6.93E-01  2.02E-01  6.20E-02  1.61E+01  0.00  1.00 4
  22  1.63E-01  1.90E+00  8.13E-01  1.70E-01  5.88E+00  0.00  1.00 4
  23  4.36E-02  1.85E+00  4.34E-01  1.65E-01  6.07E+00  0.00  1.00 4
  24  1.18E-02  1.33E+00  2.02E-01  1.24E-01  8.08E+00  0.00  1.00 4
  25  9.56E-01  5.16E+00  2.73E+00  4.50E-01  2.22E+00  0.00  1.00 4
  26  2.13E-01  3.76E+00  1.23E+00  3.89E-01  2.57E+00  0.00  1.00 4
  27  1.08E-03  1.62E-01  3.44E-02  1.03E-02  9.67E+01  0.00  1.00 4
  28  4.15E-05  1.36E-01  1.35E-02  9.43E-03  1.06E+02  0.00  1.00 4
  29  2.98E-03  3.97E-01  3.29E-02  5.36E-02  1.87E+01  0.00  1.00 4
  30  4.09E-01  2.15E+00  1.13E+00  1.66E-01  6.04E+00  0.00  1.00 4
  31  8.77E-02  1.12E+00  3.97E-01  1.16E-01  8.62E+00  0.00  1.00 4
  32  2.00E-05  1.76E-02  1.42E-03  1.36E-03  7.35E+02  0.00  1.00 4
  33  5.27E-06  4.46E-02  1.71E-03  4.26E-03  2.35E+02  0.00  1.00 4
  34  8.83E-07  1.21E-02  4.19E-04  1.52E-03  6.60E+02  0.00  1.00 4
  35  1.27E+00  8.93E+00  4.26E+00  5.94E-01  1.68E+00  0.00  1.00 4
  36  4.30E+00  2.47E+01  1.43E+01  1.97E+00  5.08E-01  0.00  1.00 4
  37  2.97E+00  2.58E+01  1.18E+01  2.36E+00  4.23E-01  0.00  1.00 4
  38  4.87E-01  6.92E+00  2.94E+00  5.04E-01  1.98E+00  0.00  1.00 4
  39  4.73E+00  2.48E+01  1.42E+01  1.97E+00  5.07E-01  0.00  1.00 4
  40  2.79E+00  2.29E+01  1.03E+01  2.05E+00  4.87E-01  0.00  1.00 4
  41  5.20E-01  3.06E+00  1.19E+00  2.26E-01  4.43E+00  0.00  1.00 4
  42  1.07E+00  7.23E+00  3.99E+00  5.81E-01  1.72E+00  0.00  1.00 4
  43  8.46E-01  7.53E+00  3.40E+00  7.11E-01  1.41E+00  0.00  1.00 4
  44  7.08E-02  1.30E+00  3.18E-01  1.36E-01  7.34E+00  0.00  1.00 4
  45  1.37E+00  6.40E+00  3.75E+00  5.02E-01  1.99E+00  0.00  1.00 4
  46  6.40E-01  4.72E+00  1.99E+00  4.28E-01  2.34E+00  0.00  1.00 4
  47  8.65E-01  6.12E+00  2.74E+00  4.06E-01  2.47E+00  0.00  1.00 4
  48  2.53E+00  1.58E+01  8.79E+00  1.28E+00  7.81E-01  0.00  1.00 4
  49  1.57E+00  1.61E+01  6.94E+00  1.58E+00  6.35E-01  0.00  1.00 4
  50  2.45E-01  4.57E+00  1.78E+00  3.33E-01  3.00E+00  0.00  1.00 4
  51  2.84E+00  1.57E+01  8.71E+00  1.28E+00  7.82E-01  0.00  1.00 4
  52  1.48E+00  1.41E+01  5.96E+00  1.34E+00  7.46E-01  0.00  1.00 4
  53  2.95E-01  2.16E+00  7.69E-01  1.64E-01  6.08E+00  0.00  1.00 4
  54  6.12E-01  4.74E+00  2.44E+00  3.84E-01  2.61E+00  0.00  1.00 4
  55  4.30E-01  4.73E+00  2.01E+00  4.76E-01  2.10E+00  0.00  1.00 4
  56  3.34E-02  8.33E-01  1.73E-01  8.80E-02  1.14E+01  0.00  1.00 4
  57  8.27E-01  3.95E+00  2.25E+00  3.13E-01  3.20E+00  0.00  1.00 4
  58  3.12E-01  2.77E+00  1.11E+00  2.63E-01  3.80E+00  0.00  1.00 4
  59  2.66E-02  5.68E-01  2.09E-01  4.91E-02  2.04E+01  0.00  1.00 4
  60  7.25E-02  1.10E+00  4.58E-01  1.03E-01  9.67E+00  0.00  1.00 4
  61  5.93E-03  1.25E+00  2.45E-01  1.10E-01  9.09E+00  0.00  1.00 4
  62  3.60E-03  3.91E-01  8.91E-02  3.19E-02  3.14E+01  0.00  1.00 4
  63  7.25E-02  1.09E+00  4.46E-01  1.02E-01  9.84E+00  0.00  1.00 4
  64  5.47E-03  9.86E-01  1.95E-01  8.68E-02  1.15E+01  0.00  1.00 4
  65  1.74E-04  5.69E-02  3.93E-03  6.00E-03  1.67E+02  0.00  1.00 4
  66  2.10E-02  2.27E-01  9.55E-02  2.06E-02  4.86E+01  0.00  1.00 4
-------------------------------------------------------------------------------
*******************************************************************************

*** SETUP: NEURAL NETWORK WEIGHTS *********************************************

Short range weight file name format: weights.%03zu.data
Setting weights for element  S from file: weights.016.data
Setting weights for element Cu from file: weights.029.data
*******************************************************************************

*** SETUP: SYMMETRY FUNCTION STATISTICS ***************************************

Equal symmetry function statistics for all elements.
Collect min/max/mean/sigma                        : 0
Collect extrapolation warnings                    : 0
Write extrapolation warnings immediately to stderr: 1
Halt on any extrapolation warning                 : 0
*******************************************************************************

*** PREDICTION ****************************************************************

Reading structure file...
Structure contains 144 atoms (2 elements).
Calculating NNP prediction...

-------------------------------------------------------------------------------
NNP         total energy:  -5.74211852E+02

NNP forces:
         1  S   3.85750264E-02  -1.26238938E-01  -2.10776825E-01
         2 Cu  -6.81655289E-02   4.00033889E-02   8.50552738E-02
         3 Cu   3.86522303E-03   1.84424172E-02  -1.88533801E-02
         4 Cu   3.51326859E-02   6.49768215E-02   3.46222992E-02
         5  S   5.38422914E-03   7.94736835E-03   4.36408407E-02
         6  S   1.38910228E-01   5.28026425E-03  -6.79166598E-02
         7  S   1.16544235E-01   1.85314976E-01  -2.47025768E-02
         8  S  -2.12854656E-01  -9.70449847E-02  -5.79780522E-02
         9 Cu   6.65296774E-03   1.38366837E-02   3.89401125E-02
        10 Cu   2.40924374E-02  -8.77416036E-02   2.77066709E-04
        11 Cu   1.82387973E-02  -1.89943080E-02   1.66948462E-02
        12 Cu   6.67537930E-02   5.34377504E-02  -7.27581926E-02
        13 Cu   2.84882406E-03   3.80850490E-02  -8.37360959E-02
        14  S   6.89154951E-02  -9.30332691E-03   9.10028467E-02
        15 Cu  -8.87856893E-02  -1.95001976E-02  -8.17503332E-02
        16 Cu  -9.72450209E-03   4.35738963E-02  -2.27410171E-02
        17 Cu   1.73722255E-02  -9.58831651E-04   6.54801482E-02
        18 Cu   3.63726527E-02  -2.07331558E-02   3.39205395E-02
        19  S  -2.41798504E-02   5.75574768E-02  -6.17422088E-02
        20  S   4.40770414E-02   1.83002373E-02  -7.55056365E-02
        21 Cu   2.18104067E-02   6.15558044E-03  -4.95172360E-02
        22 Cu   3.78602007E-02   4.34256989E-02  -2.97641709E-02
        23 Cu  -1.02409643E-02   2.73844803E-02   1.09635171E-01
        24 Cu   2.48259506E-03  -7.77586229E-02  -4.52367461E-02
        25  S   8.23175314E-02   8.42205232E-04  -5.59914064E-02
        26  S   6.98510414E-02   2.42807178E-02  -4.82846509E-02
        27 Cu  -2.18104067E-02   6.15558044E-03   4.95172360E-02
        28 Cu  -9.51898404E-02   4.34851557E-02  -2.91253170E-02
        29 Cu   1.02409643E-02   2.73844803E-02  -1.09635171E-01
        30 Cu  -1.73722255E-02  -9.58831651E-04  -6.54801482E-02
        31 Cu  -2.48259506E-03  -7.77586229E-02   4.52367461E-02
        32  S  -6.89154951E-02  -9.30332691E-03  -9.10028467E-02
        33  S   1.05093008E-01  -9.90010719E-02  -5.35462882E-02
        34 Cu   8.87856893E-02  -1.95001976E-02   8.17503332E-02
        35 Cu   9.72450209E-03   4.35738963E-02   2.27410171E-02
        36 Cu   9.79714786E-02  -6.37399770E-02   6.89960114E-02
        37 Cu  -2.40924374E-02  -8.77416036E-02  -2.77066709E-04
        38 Cu  -2.84882406E-03   3.80850490E-02   8.37360959E-02
        39 Cu  -2.54935221E-02   1.09588989E-01  -2.66515868E-02
        40  S  -1.16544235E-01   1.85314976E-01   2.47025768E-02
        41  S   2.12854656E-01  -9.70449847E-02   5.79780522E-02
        42 Cu  -1.62618121E-02   7.78983107E-02  -6.25770582E-02
        43 Cu  -3.48384245E-02  -4.14468072E-02  -9.66487455E-02
        44 Cu   1.19936237E-01  -1.31874932E-01  -2.35356529E-02
        45  S  -5.12885280E-02  -4.80842642E-02  -6.95605943E-03
        46 Cu   2.49660966E-02  -1.56859316E-02   3.90993275E-02
        47 Cu   4.43807086E-02  -2.75935762E-03  -1.42183862E-02
        48 Cu   6.81655289E-02   4.00033889E-02  -8.50552738E-02
        49 Cu  -3.51326859E-02   6.49768215E-02  -3.46222992E-02
        50  S   3.85750264E-02   1.26238938E-01  -2.10776825E-01
        51  S   5.12885280E-02  -4.80842642E-02   6.95605943E-03
        52 Cu   6.65296774E-03  -1.38366837E-02   3.89401125E-02
        53 Cu  -2.49660966E-02  -1.56859316E-02  -3.90993275E-02
        54 Cu  -4.43807086E-02  -2.75935762E-03   1.42183862E-02
        55 Cu  -1.19936237E-01  -1.31874932E-01   2.35356529E-02
        56 Cu   1.82387973E-02   1.89943080E-02   1.66948462E-02
        57 Cu   6.67537930E-02  -5.34377504E-02  -7.27581926E-02
        58 Cu   3.86522303E-03  -1.84424172E-02  -1.88533801E-02
        59  S   5.38422914E-03  -7.94736835E-03   4.36408407E-02
        60  S   1.38910228E-01  -5.28026425E-03  -6.79166598E-02
        61  S  -1.05093008E-01  -9.90010719E-02   5.35462882E-02
        62 Cu   1.62618121E-02   7.78983107E-02   6.25770582E-02
        63 Cu   3.48384245E-02  -4.14468072E-02   9.66487455E-02
        64  S  -2.41798504E-02  -5.75574768E-02  -6.17422088E-02
        65  S   4.40770414E-02  -1.83002373E-02  -7.55056365E-02
        66 Cu  -9.79714786E-02  -6.37399770E-02  -6.89960114E-02
        67 Cu   2.54935221E-02   1.09588989E-01   2.66515868E-02
        68 Cu   3.63726527E-02   2.07331558E-02   3.39205395E-02
        69  S  -8.23175314E-02   8.42205232E-04   5.59914064E-02
        70  S  -6.98510414E-02   2.42807178E-02   4.82846509E-02
        71 Cu   9.51898404E-02   4.34851557E-02   2.91253170E-02
        72 Cu   3.78602007E-02  -4.34256989E-02  -2.97641709E-02
        73  S   8.23175314E-02  -8.42205232E-04  -5.59914064E-02
        74  S   6.98510414E-02  -2.42807178E-02  -4.82846509E-02
        75 Cu  -9.51898404E-02  -4.34851557E-02  -2.91253170E-02
        76 Cu  -3.78602007E-02   4.34256989E-02   2.97641709E-02
        77  S   2.41798504E-02   5.75574768E-02   6.17422088E-02
        78  S  -4.40770414E-02   1.83002373E-02   7.55056365E-02
        79 Cu   9.79714786E-02   6.37399770E-02   6.89960114E-02
        80 Cu  -2.54935221E-02  -1.09588989E-01  -2.66515868E-02
        81 Cu  -3.63726527E-02  -2.07331558E-02  -3.39205395E-02
        82  S  -5.38422914E-03   7.94736835E-03  -4.36408407E-02
        83  S  -1.38910228E-01   5.28026425E-03   6.79166598E-02
        84  S   1.05093008E-01   9.90010719E-02  -5.35462882E-02
        85 Cu  -1.62618121E-02  -7.78983107E-02  -6.25770582E-02
        86 Cu  -3.48384245E-02   4.14468072E-02  -9.66487455E-02
        87  S  -5.12885280E-02   4.80842642E-02  -6.95605943E-03
        88 Cu  -6.65296774E-03   1.38366837E-02  -3.89401125E-02
        89 Cu   2.49660966E-02   1.56859316E-02   3.90993275E-02
        90 Cu   4.43807086E-02   2.75935762E-03  -1.42183862E-02
        91 Cu   1.19936237E-01   1.31874932E-01  -2.35356529E-02
        92 Cu  -1.82387973E-02  -1.89943080E-02  -1.66948462E-02
        93 Cu  -6.67537930E-02   5.34377504E-02   7.27581926E-02
        94 Cu  -3.86522303E-03   1.84424172E-02   1.88533801E-02
        95  S  -3.85750264E-02  -1.26238938E-01   2.10776825E-01
        96  S   5.12885280E-02   4.80842642E-02   6.95605943E-03
        97 Cu  -2.49660966E-02   1.56859316E-02  -3.90993275E-02
        98 Cu  -4.43807086E-02   2.75935762E-03   1.42183862E-02
        99 Cu  -6.81655289E-02  -4.00033889E-02   8.50552738E-02
       100 Cu   3.51326859E-02  -6.49768215E-02   3.46222992E-02
       101  S   1.16544235E-01  -1.85314976E-01  -2.47025768E-02
       102  S  -2.12854656E-01   9.70449847E-02  -5.79780522E-02
       103 Cu   1.62618121E-02  -7.78983107E-02   6.25770582E-02
       104 Cu   3.48384245E-02   4.14468072E-02   9.66487455E-02
       105 Cu  -1.19936237E-01   1.31874932E-01   2.35356529E-02
       106  S   6.89154951E-02   9.30332691E-03   9.10028467E-02
       107  S  -1.05093008E-01   9.90010719E-02   5.35462882E-02
       108 Cu  -8.87856893E-02   1.95001976E-02  -8.17503332E-02
       109 Cu  -9.72450209E-03  -4.35738963E-02  -2.27410171E-02
       110 Cu  -9.79714786E-02   6.37399770E-02  -6.89960114E-02
       111 Cu   2.40924374E-02   8.77416036E-02   2.77066709E-04
       112 Cu   2.84882406E-03  -3.80850490E-02  -8.37360959E-02
       113 Cu   2.54935221E-02  -1.09588989E-01   2.66515868E-02
       114  S  -8.23175314E-02  -8.42205232E-04   5.59914064E-02
       115  S  -6.98510414E-02  -2.42807178E-02   4.82846509E-02
       116 Cu   2.18104067E-02  -6.15558044E-03  -4.95172360E-02
       117 Cu   9.51898404E-02  -4.34851557E-02   2.91253170E-02
       118 Cu  -1.02409643E-02  -2.73844803E-02   1.09635171E-01
       119 Cu   1.73722255E-02   9.58831651E-04   6.54801482E-02
       120 Cu   2.48259506E-03   7.77586229E-02  -4.52367461E-02
       121  S   2.41798504E-02  -5.75574768E-02   6.17422088E-02
       122  S  -4.40770414E-02  -1.83002373E-02   7.55056365E-02
       123 Cu  -2.18104067E-02  -6.15558044E-03   4.95172360E-02
       124 Cu  -3.78602007E-02  -4.34256989E-02   2.97641709E-02
       125 Cu   1.02409643E-02  -2.73844803E-02  -1.09635171E-01
       126 Cu  -2.48259506E-03   7.77586229E-02   4.52367461E-02
       127  S  -6.89154951E-02   9.30332691E-03  -9.10028467E-02
       128 Cu   8.87856893E-02   1.95001976E-02   8.17503332E-02
       129 Cu   9.72450209E-03  -4.35738963E-02   2.27410171E-02
       130 Cu  -1.73722255E-02   9.58831651E-04  -6.54801482E-02
       131 Cu  -3.63726527E-02   2.07331558E-02  -3.39205395E-02
       132  S  -5.38422914E-03  -7.94736835E-03  -4.36408407E-02
       133  S  -1.38910228E-01  -5.28026425E-03   6.79166598E-02
       134  S  -1.16544235E-01  -1.85314976E-01   2.47025768E-02
       135  S   2.12854656E-01   9.70449847E-02   5.79780522E-02
       136 Cu  -6.65296774E-03  -1.38366837E-02  -3.89401125E-02
       137 Cu  -2.40924374E-02   8.77416036E-02  -2.77066709E-04
       138 Cu  -1.82387973E-02   1.89943080E-02  -1.66948462E-02
       139 Cu  -6.67537930E-02  -5.34377504E-02   7.27581926E-02
       140 Cu  -2.84882406E-03  -3.80850490E-02   8.37360959E-02
       141  S  -3.85750264E-02   1.26238938E-01   2.10776825E-01
       142 Cu   6.81655289E-02  -4.00033889E-02  -8.50552738E-02
       143 Cu  -3.86522303E-03  -1.84424172E-02   1.88533801E-02
       144 Cu  -3.51326859E-02  -6.49768215E-02  -3.46222992E-02
-------------------------------------------------------------------------------
Writing output files...
 - energy.out
 - nnatoms.out
 - nnforces.out
Writing structure with NNP prediction to "output.data".
Finished.
*******************************************************************************
