################################################################################
# Atomic force comparison (ordered by atom index).
################################################################################
# Col  Name  Description
################################################################################
# 1    conf  Configuration index (starting with 1).
# 2    index Atom index (starting with 1).
# 3    fxRef Reference force in x direction.
# 4    fyRef Reference force in y direction.
# 5    fzRef Reference force in z direction.
# 6    fx    Force in x direction.
# 7    fy    Force in y direction.
# 8    fz    Force in z direction.
###########################################################################################################################################################################
#        1          2                        3                        4                        5                        6                        7                        8
#     conf      index                    fxRef                    fyRef                    fzRef                       fx                       fy                       fz
###########################################################################################################################################################################
         1          1   0.0000000000000000E+00   0.0000000000000000E+00   0.0000000000000000E+00   3.8575026435404697E-02  -1.2623893766776520E-01  -2.1077682456117977E-01
         1          2   0.0000000000000000E+00   0.0000000000000000E+00   0.0000000000000000E+00  -6.8165528851008989E-02   4.0003388941866426E-02   8.5055273832970388E-02
         1          3   0.0000000000000000E+00   0.0000000000000000E+00   0.0000000000000000E+00   3.8652230332857332E-03   1.8442417248149649E-02  -1.8853380106189636E-02
         1          4   0.0000000000000000E+00   0.0000000000000000E+00   0.0000000000000000E+00   3.5132685930784432E-02   6.4976821527355649E-02   3.4622299191006060E-02
         1          5   0.0000000000000000E+00   0.0000000000000000E+00   0.0000000000000000E+00   5.3842291406786640E-03   7.9473683540452443E-03   4.3640840692969973E-02
         1          6   0.0000000000000000E+00   0.0000000000000000E+00   0.0000000000000000E+00   1.3891022839098396E-01   5.2802642514960503E-03  -6.7916659807299287E-02
         1          7   0.0000000000000000E+00   0.0000000000000000E+00   0.0000000000000000E+00   1.1654423453516913E-01   1.8531497577246603E-01  -2.4702576824309787E-02
         1          8   0.0000000000000000E+00   0.0000000000000000E+00   0.0000000000000000E+00  -2.1285465595717529E-01  -9.7044984652252683E-02  -5.7978052243996610E-02
         1          9   0.0000000000000000E+00   0.0000000000000000E+00   0.0000000000000000E+00   6.6529677394324008E-03   1.3836683680031089E-02   3.8940112497423497E-02
         1         10   0.0000000000000000E+00   0.0000000000000000E+00   0.0000000000000000E+00   2.4092437413809439E-02  -8.7741603628365361E-02   2.7706670892676567E-04
         1         11   0.0000000000000000E+00   0.0000000000000000E+00   0.0000000000000000E+00   1.8238797298521237E-02  -1.8994307991030517E-02   1.6694846200176593E-02
         1         12   0.0000000000000000E+00   0.0000000000000000E+00   0.0000000000000000E+00   6.6753792967226083E-02   5.3437750385563976E-02  -7.2758192603642663E-02
         1         13   0.0000000000000000E+00   0.0000000000000000E+00   0.0000000000000000E+00   2.8488240573669096E-03   3.8085048964587705E-02  -8.3736095891885090E-02
         1         14   0.0000000000000000E+00   0.0000000000000000E+00   0.0000000000000000E+00   6.8915495095063173E-02  -9.3033269100108555E-03   9.1002846738377177E-02
         1         15   0.0000000000000000E+00   0.0000000000000000E+00   0.0000000000000000E+00  -8.8785689330578177E-02  -1.9500197615824204E-02  -8.1750333155436603E-02
         1         16   0.0000000000000000E+00   0.0000000000000000E+00   0.0000000000000000E+00  -9.7245020895895280E-03   4.3573896284134730E-02  -2.2741017089704857E-02
         1         17   0.0000000000000000E+00   0.0000000000000000E+00   0.0000000000000000E+00   1.7372225503817913E-02  -9.5883165088870247E-04   6.5480148181242578E-02
         1         18   0.0000000000000000E+00   0.0000000000000000E+00   0.0000000000000000E+00   3.6372652689863720E-02  -2.0733155771904491E-02   3.3920539454628251E-02
         1         19   0.0000000000000000E+00   0.0000000000000000E+00   0.0000000000000000E+00  -2.4179850418327854E-02   5.7557476795929201E-02  -6.1742208833506611E-02
         1         20   0.0000000000000000E+00   0.0000000000000000E+00   0.0000000000000000E+00   4.4077041385168207E-02   1.8300237329763581E-02  -7.5505636498019627E-02
         1         21   0.0000000000000000E+00   0.0000000000000000E+00   0.0000000000000000E+00   2.1810406698867222E-02   6.1555804409121817E-03  -4.9517235985426414E-02
         1         22   0.0000000000000000E+00   0.0000000000000000E+00   0.0000000000000000E+00   3.7860200744456875E-02   4.3425698927744498E-02  -2.9764170913058073E-02
         1         23   0.0000000000000000E+00   0.0000000000000000E+00   0.0000000000000000E+00  -1.0240964281029576E-02   2.7384480293207593E-02   1.0963517096105856E-01
         1         24   0.0000000000000000E+00   0.0000000000000000E+00   0.0000000000000000E+00   2.4825950551992286E-03  -7.7758622902430588E-02  -4.5236746053615301E-02
         1         25   0.0000000000000000E+00   0.0000000000000000E+00   0.0000000000000000E+00   8.2317531355975013E-02   8.4220523167277022E-04  -5.5991406426485056E-02
         1         26   0.0000000000000000E+00   0.0000000000000000E+00   0.0000000000000000E+00   6.9851041379001749E-02   2.4280717778309060E-02  -4.8284650940531491E-02
         1         27   0.0000000000000000E+00   0.0000000000000000E+00   0.0000000000000000E+00  -2.1810406698866417E-02   6.1555804409432957E-03   4.9517235985462045E-02
         1         28   0.0000000000000000E+00   0.0000000000000000E+00   0.0000000000000000E+00  -9.5189840446141982E-02   4.3485155741757778E-02  -2.9125317041406418E-02
         1         29   0.0000000000000000E+00   0.0000000000000000E+00   0.0000000000000000E+00   1.0240964281048709E-02   2.7384480293184903E-02  -1.0963517096107052E-01
         1         30   0.0000000000000000E+00   0.0000000000000000E+00   0.0000000000000000E+00  -1.7372225503790677E-02  -9.5883165091079114E-04  -6.5480148181249115E-02
         1         31   0.0000000000000000E+00   0.0000000000000000E+00   0.0000000000000000E+00  -2.4825950551988639E-03  -7.7758622902408675E-02   4.5236746053645742E-02
         1         32   0.0000000000000000E+00   0.0000000000000000E+00   0.0000000000000000E+00  -6.8915495095076718E-02  -9.3033269099845883E-03  -9.1002846738393720E-02
         1         33   0.0000000000000000E+00   0.0000000000000000E+00   0.0000000000000000E+00   1.0509300772323633E-01  -9.9001071917956804E-02  -5.3546288199583042E-02
         1         34   0.0000000000000000E+00   0.0000000000000000E+00   0.0000000000000000E+00   8.8785689330586129E-02  -1.9500197615827414E-02   8.1750333155435506E-02
         1         35   0.0000000000000000E+00   0.0000000000000000E+00   0.0000000000000000E+00   9.7245020895334062E-03   4.3573896284135404E-02   2.2741017089687149E-02
         1         36   0.0000000000000000E+00   0.0000000000000000E+00   0.0000000000000000E+00   9.7971478638884668E-02  -6.3739976975948728E-02   6.8996011381303055E-02
         1         37   0.0000000000000000E+00   0.0000000000000000E+00   0.0000000000000000E+00  -2.4092437413819102E-02  -8.7741603628361350E-02  -2.7706670892938088E-04
         1         38   0.0000000000000000E+00   0.0000000000000000E+00   0.0000000000000000E+00  -2.8488240573601789E-03   3.8085048964586393E-02   8.3736095891834061E-02
         1         39   0.0000000000000000E+00   0.0000000000000000E+00   0.0000000000000000E+00  -2.5493522140553893E-02   1.0958898889362721E-01  -2.6651586827979107E-02
         1         40   0.0000000000000000E+00   0.0000000000000000E+00   0.0000000000000000E+00  -1.1654423453518402E-01   1.8531497577245229E-01   2.4702576824285137E-02
         1         41   0.0000000000000000E+00   0.0000000000000000E+00   0.0000000000000000E+00   2.1285465595719383E-01  -9.7044984652288183E-02   5.7978052243936186E-02
         1         42   0.0000000000000000E+00   0.0000000000000000E+00   0.0000000000000000E+00  -1.6261812123022114E-02   7.7898310668205115E-02  -6.2577058170688357E-02
         1         43   0.0000000000000000E+00   0.0000000000000000E+00   0.0000000000000000E+00  -3.4838424506326696E-02  -4.1446807246159297E-02  -9.6648745467648581E-02
         1         44   0.0000000000000000E+00   0.0000000000000000E+00   0.0000000000000000E+00   1.1993623727960144E-01  -1.3187493171304776E-01  -2.3535652931539971E-02
         1         45   0.0000000000000000E+00   0.0000000000000000E+00   0.0000000000000000E+00  -5.1288527991526701E-02  -4.8084264200153014E-02  -6.9560594333229276E-03
         1         46   0.0000000000000000E+00   0.0000000000000000E+00   0.0000000000000000E+00   2.4966096598454692E-02  -1.5685931619841807E-02   3.9099327496650925E-02
         1         47   0.0000000000000000E+00   0.0000000000000000E+00   0.0000000000000000E+00   4.4380708644911032E-02  -2.7593576243308071E-03  -1.4218386178072613E-02
         1         48   0.0000000000000000E+00   0.0000000000000000E+00   0.0000000000000000E+00   6.8165528851019952E-02   4.0003388941867585E-02  -8.5055273833003472E-02
         1         49   0.0000000000000000E+00   0.0000000000000000E+00   0.0000000000000000E+00  -3.5132685930769209E-02   6.4976821527283568E-02  -3.4622299190993425E-02
         1         50   0.0000000000000000E+00   0.0000000000000000E+00   0.0000000000000000E+00   3.8575026435358845E-02   1.2623893766776931E-01  -2.1077682456113606E-01
         1         51   0.0000000000000000E+00   0.0000000000000000E+00   0.0000000000000000E+00   5.1288527991482306E-02  -4.8084264200113511E-02   6.9560594333166765E-03
         1         52   0.0000000000000000E+00   0.0000000000000000E+00   0.0000000000000000E+00   6.6529677394198562E-03  -1.3836683680024461E-02   3.8940112497392064E-02
         1         53   0.0000000000000000E+00   0.0000000000000000E+00   0.0000000000000000E+00  -2.4966096598435766E-02  -1.5685931619829729E-02  -3.9099327496619138E-02
         1         54   0.0000000000000000E+00   0.0000000000000000E+00   0.0000000000000000E+00  -4.4380708644952423E-02  -2.7593576243211998E-03   1.4218386178044697E-02
         1         55   0.0000000000000000E+00   0.0000000000000000E+00   0.0000000000000000E+00  -1.1993623727960495E-01  -1.3187493171304354E-01   2.3535652931529316E-02
         1         56   0.0000000000000000E+00   0.0000000000000000E+00   0.0000000000000000E+00   1.8238797298520935E-02   1.8994307991007115E-02   1.6694846200147693E-02
         1         57   0.0000000000000000E+00   0.0000000000000000E+00   0.0000000000000000E+00   6.6753792967226097E-02  -5.3437750385577520E-02  -7.2758192603673499E-02
         1         58   0.0000000000000000E+00   0.0000000000000000E+00   0.0000000000000000E+00   3.8652230332963098E-03  -1.8442417248156082E-02  -1.8853380106173351E-02
         1         59   0.0000000000000000E+00   0.0000000000000000E+00   0.0000000000000000E+00   5.3842291407365361E-03  -7.9473683540682363E-03   4.3640840692954944E-02
         1         60   0.0000000000000000E+00   0.0000000000000000E+00   0.0000000000000000E+00   1.3891022839101461E-01  -5.2802642514940476E-03  -6.7916659807267563E-02
         1         61   0.0000000000000000E+00   0.0000000000000000E+00   0.0000000000000000E+00  -1.0509300772329773E-01  -9.9001071918024847E-02   5.3546288199604726E-02
         1         62   0.0000000000000000E+00   0.0000000000000000E+00   0.0000000000000000E+00   1.6261812123005620E-02   7.7898310668183895E-02   6.2577058170674105E-02
         1         63   0.0000000000000000E+00   0.0000000000000000E+00   0.0000000000000000E+00   3.4838424506323309E-02  -4.1446807246144926E-02   9.6648745467678585E-02
         1         64   0.0000000000000000E+00   0.0000000000000000E+00   0.0000000000000000E+00  -2.4179850418312016E-02  -5.7557476795975851E-02  -6.1742208833541486E-02
         1         65   0.0000000000000000E+00   0.0000000000000000E+00   0.0000000000000000E+00   4.4077041385220075E-02  -1.8300237329767842E-02  -7.5505636497992301E-02
         1         66   0.0000000000000000E+00   0.0000000000000000E+00   0.0000000000000000E+00  -9.7971478638883225E-02  -6.3739976975962398E-02  -6.8996011381301278E-02
         1         67   0.0000000000000000E+00   0.0000000000000000E+00   0.0000000000000000E+00   2.5493522140549948E-02   1.0958898889360481E-01   2.6651586827990455E-02
         1         68   0.0000000000000000E+00   0.0000000000000000E+00   0.0000000000000000E+00   3.6372652689849592E-02   2.0733155771924621E-02   3.3920539454651490E-02
         1         69   0.0000000000000000E+00   0.0000000000000000E+00   0.0000000000000000E+00  -8.2317531355991569E-02   8.4220523164516806E-04   5.5991406426489622E-02
         1         70   0.0000000000000000E+00   0.0000000000000000E+00   0.0000000000000000E+00  -6.9851041378997808E-02   2.4280717778437107E-02   4.8284650940584165E-02
         1         71   0.0000000000000000E+00   0.0000000000000000E+00   0.0000000000000000E+00   9.5189840446163562E-02   4.3485155741746592E-02   2.9125317041433566E-02
         1         72   0.0000000000000000E+00   0.0000000000000000E+00   0.0000000000000000E+00   3.7860200744445148E-02  -4.3425698927734145E-02  -2.9764170913086932E-02
         1         73   0.0000000000000000E+00   0.0000000000000000E+00   0.0000000000000000E+00   8.2317531355900558E-02  -8.4220523168150130E-04  -5.5991406426485230E-02
         1         74   0.0000000000000000E+00   0.0000000000000000E+00   0.0000000000000000E+00   6.9851041378965403E-02  -2.4280717778424978E-02  -4.8284650940571938E-02
         1         75   0.0000000000000000E+00   0.0000000000000000E+00   0.0000000000000000E+00  -9.5189840446152793E-02  -4.3485155741738057E-02  -2.9125317041454914E-02
         1         76   0.0000000000000000E+00   0.0000000000000000E+00   0.0000000000000000E+00  -3.7860200744468685E-02   4.3425698927717013E-02   2.9764170913117227E-02
         1         77   0.0000000000000000E+00   0.0000000000000000E+00   0.0000000000000000E+00   2.4179850418406017E-02   5.7557476795938443E-02   6.1742208833493725E-02
         1         78   0.0000000000000000E+00   0.0000000000000000E+00   0.0000000000000000E+00  -4.4077041385203061E-02   1.8300237329729661E-02   7.5505636498022041E-02
         1         79   0.0000000000000000E+00   0.0000000000000000E+00   0.0000000000000000E+00   9.7971478638889373E-02   6.3739976975953683E-02   6.8996011381309966E-02
         1         80   0.0000000000000000E+00   0.0000000000000000E+00   0.0000000000000000E+00  -2.5493522140551554E-02  -1.0958898889361400E-01  -2.6651586828009551E-02
         1         81   0.0000000000000000E+00   0.0000000000000000E+00   0.0000000000000000E+00  -3.6372652689886771E-02  -2.0733155771889031E-02  -3.3920539454639999E-02
         1         82   0.0000000000000000E+00   0.0000000000000000E+00   0.0000000000000000E+00  -5.3842291407022042E-03   7.9473683540736504E-03  -4.3640840692973568E-02
         1         83   0.0000000000000000E+00   0.0000000000000000E+00   0.0000000000000000E+00  -1.3891022839096007E-01   5.2802642514564882E-03   6.7916659807294624E-02
         1         84   0.0000000000000000E+00   0.0000000000000000E+00   0.0000000000000000E+00   1.0509300772329438E-01   9.9001071918008388E-02  -5.3546288199552344E-02
         1         85   0.0000000000000000E+00   0.0000000000000000E+00   0.0000000000000000E+00  -1.6261812123022631E-02  -7.7898310668199175E-02  -6.2577058170666347E-02
         1         86   0.0000000000000000E+00   0.0000000000000000E+00   0.0000000000000000E+00  -3.4838424506318813E-02   4.1446807246179627E-02  -9.6648745467682290E-02
         1         87   0.0000000000000000E+00   0.0000000000000000E+00   0.0000000000000000E+00  -5.1288527991470184E-02   4.8084264200190373E-02  -6.9560594333045039E-03
         1         88   0.0000000000000000E+00   0.0000000000000000E+00   0.0000000000000000E+00  -6.6529677394182220E-03   1.3836683680060061E-02  -3.8940112497412992E-02
         1         89   0.0000000000000000E+00   0.0000000000000000E+00   0.0000000000000000E+00   2.4966096598471328E-02   1.5685931619835711E-02   3.9099327496662034E-02
         1         90   0.0000000000000000E+00   0.0000000000000000E+00   0.0000000000000000E+00   4.4380708644916639E-02   2.7593576243109649E-03  -1.4218386178071911E-02
         1         91   0.0000000000000000E+00   0.0000000000000000E+00   0.0000000000000000E+00   1.1993623727962588E-01   1.3187493171302841E-01  -2.3535652931529313E-02
         1         92   0.0000000000000000E+00   0.0000000000000000E+00   0.0000000000000000E+00  -1.8238797298537980E-02  -1.8994307990997494E-02  -1.6694846200170702E-02
         1         93   0.0000000000000000E+00   0.0000000000000000E+00   0.0000000000000000E+00  -6.6753792967204448E-02   5.3437750385556163E-02   7.2758192603616267E-02
         1         94   0.0000000000000000E+00   0.0000000000000000E+00   0.0000000000000000E+00  -3.8652230332739314E-03   1.8442417248177360E-02   1.8853380106218145E-02
         1         95   0.0000000000000000E+00   0.0000000000000000E+00   0.0000000000000000E+00  -3.8575026435435172E-02  -1.2623893766774352E-01   2.1077682456118058E-01
         1         96   0.0000000000000000E+00   0.0000000000000000E+00   0.0000000000000000E+00   5.1288527991504039E-02   4.8084264200086463E-02   6.9560594333668430E-03
         1         97   0.0000000000000000E+00   0.0000000000000000E+00   0.0000000000000000E+00  -2.4966096598461277E-02   1.5685931619858148E-02  -3.9099327496640579E-02
         1         98   0.0000000000000000E+00   0.0000000000000000E+00   0.0000000000000000E+00  -4.4380708644982718E-02   2.7593576243428682E-03   1.4218386178045810E-02
         1         99   0.0000000000000000E+00   0.0000000000000000E+00   0.0000000000000000E+00  -6.8165528851031845E-02  -4.0003388941871824E-02   8.5055273832942910E-02
         1        100   0.0000000000000000E+00   0.0000000000000000E+00   0.0000000000000000E+00   3.5132685930797894E-02  -6.4976821527314016E-02   3.4622299191011237E-02
         1        101   0.0000000000000000E+00   0.0000000000000000E+00   0.0000000000000000E+00   1.1654423453515619E-01  -1.8531497577245162E-01  -2.4702576824255411E-02
         1        102   0.0000000000000000E+00   0.0000000000000000E+00   0.0000000000000000E+00  -2.1285465595718980E-01   9.7044984652223193E-02  -5.7978052243973142E-02
         1        103   0.0000000000000000E+00   0.0000000000000000E+00   0.0000000000000000E+00   1.6261812123005665E-02  -7.7898310668203893E-02   6.2577058170677963E-02
         1        104   0.0000000000000000E+00   0.0000000000000000E+00   0.0000000000000000E+00   3.4838424506323767E-02   4.1446807246168338E-02   9.6648745467649885E-02
         1        105   0.0000000000000000E+00   0.0000000000000000E+00   0.0000000000000000E+00  -1.1993623727959538E-01   1.3187493171304790E-01   2.3535652931515667E-02
         1        106   0.0000000000000000E+00   0.0000000000000000E+00   0.0000000000000000E+00   6.8915495095055471E-02   9.3033269099221851E-03   9.1002846738327065E-02
         1        107   0.0000000000000000E+00   0.0000000000000000E+00   0.0000000000000000E+00  -1.0509300772326974E-01   9.9001071917997438E-02   5.3546288199570684E-02
         1        108   0.0000000000000000E+00   0.0000000000000000E+00   0.0000000000000000E+00  -8.8785689330570197E-02   1.9500197615855679E-02  -8.1750333155455837E-02
         1        109   0.0000000000000000E+00   0.0000000000000000E+00   0.0000000000000000E+00  -9.7245020895968363E-03  -4.3573896284101597E-02  -2.2741017089696263E-02
         1        110   0.0000000000000000E+00   0.0000000000000000E+00   0.0000000000000000E+00  -9.7971478638888138E-02   6.3739976975986171E-02  -6.8996011381307579E-02
         1        111   0.0000000000000000E+00   0.0000000000000000E+00   0.0000000000000000E+00   2.4092437413801477E-02   8.7741603628330736E-02   2.7706670892090285E-04
         1        112   0.0000000000000000E+00   0.0000000000000000E+00   0.0000000000000000E+00   2.8488240573689596E-03  -3.8085048964563717E-02  -8.3736095891845816E-02
         1        113   0.0000000000000000E+00   0.0000000000000000E+00   0.0000000000000000E+00   2.5493522140536531E-02  -1.0958898889358019E-01   2.6651586827986993E-02
         1        114   0.0000000000000000E+00   0.0000000000000000E+00   0.0000000000000000E+00  -8.2317531355947257E-02  -8.4220523161196892E-04   5.5991406426530152E-02
         1        115   0.0000000000000000E+00   0.0000000000000000E+00   0.0000000000000000E+00  -6.9851041378937773E-02  -2.4280717778424752E-02   4.8284650940591131E-02
         1        116   0.0000000000000000E+00   0.0000000000000000E+00   0.0000000000000000E+00   2.1810406698870261E-02  -6.1555804409127862E-03  -4.9517235985440229E-02
         1        117   0.0000000000000000E+00   0.0000000000000000E+00   0.0000000000000000E+00   9.5189840446190582E-02  -4.3485155741774736E-02   2.9125317041438344E-02
         1        118   0.0000000000000000E+00   0.0000000000000000E+00   0.0000000000000000E+00  -1.0240964281066472E-02  -2.7384480293213317E-02   1.0963517096108580E-01
         1        119   0.0000000000000000E+00   0.0000000000000000E+00   0.0000000000000000E+00   1.7372225503796863E-02   9.5883165090282301E-04   6.5480148181281117E-02
         1        120   0.0000000000000000E+00   0.0000000000000000E+00   0.0000000000000000E+00   2.4825950552016295E-03   7.7758622902405122E-02  -4.5236746053647713E-02
         1        121   0.0000000000000000E+00   0.0000000000000000E+00   0.0000000000000000E+00   2.4179850418441472E-02  -5.7557476795936292E-02   6.1742208833454604E-02
         1        122   0.0000000000000000E+00   0.0000000000000000E+00   0.0000000000000000E+00  -4.4077041385150950E-02  -1.8300237329751438E-02   7.5505636498039264E-02
         1        123   0.0000000000000000E+00   0.0000000000000000E+00   0.0000000000000000E+00  -2.1810406698846579E-02  -6.1555804408897101E-03   4.9517235985423090E-02
         1        124   0.0000000000000000E+00   0.0000000000000000E+00   0.0000000000000000E+00  -3.7860200744448874E-02  -4.3425698927705099E-02   2.9764170913056266E-02
         1        125   0.0000000000000000E+00   0.0000000000000000E+00   0.0000000000000000E+00   1.0240964281037471E-02  -2.7384480293196602E-02  -1.0963517096104124E-01
         1        126   0.0000000000000000E+00   0.0000000000000000E+00   0.0000000000000000E+00  -2.4825950551709474E-03   7.7758622902405275E-02   4.5236746053627527E-02
         1        127   0.0000000000000000E+00   0.0000000000000000E+00   0.0000000000000000E+00  -6.8915495095088833E-02   9.3033269099795698E-03  -9.1002846738401269E-02
         1        128   0.0000000000000000E+00   0.0000000000000000E+00   0.0000000000000000E+00   8.8785689330580286E-02   1.9500197615823642E-02   8.1750333155466509E-02
         1        129   0.0000000000000000E+00   0.0000000000000000E+00   0.0000000000000000E+00   9.7245020895890665E-03  -4.3573896284091827E-02   2.2741017089707501E-02
         1        130   0.0000000000000000E+00   0.0000000000000000E+00   0.0000000000000000E+00  -1.7372225503803490E-02   9.5883165091392719E-04  -6.5480148181265491E-02
         1        131   0.0000000000000000E+00   0.0000000000000000E+00   0.0000000000000000E+00  -3.6372652689896430E-02   2.0733155771882335E-02  -3.3920539454591017E-02
         1        132   0.0000000000000000E+00   0.0000000000000000E+00   0.0000000000000000E+00  -5.3842291406801766E-03  -7.9473683540782492E-03  -4.3640840692992636E-02
         1        133   0.0000000000000000E+00   0.0000000000000000E+00   0.0000000000000000E+00  -1.3891022839102682E-01  -5.2802642515000844E-03   6.7916659807275265E-02
         1        134   0.0000000000000000E+00   0.0000000000000000E+00   0.0000000000000000E+00  -1.1654423453521590E-01  -1.8531497577248685E-01   2.4702576824253211E-02
         1        135   0.0000000000000000E+00   0.0000000000000000E+00   0.0000000000000000E+00   2.1285465595718792E-01   9.7044984652330413E-02   5.7978052243952534E-02
         1        136   0.0000000000000000E+00   0.0000000000000000E+00   0.0000000000000000E+00  -6.6529677393906139E-03  -1.3836683680036044E-02  -3.8940112497384799E-02
         1        137   0.0000000000000000E+00   0.0000000000000000E+00   0.0000000000000000E+00  -2.4092437413810452E-02   8.7741603628367193E-02  -2.7706670891664633E-04
         1        138   0.0000000000000000E+00   0.0000000000000000E+00   0.0000000000000000E+00  -1.8238797298548593E-02   1.8994307991021111E-02  -1.6694846200151044E-02
         1        139   0.0000000000000000E+00   0.0000000000000000E+00   0.0000000000000000E+00  -6.6753792967233772E-02  -5.3437750385587859E-02   7.2758192603653668E-02
         1        140   0.0000000000000000E+00   0.0000000000000000E+00   0.0000000000000000E+00  -2.8488240573670523E-03  -3.8085048964595164E-02   8.3736095891875417E-02
         1        141   0.0000000000000000E+00   0.0000000000000000E+00   0.0000000000000000E+00  -3.8575026435374353E-02   1.2623893766774716E-01   2.1077682456114502E-01
         1        142   0.0000000000000000E+00   0.0000000000000000E+00   0.0000000000000000E+00   6.8165528851040616E-02  -4.0003388941879270E-02  -8.5055273832981726E-02
         1        143   0.0000000000000000E+00   0.0000000000000000E+00   0.0000000000000000E+00  -3.8652230333074749E-03  -1.8442417248164079E-02   1.8853380106210311E-02
         1        144   0.0000000000000000E+00   0.0000000000000000E+00   0.0000000000000000E+00  -3.5132685930776425E-02  -6.4976821527287634E-02  -3.4622299190992807E-02
