################################################################################
# Energy contributions calculated from NNP.
################################################################################
# Col  Name      Description
################################################################################
# 1    conf      Configuration index (starting with 1).
# 2    index     Atom index (starting with 1).
# 3    Z         Nuclear charge of atom.
# 4    Qref      Reference atomic charge.
# 5    Qnnp      NNP atomic charge.
# 6    Eref_atom Reference atomic energy contribution.
# 7    Ennp_atom Atomic energy contribution (physical units, no mean or offset energy added).
#############################################################################################################################
#        1          2   3                        4                        5                        6                        7
#     conf      index   Z                     Qref                     Qnnp                Eref_atom                Ennp_atom
#############################################################################################################################
         1          1   8   0.0000000000000000E+00   0.0000000000000000E+00   0.0000000000000000E+00  -3.6554555691507185E-01
         1          2   1   0.0000000000000000E+00   0.0000000000000000E+00   0.0000000000000000E+00  -1.7368786216595969E-01
         1          3   8   0.0000000000000000E+00   0.0000000000000000E+00   0.0000000000000000E+00  -3.6517383015261362E-01
         1          4   8   0.0000000000000000E+00   0.0000000000000000E+00   0.0000000000000000E+00  -3.6591814763201208E-01
         1          5   1   0.0000000000000000E+00   0.0000000000000000E+00   0.0000000000000000E+00  -1.7380833911571938E-01
         1          6   1   0.0000000000000000E+00   0.0000000000000000E+00   0.0000000000000000E+00  -1.7372215184178152E-01
         1          7   8   0.0000000000000000E+00   0.0000000000000000E+00   0.0000000000000000E+00  -3.6543272918050729E-01
         1          8   1   0.0000000000000000E+00   0.0000000000000000E+00   0.0000000000000000E+00  -1.7385420523025719E-01
         1          9   1   0.0000000000000000E+00   0.0000000000000000E+00   0.0000000000000000E+00  -1.7394591394729217E-01
         1         10   1   0.0000000000000000E+00   0.0000000000000000E+00   0.0000000000000000E+00  -1.7389117497401982E-01
         1         11   8   0.0000000000000000E+00   0.0000000000000000E+00   0.0000000000000000E+00  -3.6548635934256335E-01
         1         12   1   0.0000000000000000E+00   0.0000000000000000E+00   0.0000000000000000E+00  -1.7377346821453760E-01
         1         13   1   0.0000000000000000E+00   0.0000000000000000E+00   0.0000000000000000E+00  -1.7398981421772547E-01
         1         14   8   0.0000000000000000E+00   0.0000000000000000E+00   0.0000000000000000E+00  -3.6537176608767408E-01
         1         15   8   0.0000000000000000E+00   0.0000000000000000E+00   0.0000000000000000E+00  -3.6555100430104942E-01
         1         16   1   0.0000000000000000E+00   0.0000000000000000E+00   0.0000000000000000E+00  -1.7384505614277246E-01
         1         17   8   0.0000000000000000E+00   0.0000000000000000E+00   0.0000000000000000E+00  -3.6568988549770876E-01
         1         18   1   0.0000000000000000E+00   0.0000000000000000E+00   0.0000000000000000E+00  -1.7374703858424353E-01
         1         19   8   0.0000000000000000E+00   0.0000000000000000E+00   0.0000000000000000E+00  -3.6533985844102007E-01
         1         20   1   0.0000000000000000E+00   0.0000000000000000E+00   0.0000000000000000E+00  -1.7389335875046238E-01
         1         21   1   0.0000000000000000E+00   0.0000000000000000E+00   0.0000000000000000E+00  -1.7394045626968546E-01
         1         22   8   0.0000000000000000E+00   0.0000000000000000E+00   0.0000000000000000E+00  -3.6538096656260172E-01
         1         23   1   0.0000000000000000E+00   0.0000000000000000E+00   0.0000000000000000E+00  -1.7403031709976324E-01
         1         24   1   0.0000000000000000E+00   0.0000000000000000E+00   0.0000000000000000E+00  -1.7387229083231873E-01
         1         25   1   0.0000000000000000E+00   0.0000000000000000E+00   0.0000000000000000E+00  -1.7387490005848980E-01
         1         26   8   0.0000000000000000E+00   0.0000000000000000E+00   0.0000000000000000E+00  -3.6561327622383039E-01
         1         27   1   0.0000000000000000E+00   0.0000000000000000E+00   0.0000000000000000E+00  -1.7384754591324603E-01
         1         28   1   0.0000000000000000E+00   0.0000000000000000E+00   0.0000000000000000E+00  -1.7385809873515543E-01
         1         29   8   0.0000000000000000E+00   0.0000000000000000E+00   0.0000000000000000E+00  -3.6562158677768708E-01
         1         30   1   0.0000000000000000E+00   0.0000000000000000E+00   0.0000000000000000E+00  -1.7381210790728774E-01
         1         31   8   0.0000000000000000E+00   0.0000000000000000E+00   0.0000000000000000E+00  -3.6553496808579916E-01
         1         32   1   0.0000000000000000E+00   0.0000000000000000E+00   0.0000000000000000E+00  -1.7391905477861816E-01
         1         33   8   0.0000000000000000E+00   0.0000000000000000E+00   0.0000000000000000E+00  -3.6549962570547534E-01
         1         34   1   0.0000000000000000E+00   0.0000000000000000E+00   0.0000000000000000E+00  -1.7390035458066816E-01
         1         35   1   0.0000000000000000E+00   0.0000000000000000E+00   0.0000000000000000E+00  -1.7372660246015614E-01
         1         36   8   0.0000000000000000E+00   0.0000000000000000E+00   0.0000000000000000E+00  -3.6538978185172716E-01
         1         37   1   0.0000000000000000E+00   0.0000000000000000E+00   0.0000000000000000E+00  -1.7397148565084439E-01
         1         38   1   0.0000000000000000E+00   0.0000000000000000E+00   0.0000000000000000E+00  -1.7379526610277632E-01
         1         39   8   0.0000000000000000E+00   0.0000000000000000E+00   0.0000000000000000E+00  -3.6532661165462998E-01
         1         40   1   0.0000000000000000E+00   0.0000000000000000E+00   0.0000000000000000E+00  -1.7384840374593352E-01
         1         41   8   0.0000000000000000E+00   0.0000000000000000E+00   0.0000000000000000E+00  -3.6520620052212249E-01
         1         42   1   0.0000000000000000E+00   0.0000000000000000E+00   0.0000000000000000E+00  -1.7393889208666807E-01
         1         43   8   0.0000000000000000E+00   0.0000000000000000E+00   0.0000000000000000E+00  -3.6552707820590402E-01
         1         44   1   0.0000000000000000E+00   0.0000000000000000E+00   0.0000000000000000E+00  -1.7399125610863750E-01
         1         45   8   0.0000000000000000E+00   0.0000000000000000E+00   0.0000000000000000E+00  -3.6528081083971381E-01
         1         46   1   0.0000000000000000E+00   0.0000000000000000E+00   0.0000000000000000E+00  -1.7408800949268857E-01
         1         47   1   0.0000000000000000E+00   0.0000000000000000E+00   0.0000000000000000E+00  -1.7392655060767739E-01
         1         48   8   0.0000000000000000E+00   0.0000000000000000E+00   0.0000000000000000E+00  -3.6523854950820694E-01
         1         49   1   0.0000000000000000E+00   0.0000000000000000E+00   0.0000000000000000E+00  -1.7399104869559695E-01
         1         50   1   0.0000000000000000E+00   0.0000000000000000E+00   0.0000000000000000E+00  -1.7383604727711913E-01
         1         51   1   0.0000000000000000E+00   0.0000000000000000E+00   0.0000000000000000E+00  -1.7395596665633367E-01
         1         52   1   0.0000000000000000E+00   0.0000000000000000E+00   0.0000000000000000E+00  -1.7406667067303075E-01
         1         53   8   0.0000000000000000E+00   0.0000000000000000E+00   0.0000000000000000E+00  -3.6551199443887811E-01
         1         54   1   0.0000000000000000E+00   0.0000000000000000E+00   0.0000000000000000E+00  -1.7392315592099572E-01
         1         55   1   0.0000000000000000E+00   0.0000000000000000E+00   0.0000000000000000E+00  -1.7383338911435781E-01
         1         56   1   0.0000000000000000E+00   0.0000000000000000E+00   0.0000000000000000E+00  -1.7391456275741290E-01
         1         57   8   0.0000000000000000E+00   0.0000000000000000E+00   0.0000000000000000E+00  -3.6557787229965444E-01
         1         58   1   0.0000000000000000E+00   0.0000000000000000E+00   0.0000000000000000E+00  -1.7382771345486603E-01
         1         59   8   0.0000000000000000E+00   0.0000000000000000E+00   0.0000000000000000E+00  -3.6521102789419102E-01
         1         60   1   0.0000000000000000E+00   0.0000000000000000E+00   0.0000000000000000E+00  -1.7405929730413083E-01
         1         61   1   0.0000000000000000E+00   0.0000000000000000E+00   0.0000000000000000E+00  -1.7386776152742311E-01
         1         62   8   0.0000000000000000E+00   0.0000000000000000E+00   0.0000000000000000E+00  -3.6543236765207615E-01
         1         63   1   0.0000000000000000E+00   0.0000000000000000E+00   0.0000000000000000E+00  -1.7399272432385679E-01
         1         64   1   0.0000000000000000E+00   0.0000000000000000E+00   0.0000000000000000E+00  -1.7381466414571917E-01
         1         65   1   0.0000000000000000E+00   0.0000000000000000E+00   0.0000000000000000E+00  -1.7382496598335095E-01
         1         66   1   0.0000000000000000E+00   0.0000000000000000E+00   0.0000000000000000E+00  -1.7372854580758451E-01
         1         67   8   0.0000000000000000E+00   0.0000000000000000E+00   0.0000000000000000E+00  -3.6548486272466052E-01
         1         68   1   0.0000000000000000E+00   0.0000000000000000E+00   0.0000000000000000E+00  -1.7391689621378814E-01
         1         69   1   0.0000000000000000E+00   0.0000000000000000E+00   0.0000000000000000E+00  -1.7401925723044959E-01
         1         70   8   0.0000000000000000E+00   0.0000000000000000E+00   0.0000000000000000E+00  -3.6573550288782908E-01
         1         71   8   0.0000000000000000E+00   0.0000000000000000E+00   0.0000000000000000E+00  -3.6541813898737430E-01
         1         72   1   0.0000000000000000E+00   0.0000000000000000E+00   0.0000000000000000E+00  -1.7374701293912387E-01
         1         73   1   0.0000000000000000E+00   0.0000000000000000E+00   0.0000000000000000E+00  -1.7394674321204670E-01
         1         74   8   0.0000000000000000E+00   0.0000000000000000E+00   0.0000000000000000E+00  -3.6560147374561125E-01
         1         75   1   0.0000000000000000E+00   0.0000000000000000E+00   0.0000000000000000E+00  -1.7388533705565665E-01
         1         76   1   0.0000000000000000E+00   0.0000000000000000E+00   0.0000000000000000E+00  -1.7384399411483759E-01
         1         77   1   0.0000000000000000E+00   0.0000000000000000E+00   0.0000000000000000E+00  -1.7358527207257685E-01
         1         78   1   0.0000000000000000E+00   0.0000000000000000E+00   0.0000000000000000E+00  -1.7378943791987295E-01
         1         79   8   0.0000000000000000E+00   0.0000000000000000E+00   0.0000000000000000E+00  -3.6558992787719463E-01
         1         80   1   0.0000000000000000E+00   0.0000000000000000E+00   0.0000000000000000E+00  -1.7372860914210436E-01
         1         81   1   0.0000000000000000E+00   0.0000000000000000E+00   0.0000000000000000E+00  -1.7387428342957215E-01
         1         82   8   0.0000000000000000E+00   0.0000000000000000E+00   0.0000000000000000E+00  -3.6571760679072612E-01
         1         83   8   0.0000000000000000E+00   0.0000000000000000E+00   0.0000000000000000E+00  -3.6548452257092129E-01
         1         84   1   0.0000000000000000E+00   0.0000000000000000E+00   0.0000000000000000E+00  -1.7394582230917807E-01
         1         85   1   0.0000000000000000E+00   0.0000000000000000E+00   0.0000000000000000E+00  -1.7390447617801838E-01
         1         86   8   0.0000000000000000E+00   0.0000000000000000E+00   0.0000000000000000E+00  -3.6582980018670119E-01
         1         87   1   0.0000000000000000E+00   0.0000000000000000E+00   0.0000000000000000E+00  -1.7374090674712814E-01
         1         88   1   0.0000000000000000E+00   0.0000000000000000E+00   0.0000000000000000E+00  -1.7391980008798830E-01
         1         89   1   0.0000000000000000E+00   0.0000000000000000E+00   0.0000000000000000E+00  -1.7376771286859827E-01
         1         90   1   0.0000000000000000E+00   0.0000000000000000E+00   0.0000000000000000E+00  -1.7386111209256339E-01
         1         91   8   0.0000000000000000E+00   0.0000000000000000E+00   0.0000000000000000E+00  -3.6527829718542948E-01
         1         92   1   0.0000000000000000E+00   0.0000000000000000E+00   0.0000000000000000E+00  -1.7388183382773714E-01
         1         93   1   0.0000000000000000E+00   0.0000000000000000E+00   0.0000000000000000E+00  -1.7396973538979790E-01
         1         94   8   0.0000000000000000E+00   0.0000000000000000E+00   0.0000000000000000E+00  -3.6576227069132583E-01
         1         95   8   0.0000000000000000E+00   0.0000000000000000E+00   0.0000000000000000E+00  -3.6519490207970040E-01
         1         96   1   0.0000000000000000E+00   0.0000000000000000E+00   0.0000000000000000E+00  -1.7416413027022179E-01
         1         97   1   0.0000000000000000E+00   0.0000000000000000E+00   0.0000000000000000E+00  -1.7384591450094933E-01
         1         98   8   0.0000000000000000E+00   0.0000000000000000E+00   0.0000000000000000E+00  -3.6559923951303636E-01
         1         99   1   0.0000000000000000E+00   0.0000000000000000E+00   0.0000000000000000E+00  -1.7394271393876687E-01
         1        100   1   0.0000000000000000E+00   0.0000000000000000E+00   0.0000000000000000E+00  -1.7377025546241145E-01
         1        101   8   0.0000000000000000E+00   0.0000000000000000E+00   0.0000000000000000E+00  -3.6562173448905483E-01
         1        102   1   0.0000000000000000E+00   0.0000000000000000E+00   0.0000000000000000E+00  -1.7384726615034685E-01
         1        103   1   0.0000000000000000E+00   0.0000000000000000E+00   0.0000000000000000E+00  -1.7374116793650249E-01
         1        104   8   0.0000000000000000E+00   0.0000000000000000E+00   0.0000000000000000E+00  -3.6532788574931457E-01
         1        105   1   0.0000000000000000E+00   0.0000000000000000E+00   0.0000000000000000E+00  -1.7398765532904084E-01
         1        106   1   0.0000000000000000E+00   0.0000000000000000E+00   0.0000000000000000E+00  -1.7385592706939465E-01
         1        107   8   0.0000000000000000E+00   0.0000000000000000E+00   0.0000000000000000E+00  -3.6531911825858332E-01
         1        108   1   0.0000000000000000E+00   0.0000000000000000E+00   0.0000000000000000E+00  -1.7388700631387685E-01
         1        109   1   0.0000000000000000E+00   0.0000000000000000E+00   0.0000000000000000E+00  -1.7390166171071864E-01
         1        110   8   0.0000000000000000E+00   0.0000000000000000E+00   0.0000000000000000E+00  -3.6544662834335101E-01
         1        111   1   0.0000000000000000E+00   0.0000000000000000E+00   0.0000000000000000E+00  -1.7389753420661722E-01
         1        112   1   0.0000000000000000E+00   0.0000000000000000E+00   0.0000000000000000E+00  -1.7379893315091907E-01
         1        113   8   0.0000000000000000E+00   0.0000000000000000E+00   0.0000000000000000E+00  -3.6525503168725870E-01
         1        114   1   0.0000000000000000E+00   0.0000000000000000E+00   0.0000000000000000E+00  -1.7403188160246794E-01
         1        115   1   0.0000000000000000E+00   0.0000000000000000E+00   0.0000000000000000E+00  -1.7399122695298871E-01
         1        116   8   0.0000000000000000E+00   0.0000000000000000E+00   0.0000000000000000E+00  -3.6558388708790723E-01
         1        117   1   0.0000000000000000E+00   0.0000000000000000E+00   0.0000000000000000E+00  -1.7372115746966671E-01
         1        118   1   0.0000000000000000E+00   0.0000000000000000E+00   0.0000000000000000E+00  -1.7391141900130513E-01
         1        119   1   0.0000000000000000E+00   0.0000000000000000E+00   0.0000000000000000E+00  -1.7375565331922266E-01
         1        120   8   0.0000000000000000E+00   0.0000000000000000E+00   0.0000000000000000E+00  -3.6555988905047537E-01
         1        121   1   0.0000000000000000E+00   0.0000000000000000E+00   0.0000000000000000E+00  -1.7386997507918181E-01
         1        122   1   0.0000000000000000E+00   0.0000000000000000E+00   0.0000000000000000E+00  -1.7394298384511941E-01
         1        123   8   0.0000000000000000E+00   0.0000000000000000E+00   0.0000000000000000E+00  -3.6556876060443788E-01
         1        124   1   0.0000000000000000E+00   0.0000000000000000E+00   0.0000000000000000E+00  -1.7385118283052592E-01
         1        125   8   0.0000000000000000E+00   0.0000000000000000E+00   0.0000000000000000E+00  -3.6543372016061526E-01
         1        126   1   0.0000000000000000E+00   0.0000000000000000E+00   0.0000000000000000E+00  -1.7402090275050985E-01
         1        127   1   0.0000000000000000E+00   0.0000000000000000E+00   0.0000000000000000E+00  -1.7378918199236004E-01
         1        128   8   0.0000000000000000E+00   0.0000000000000000E+00   0.0000000000000000E+00  -3.6544071931399202E-01
         1        129   1   0.0000000000000000E+00   0.0000000000000000E+00   0.0000000000000000E+00  -1.7398026892607860E-01
         1        130   1   0.0000000000000000E+00   0.0000000000000000E+00   0.0000000000000000E+00  -1.7383449697682993E-01
         1        131   8   0.0000000000000000E+00   0.0000000000000000E+00   0.0000000000000000E+00  -3.6569264006056956E-01
         1        132   1   0.0000000000000000E+00   0.0000000000000000E+00   0.0000000000000000E+00  -1.7377789944741245E-01
         1        133   1   0.0000000000000000E+00   0.0000000000000000E+00   0.0000000000000000E+00  -1.7360340390531481E-01
         1        134   8   0.0000000000000000E+00   0.0000000000000000E+00   0.0000000000000000E+00  -3.6540235122807868E-01
         1        135   1   0.0000000000000000E+00   0.0000000000000000E+00   0.0000000000000000E+00  -1.7379672042053124E-01
         1        136   1   0.0000000000000000E+00   0.0000000000000000E+00   0.0000000000000000E+00  -1.7403043247759264E-01
         1        137   1   0.0000000000000000E+00   0.0000000000000000E+00   0.0000000000000000E+00  -1.7392845968327950E-01
         1        138   8   0.0000000000000000E+00   0.0000000000000000E+00   0.0000000000000000E+00  -3.6558026418169554E-01
         1        139   1   0.0000000000000000E+00   0.0000000000000000E+00   0.0000000000000000E+00  -1.7379429269451124E-01
         1        140   1   0.0000000000000000E+00   0.0000000000000000E+00   0.0000000000000000E+00  -1.7386263064345994E-01
         1        141   8   0.0000000000000000E+00   0.0000000000000000E+00   0.0000000000000000E+00  -3.6564150839795295E-01
         1        142   1   0.0000000000000000E+00   0.0000000000000000E+00   0.0000000000000000E+00  -1.7391413223671814E-01
         1        143   8   0.0000000000000000E+00   0.0000000000000000E+00   0.0000000000000000E+00  -3.6541963473095368E-01
         1        144   1   0.0000000000000000E+00   0.0000000000000000E+00   0.0000000000000000E+00  -1.7395206354395013E-01
         1        145   1   0.0000000000000000E+00   0.0000000000000000E+00   0.0000000000000000E+00  -1.7396109777618621E-01
         1        146   1   0.0000000000000000E+00   0.0000000000000000E+00   0.0000000000000000E+00  -1.7398271809301771E-01
         1        147   1   0.0000000000000000E+00   0.0000000000000000E+00   0.0000000000000000E+00  -1.7400642650736298E-01
         1        148   8   0.0000000000000000E+00   0.0000000000000000E+00   0.0000000000000000E+00  -3.6602184103023927E-01
         1        149   1   0.0000000000000000E+00   0.0000000000000000E+00   0.0000000000000000E+00  -1.7367495405211580E-01
         1        150   1   0.0000000000000000E+00   0.0000000000000000E+00   0.0000000000000000E+00  -1.7360676438369044E-01
         1        151   8   0.0000000000000000E+00   0.0000000000000000E+00   0.0000000000000000E+00  -3.6536408663350844E-01
         1        152   8   0.0000000000000000E+00   0.0000000000000000E+00   0.0000000000000000E+00  -3.6556506650343390E-01
         1        153   1   0.0000000000000000E+00   0.0000000000000000E+00   0.0000000000000000E+00  -1.7399220131920157E-01
         1        154   1   0.0000000000000000E+00   0.0000000000000000E+00   0.0000000000000000E+00  -1.7374058414660573E-01
         1        155   1   0.0000000000000000E+00   0.0000000000000000E+00   0.0000000000000000E+00  -1.7378153512089409E-01
         1        156   8   0.0000000000000000E+00   0.0000000000000000E+00   0.0000000000000000E+00  -3.6535098026289875E-01
         1        157   1   0.0000000000000000E+00   0.0000000000000000E+00   0.0000000000000000E+00  -1.7391275035003451E-01
         1        158   1   0.0000000000000000E+00   0.0000000000000000E+00   0.0000000000000000E+00  -1.7394331377377176E-01
         1        159   8   0.0000000000000000E+00   0.0000000000000000E+00   0.0000000000000000E+00  -3.6543690723117472E-01
         1        160   1   0.0000000000000000E+00   0.0000000000000000E+00   0.0000000000000000E+00  -1.7390778086321221E-01
         1        161   1   0.0000000000000000E+00   0.0000000000000000E+00   0.0000000000000000E+00  -1.7388781036493925E-01
         1        162   8   0.0000000000000000E+00   0.0000000000000000E+00   0.0000000000000000E+00  -3.6542656966152182E-01
         1        163   1   0.0000000000000000E+00   0.0000000000000000E+00   0.0000000000000000E+00  -1.7385266734060942E-01
         1        164   1   0.0000000000000000E+00   0.0000000000000000E+00   0.0000000000000000E+00  -1.7393857284538974E-01
         1        165   1   0.0000000000000000E+00   0.0000000000000000E+00   0.0000000000000000E+00  -1.7385952505410743E-01
         1        166   1   0.0000000000000000E+00   0.0000000000000000E+00   0.0000000000000000E+00  -1.7388221480151833E-01
         1        167   1   0.0000000000000000E+00   0.0000000000000000E+00   0.0000000000000000E+00  -1.7396069160070937E-01
         1        168   8   0.0000000000000000E+00   0.0000000000000000E+00   0.0000000000000000E+00  -3.6549364429344755E-01
         1        169   1   0.0000000000000000E+00   0.0000000000000000E+00   0.0000000000000000E+00  -1.7380835040217060E-01
         1        170   8   0.0000000000000000E+00   0.0000000000000000E+00   0.0000000000000000E+00  -3.6543131588475108E-01
         1        171   1   0.0000000000000000E+00   0.0000000000000000E+00   0.0000000000000000E+00  -1.7392938796124202E-01
         1        172   8   0.0000000000000000E+00   0.0000000000000000E+00   0.0000000000000000E+00  -3.6546468382815472E-01
         1        173   1   0.0000000000000000E+00   0.0000000000000000E+00   0.0000000000000000E+00  -1.7393221956331281E-01
         1        174   1   0.0000000000000000E+00   0.0000000000000000E+00   0.0000000000000000E+00  -1.7392158062006483E-01
         1        175   8   0.0000000000000000E+00   0.0000000000000000E+00   0.0000000000000000E+00  -3.6531191250841227E-01
         1        176   1   0.0000000000000000E+00   0.0000000000000000E+00   0.0000000000000000E+00  -1.7392088862226474E-01
         1        177   1   0.0000000000000000E+00   0.0000000000000000E+00   0.0000000000000000E+00  -1.7386299049444418E-01
         1        178   1   0.0000000000000000E+00   0.0000000000000000E+00   0.0000000000000000E+00  -1.7373122776996902E-01
         1        179   1   0.0000000000000000E+00   0.0000000000000000E+00   0.0000000000000000E+00  -1.7384812065063462E-01
         1        180   8   0.0000000000000000E+00   0.0000000000000000E+00   0.0000000000000000E+00  -3.6547371974731480E-01
         1        181   1   0.0000000000000000E+00   0.0000000000000000E+00   0.0000000000000000E+00  -1.7397230157732144E-01
         1        182   1   0.0000000000000000E+00   0.0000000000000000E+00   0.0000000000000000E+00  -1.7379910488954509E-01
         1        183   8   0.0000000000000000E+00   0.0000000000000000E+00   0.0000000000000000E+00  -3.6573020662590533E-01
         1        184   1   0.0000000000000000E+00   0.0000000000000000E+00   0.0000000000000000E+00  -1.7369347523405626E-01
         1        185   1   0.0000000000000000E+00   0.0000000000000000E+00   0.0000000000000000E+00  -1.7369673609185726E-01
         1        186   1   0.0000000000000000E+00   0.0000000000000000E+00   0.0000000000000000E+00  -1.7398019160841768E-01
         1        187   1   0.0000000000000000E+00   0.0000000000000000E+00   0.0000000000000000E+00  -1.7399979178005587E-01
         1        188   8   0.0000000000000000E+00   0.0000000000000000E+00   0.0000000000000000E+00  -3.6544448480855474E-01
         1        189   1   0.0000000000000000E+00   0.0000000000000000E+00   0.0000000000000000E+00  -1.7395094324189486E-01
         1        190   1   0.0000000000000000E+00   0.0000000000000000E+00   0.0000000000000000E+00  -1.7388328349362495E-01
         1        191   1   0.0000000000000000E+00   0.0000000000000000E+00   0.0000000000000000E+00  -1.7389788296628725E-01
         1        192   1   0.0000000000000000E+00   0.0000000000000000E+00   0.0000000000000000E+00  -1.7380950226591893E-01
         1        193   8   0.0000000000000000E+00   0.0000000000000000E+00   0.0000000000000000E+00  -3.6551353568677353E-01
         1        194   1   0.0000000000000000E+00   0.0000000000000000E+00   0.0000000000000000E+00  -1.7386074113672162E-01
         1        195   8   0.0000000000000000E+00   0.0000000000000000E+00   0.0000000000000000E+00  -3.6562950570117186E-01
         1        196   1   0.0000000000000000E+00   0.0000000000000000E+00   0.0000000000000000E+00  -1.7388539167381842E-01
         1        197   1   0.0000000000000000E+00   0.0000000000000000E+00   0.0000000000000000E+00  -1.7371234513161271E-01
         1        198   1   0.0000000000000000E+00   0.0000000000000000E+00   0.0000000000000000E+00  -1.7384448598104638E-01
         1        199   1   0.0000000000000000E+00   0.0000000000000000E+00   0.0000000000000000E+00  -1.7389969981679343E-01
         1        200   8   0.0000000000000000E+00   0.0000000000000000E+00   0.0000000000000000E+00  -3.6546818251425656E-01
         1        201   1   0.0000000000000000E+00   0.0000000000000000E+00   0.0000000000000000E+00  -1.7369362981735204E-01
         1        202   1   0.0000000000000000E+00   0.0000000000000000E+00   0.0000000000000000E+00  -1.7394813679462245E-01
         1        203   8   0.0000000000000000E+00   0.0000000000000000E+00   0.0000000000000000E+00  -3.6551704777859523E-01
         1        204   1   0.0000000000000000E+00   0.0000000000000000E+00   0.0000000000000000E+00  -1.7382541736488630E-01
         1        205   8   0.0000000000000000E+00   0.0000000000000000E+00   0.0000000000000000E+00  -3.6529234963160484E-01
         1        206   1   0.0000000000000000E+00   0.0000000000000000E+00   0.0000000000000000E+00  -1.7390493339097363E-01
         1        207   1   0.0000000000000000E+00   0.0000000000000000E+00   0.0000000000000000E+00  -1.7403435051645669E-01
         1        208   1   0.0000000000000000E+00   0.0000000000000000E+00   0.0000000000000000E+00  -1.7379174965473762E-01
         1        209   1   0.0000000000000000E+00   0.0000000000000000E+00   0.0000000000000000E+00  -1.7377310628609682E-01
         1        210   8   0.0000000000000000E+00   0.0000000000000000E+00   0.0000000000000000E+00  -3.6526190047308910E-01
         1        211   1   0.0000000000000000E+00   0.0000000000000000E+00   0.0000000000000000E+00  -1.7398633775738134E-01
         1        212   1   0.0000000000000000E+00   0.0000000000000000E+00   0.0000000000000000E+00  -1.7403101441276950E-01
         1        213   1   0.0000000000000000E+00   0.0000000000000000E+00   0.0000000000000000E+00  -1.7380638342330135E-01
         1        214   1   0.0000000000000000E+00   0.0000000000000000E+00   0.0000000000000000E+00  -1.7371940272523045E-01
         1        215   8   0.0000000000000000E+00   0.0000000000000000E+00   0.0000000000000000E+00  -3.6560075908408468E-01
         1        216   8   0.0000000000000000E+00   0.0000000000000000E+00   0.0000000000000000E+00  -3.6549497169441081E-01
         1        217   1   0.0000000000000000E+00   0.0000000000000000E+00   0.0000000000000000E+00  -1.7385515659378500E-01
         1        218   1   0.0000000000000000E+00   0.0000000000000000E+00   0.0000000000000000E+00  -1.7383903129216832E-01
         1        219   1   0.0000000000000000E+00   0.0000000000000000E+00   0.0000000000000000E+00  -1.7371224286294826E-01
         1        220   8   0.0000000000000000E+00   0.0000000000000000E+00   0.0000000000000000E+00  -3.6530652116841411E-01
         1        221   1   0.0000000000000000E+00   0.0000000000000000E+00   0.0000000000000000E+00  -1.7390394548517321E-01
         1        222   1   0.0000000000000000E+00   0.0000000000000000E+00   0.0000000000000000E+00  -1.7401283815025276E-01
         1        223   8   0.0000000000000000E+00   0.0000000000000000E+00   0.0000000000000000E+00  -3.6548453918824592E-01
         1        224   1   0.0000000000000000E+00   0.0000000000000000E+00   0.0000000000000000E+00  -1.7390381428631851E-01
         1        225   1   0.0000000000000000E+00   0.0000000000000000E+00   0.0000000000000000E+00  -1.7393647939524401E-01
         1        226   1   0.0000000000000000E+00   0.0000000000000000E+00   0.0000000000000000E+00  -1.7389313094938652E-01
         1        227   1   0.0000000000000000E+00   0.0000000000000000E+00   0.0000000000000000E+00  -1.7371718385344190E-01
         1        228   1   0.0000000000000000E+00   0.0000000000000000E+00   0.0000000000000000E+00  -1.7383803367198089E-01
         1        229   8   0.0000000000000000E+00   0.0000000000000000E+00   0.0000000000000000E+00  -3.6541691763986395E-01
         1        230   1   0.0000000000000000E+00   0.0000000000000000E+00   0.0000000000000000E+00  -1.7384296478584274E-01
         1        231   1   0.0000000000000000E+00   0.0000000000000000E+00   0.0000000000000000E+00  -1.7390172175095395E-01
         1        232   8   0.0000000000000000E+00   0.0000000000000000E+00   0.0000000000000000E+00  -3.6524730785176657E-01
         1        233   1   0.0000000000000000E+00   0.0000000000000000E+00   0.0000000000000000E+00  -1.7400261541926071E-01
         1        234   1   0.0000000000000000E+00   0.0000000000000000E+00   0.0000000000000000E+00  -1.7400198521540150E-01
         1        235   1   0.0000000000000000E+00   0.0000000000000000E+00   0.0000000000000000E+00  -1.7370642351045268E-01
         1        236   8   0.0000000000000000E+00   0.0000000000000000E+00   0.0000000000000000E+00  -3.6552015144257838E-01
         1        237   1   0.0000000000000000E+00   0.0000000000000000E+00   0.0000000000000000E+00  -1.7372832972418806E-01
         1        238   1   0.0000000000000000E+00   0.0000000000000000E+00   0.0000000000000000E+00  -1.7386985969568558E-01
         1        239   8   0.0000000000000000E+00   0.0000000000000000E+00   0.0000000000000000E+00  -3.6536838281865480E-01
         1        240   1   0.0000000000000000E+00   0.0000000000000000E+00   0.0000000000000000E+00  -1.7390680050023360E-01
         1        241   1   0.0000000000000000E+00   0.0000000000000000E+00   0.0000000000000000E+00  -1.7400503676027415E-01
         1        242   8   0.0000000000000000E+00   0.0000000000000000E+00   0.0000000000000000E+00  -3.6563361082940882E-01
         1        243   1   0.0000000000000000E+00   0.0000000000000000E+00   0.0000000000000000E+00  -1.7370043475938446E-01
         1        244   1   0.0000000000000000E+00   0.0000000000000000E+00   0.0000000000000000E+00  -1.7393932215505822E-01
         1        245   1   0.0000000000000000E+00   0.0000000000000000E+00   0.0000000000000000E+00  -1.7390046609208229E-01
         1        246   8   0.0000000000000000E+00   0.0000000000000000E+00   0.0000000000000000E+00  -3.6536603649686505E-01
         1        247   1   0.0000000000000000E+00   0.0000000000000000E+00   0.0000000000000000E+00  -1.7389359507897847E-01
         1        248   1   0.0000000000000000E+00   0.0000000000000000E+00   0.0000000000000000E+00  -1.7393346022865033E-01
         1        249   8   0.0000000000000000E+00   0.0000000000000000E+00   0.0000000000000000E+00  -3.6526233462625080E-01
         1        250   1   0.0000000000000000E+00   0.0000000000000000E+00   0.0000000000000000E+00  -1.7394123152896818E-01
         1        251   1   0.0000000000000000E+00   0.0000000000000000E+00   0.0000000000000000E+00  -1.7374574962895104E-01
         1        252   8   0.0000000000000000E+00   0.0000000000000000E+00   0.0000000000000000E+00  -3.6525585976570119E-01
         1        253   1   0.0000000000000000E+00   0.0000000000000000E+00   0.0000000000000000E+00  -1.7382450875789088E-01
         1        254   8   0.0000000000000000E+00   0.0000000000000000E+00   0.0000000000000000E+00  -3.6565144710250691E-01
         1        255   1   0.0000000000000000E+00   0.0000000000000000E+00   0.0000000000000000E+00  -1.7378711024891172E-01
         1        256   1   0.0000000000000000E+00   0.0000000000000000E+00   0.0000000000000000E+00  -1.7386038186563280E-01
         1        257   1   0.0000000000000000E+00   0.0000000000000000E+00   0.0000000000000000E+00  -1.7385957971654417E-01
         1        258   8   0.0000000000000000E+00   0.0000000000000000E+00   0.0000000000000000E+00  -3.6538011482615812E-01
         1        259   1   0.0000000000000000E+00   0.0000000000000000E+00   0.0000000000000000E+00  -1.7395611576187331E-01
         1        260   8   0.0000000000000000E+00   0.0000000000000000E+00   0.0000000000000000E+00  -3.6552649915165553E-01
         1        261   1   0.0000000000000000E+00   0.0000000000000000E+00   0.0000000000000000E+00  -1.7384489880816684E-01
         1        262   8   0.0000000000000000E+00   0.0000000000000000E+00   0.0000000000000000E+00  -3.6520001392935242E-01
         1        263   1   0.0000000000000000E+00   0.0000000000000000E+00   0.0000000000000000E+00  -1.7409634971544771E-01
         1        264   8   0.0000000000000000E+00   0.0000000000000000E+00   0.0000000000000000E+00  -3.6575774674866290E-01
         1        265   1   0.0000000000000000E+00   0.0000000000000000E+00   0.0000000000000000E+00  -1.7367314644386156E-01
         1        266   8   0.0000000000000000E+00   0.0000000000000000E+00   0.0000000000000000E+00  -3.6554971912244688E-01
         1        267   1   0.0000000000000000E+00   0.0000000000000000E+00   0.0000000000000000E+00  -1.7375425865102601E-01
         1        268   1   0.0000000000000000E+00   0.0000000000000000E+00   0.0000000000000000E+00  -1.7394913846192042E-01
         1        269   1   0.0000000000000000E+00   0.0000000000000000E+00   0.0000000000000000E+00  -1.7410121773325721E-01
         1        270   8   0.0000000000000000E+00   0.0000000000000000E+00   0.0000000000000000E+00  -3.6515093345055627E-01
         1        271   8   0.0000000000000000E+00   0.0000000000000000E+00   0.0000000000000000E+00  -3.6539942079748344E-01
         1        272   1   0.0000000000000000E+00   0.0000000000000000E+00   0.0000000000000000E+00  -1.7378377351441421E-01
         1        273   8   0.0000000000000000E+00   0.0000000000000000E+00   0.0000000000000000E+00  -3.6544283683074336E-01
         1        274   1   0.0000000000000000E+00   0.0000000000000000E+00   0.0000000000000000E+00  -1.7381410261787869E-01
         1        275   1   0.0000000000000000E+00   0.0000000000000000E+00   0.0000000000000000E+00  -1.7406695443515582E-01
         1        276   8   0.0000000000000000E+00   0.0000000000000000E+00   0.0000000000000000E+00  -3.6562797948648279E-01
         1        277   1   0.0000000000000000E+00   0.0000000000000000E+00   0.0000000000000000E+00  -1.7396865154208099E-01
         1        278   1   0.0000000000000000E+00   0.0000000000000000E+00   0.0000000000000000E+00  -1.7373688383442976E-01
         1        279   1   0.0000000000000000E+00   0.0000000000000000E+00   0.0000000000000000E+00  -1.7388057162075199E-01
         1        280   8   0.0000000000000000E+00   0.0000000000000000E+00   0.0000000000000000E+00  -3.6554759738100917E-01
         1        281   8   0.0000000000000000E+00   0.0000000000000000E+00   0.0000000000000000E+00  -3.6568087693815987E-01
         1        282   1   0.0000000000000000E+00   0.0000000000000000E+00   0.0000000000000000E+00  -1.7372783531251995E-01
         1        283   1   0.0000000000000000E+00   0.0000000000000000E+00   0.0000000000000000E+00  -1.7389282113852503E-01
         1        284   8   0.0000000000000000E+00   0.0000000000000000E+00   0.0000000000000000E+00  -3.6541763567418117E-01
         1        285   1   0.0000000000000000E+00   0.0000000000000000E+00   0.0000000000000000E+00  -1.7386756248562771E-01
         1        286   1   0.0000000000000000E+00   0.0000000000000000E+00   0.0000000000000000E+00  -1.7385136955670238E-01
         1        287   8   0.0000000000000000E+00   0.0000000000000000E+00   0.0000000000000000E+00  -3.6545205267128117E-01
         1        288   1   0.0000000000000000E+00   0.0000000000000000E+00   0.0000000000000000E+00  -1.7393216857659152E-01
         1        289   8   0.0000000000000000E+00   0.0000000000000000E+00   0.0000000000000000E+00  -3.6562055554371398E-01
         1        290   1   0.0000000000000000E+00   0.0000000000000000E+00   0.0000000000000000E+00  -1.7366809998991831E-01
         1        291   1   0.0000000000000000E+00   0.0000000000000000E+00   0.0000000000000000E+00  -1.7390243181775600E-01
         1        292   8   0.0000000000000000E+00   0.0000000000000000E+00   0.0000000000000000E+00  -3.6527334055198962E-01
         1        293   1   0.0000000000000000E+00   0.0000000000000000E+00   0.0000000000000000E+00  -1.7394367048455334E-01
         1        294   1   0.0000000000000000E+00   0.0000000000000000E+00   0.0000000000000000E+00  -1.7387712521713830E-01
         1        295   8   0.0000000000000000E+00   0.0000000000000000E+00   0.0000000000000000E+00  -3.6543598181565617E-01
         1        296   1   0.0000000000000000E+00   0.0000000000000000E+00   0.0000000000000000E+00  -1.7396563751286409E-01
         1        297   8   0.0000000000000000E+00   0.0000000000000000E+00   0.0000000000000000E+00  -3.6544824910935569E-01
         1        298   1   0.0000000000000000E+00   0.0000000000000000E+00   0.0000000000000000E+00  -1.7386016314671465E-01
         1        299   1   0.0000000000000000E+00   0.0000000000000000E+00   0.0000000000000000E+00  -1.7395463801316116E-01
         1        300   8   0.0000000000000000E+00   0.0000000000000000E+00   0.0000000000000000E+00  -3.6559734251442033E-01
         1        301   1   0.0000000000000000E+00   0.0000000000000000E+00   0.0000000000000000E+00  -1.7373348738636818E-01
         1        302   1   0.0000000000000000E+00   0.0000000000000000E+00   0.0000000000000000E+00  -1.7386335610172926E-01
         1        303   1   0.0000000000000000E+00   0.0000000000000000E+00   0.0000000000000000E+00  -1.7392615613174220E-01
         1        304   1   0.0000000000000000E+00   0.0000000000000000E+00   0.0000000000000000E+00  -1.7391880264398768E-01
         1        305   8   0.0000000000000000E+00   0.0000000000000000E+00   0.0000000000000000E+00  -3.6526343312147247E-01
         1        306   1   0.0000000000000000E+00   0.0000000000000000E+00   0.0000000000000000E+00  -1.7413751028097790E-01
         1        307   1   0.0000000000000000E+00   0.0000000000000000E+00   0.0000000000000000E+00  -1.7382170528956986E-01
         1        308   8   0.0000000000000000E+00   0.0000000000000000E+00   0.0000000000000000E+00  -3.6533941536045683E-01
         1        309   1   0.0000000000000000E+00   0.0000000000000000E+00   0.0000000000000000E+00  -1.7391963839167801E-01
         1        310   1   0.0000000000000000E+00   0.0000000000000000E+00   0.0000000000000000E+00  -1.7396765601532116E-01
         1        311   1   0.0000000000000000E+00   0.0000000000000000E+00   0.0000000000000000E+00  -1.7385582494584764E-01
         1        312   8   0.0000000000000000E+00   0.0000000000000000E+00   0.0000000000000000E+00  -3.6515971421116900E-01
         1        313   1   0.0000000000000000E+00   0.0000000000000000E+00   0.0000000000000000E+00  -1.7393621789171873E-01
         1        314   8   0.0000000000000000E+00   0.0000000000000000E+00   0.0000000000000000E+00  -3.6541843316722838E-01
         1        315   1   0.0000000000000000E+00   0.0000000000000000E+00   0.0000000000000000E+00  -1.7391120332932491E-01
         1        316   1   0.0000000000000000E+00   0.0000000000000000E+00   0.0000000000000000E+00  -1.7386326173456859E-01
         1        317   8   0.0000000000000000E+00   0.0000000000000000E+00   0.0000000000000000E+00  -3.6518488420200546E-01
         1        318   1   0.0000000000000000E+00   0.0000000000000000E+00   0.0000000000000000E+00  -1.7392093289371025E-01
         1        319   1   0.0000000000000000E+00   0.0000000000000000E+00   0.0000000000000000E+00  -1.7411345433298642E-01
         1        320   8   0.0000000000000000E+00   0.0000000000000000E+00   0.0000000000000000E+00  -3.6565988234875713E-01
         1        321   1   0.0000000000000000E+00   0.0000000000000000E+00   0.0000000000000000E+00  -1.7390448736440989E-01
         1        322   1   0.0000000000000000E+00   0.0000000000000000E+00   0.0000000000000000E+00  -1.7370327457667847E-01
         1        323   8   0.0000000000000000E+00   0.0000000000000000E+00   0.0000000000000000E+00  -3.6547944703691720E-01
         1        324   1   0.0000000000000000E+00   0.0000000000000000E+00   0.0000000000000000E+00  -1.7383761326844241E-01
         1        325   1   0.0000000000000000E+00   0.0000000000000000E+00   0.0000000000000000E+00  -1.7393373552750796E-01
         1        326   8   0.0000000000000000E+00   0.0000000000000000E+00   0.0000000000000000E+00  -3.6561056998182567E-01
         1        327   1   0.0000000000000000E+00   0.0000000000000000E+00   0.0000000000000000E+00  -1.7389273830708760E-01
         1        328   8   0.0000000000000000E+00   0.0000000000000000E+00   0.0000000000000000E+00  -3.6565320994678996E-01
         1        329   1   0.0000000000000000E+00   0.0000000000000000E+00   0.0000000000000000E+00  -1.7389325664478991E-01
         1        330   8   0.0000000000000000E+00   0.0000000000000000E+00   0.0000000000000000E+00  -3.6572497761760381E-01
         1        331   1   0.0000000000000000E+00   0.0000000000000000E+00   0.0000000000000000E+00  -1.7380136782996888E-01
         1        332   1   0.0000000000000000E+00   0.0000000000000000E+00   0.0000000000000000E+00  -1.7388242298286197E-01
         1        333   1   0.0000000000000000E+00   0.0000000000000000E+00   0.0000000000000000E+00  -1.7373885319342303E-01
         1        334   8   0.0000000000000000E+00   0.0000000000000000E+00   0.0000000000000000E+00  -3.6558884130447822E-01
         1        335   1   0.0000000000000000E+00   0.0000000000000000E+00   0.0000000000000000E+00  -1.7378538734858190E-01
         1        336   1   0.0000000000000000E+00   0.0000000000000000E+00   0.0000000000000000E+00  -1.7390571320773623E-01
         1        337   8   0.0000000000000000E+00   0.0000000000000000E+00   0.0000000000000000E+00  -3.6541111214539607E-01
         1        338   1   0.0000000000000000E+00   0.0000000000000000E+00   0.0000000000000000E+00  -1.7402369148269223E-01
         1        339   1   0.0000000000000000E+00   0.0000000000000000E+00   0.0000000000000000E+00  -1.7372746440854578E-01
         1        340   8   0.0000000000000000E+00   0.0000000000000000E+00   0.0000000000000000E+00  -3.6559686605999003E-01
         1        341   1   0.0000000000000000E+00   0.0000000000000000E+00   0.0000000000000000E+00  -1.7391031862215842E-01
         1        342   8   0.0000000000000000E+00   0.0000000000000000E+00   0.0000000000000000E+00  -3.6578733898922117E-01
         1        343   1   0.0000000000000000E+00   0.0000000000000000E+00   0.0000000000000000E+00  -1.7374499897169549E-01
         1        344   1   0.0000000000000000E+00   0.0000000000000000E+00   0.0000000000000000E+00  -1.7379145867944618E-01
         1        345   8   0.0000000000000000E+00   0.0000000000000000E+00   0.0000000000000000E+00  -3.6540369763246339E-01
         1        346   1   0.0000000000000000E+00   0.0000000000000000E+00   0.0000000000000000E+00  -1.7389769602412977E-01
         1        347   1   0.0000000000000000E+00   0.0000000000000000E+00   0.0000000000000000E+00  -1.7390779487942151E-01
         1        348   8   0.0000000000000000E+00   0.0000000000000000E+00   0.0000000000000000E+00  -3.6517143156163884E-01
         1        349   1   0.0000000000000000E+00   0.0000000000000000E+00   0.0000000000000000E+00  -1.7380672270273478E-01
         1        350   1   0.0000000000000000E+00   0.0000000000000000E+00   0.0000000000000000E+00  -1.7406180271681368E-01
         1        351   8   0.0000000000000000E+00   0.0000000000000000E+00   0.0000000000000000E+00  -3.6545171793464620E-01
         1        352   1   0.0000000000000000E+00   0.0000000000000000E+00   0.0000000000000000E+00  -1.7375000545439448E-01
         1        353   1   0.0000000000000000E+00   0.0000000000000000E+00   0.0000000000000000E+00  -1.7404972594974938E-01
         1        354   1   0.0000000000000000E+00   0.0000000000000000E+00   0.0000000000000000E+00  -1.7399284166063464E-01
         1        355   8   0.0000000000000000E+00   0.0000000000000000E+00   0.0000000000000000E+00  -3.6515600454544200E-01
         1        356   1   0.0000000000000000E+00   0.0000000000000000E+00   0.0000000000000000E+00  -1.7405845724228136E-01
         1        357   8   0.0000000000000000E+00   0.0000000000000000E+00   0.0000000000000000E+00  -3.6543800050371061E-01
         1        358   1   0.0000000000000000E+00   0.0000000000000000E+00   0.0000000000000000E+00  -1.7404849583445062E-01
         1        359   8   0.0000000000000000E+00   0.0000000000000000E+00   0.0000000000000000E+00  -3.6589961511554669E-01
         1        360   1   0.0000000000000000E+00   0.0000000000000000E+00   0.0000000000000000E+00  -1.7363941663674531E-01
         1        361   1   0.0000000000000000E+00   0.0000000000000000E+00   0.0000000000000000E+00  -1.7383704599209726E-01
         1        362   8   0.0000000000000000E+00   0.0000000000000000E+00   0.0000000000000000E+00  -3.6544533065885731E-01
         1        363   1   0.0000000000000000E+00   0.0000000000000000E+00   0.0000000000000000E+00  -1.7396300592954236E-01
         1        364   1   0.0000000000000000E+00   0.0000000000000000E+00   0.0000000000000000E+00  -1.7387027484566359E-01
         1        365   1   0.0000000000000000E+00   0.0000000000000000E+00   0.0000000000000000E+00  -1.7400262917499915E-01
         1        366   8   0.0000000000000000E+00   0.0000000000000000E+00   0.0000000000000000E+00  -3.6566251102030695E-01
         1        367   1   0.0000000000000000E+00   0.0000000000000000E+00   0.0000000000000000E+00  -1.7382060654916481E-01
         1        368   8   0.0000000000000000E+00   0.0000000000000000E+00   0.0000000000000000E+00  -3.6546233604443212E-01
         1        369   1   0.0000000000000000E+00   0.0000000000000000E+00   0.0000000000000000E+00  -1.7399080480629844E-01
         1        370   1   0.0000000000000000E+00   0.0000000000000000E+00   0.0000000000000000E+00  -1.7379826991822572E-01
         1        371   8   0.0000000000000000E+00   0.0000000000000000E+00   0.0000000000000000E+00  -3.6516577331067007E-01
         1        372   1   0.0000000000000000E+00   0.0000000000000000E+00   0.0000000000000000E+00  -1.7411599764266342E-01
         1        373   1   0.0000000000000000E+00   0.0000000000000000E+00   0.0000000000000000E+00  -1.7388129833114496E-01
         1        374   1   0.0000000000000000E+00   0.0000000000000000E+00   0.0000000000000000E+00  -1.7378177648346235E-01
         1        375   1   0.0000000000000000E+00   0.0000000000000000E+00   0.0000000000000000E+00  -1.7369772141869291E-01
         1        376   8   0.0000000000000000E+00   0.0000000000000000E+00   0.0000000000000000E+00  -3.6579335834920945E-01
         1        377   1   0.0000000000000000E+00   0.0000000000000000E+00   0.0000000000000000E+00  -1.7372349088769942E-01
         1        378   1   0.0000000000000000E+00   0.0000000000000000E+00   0.0000000000000000E+00  -1.7386880508563915E-01
         1        379   8   0.0000000000000000E+00   0.0000000000000000E+00   0.0000000000000000E+00  -3.6562454943436923E-01
         1        380   1   0.0000000000000000E+00   0.0000000000000000E+00   0.0000000000000000E+00  -1.7379803407378316E-01
         1        381   1   0.0000000000000000E+00   0.0000000000000000E+00   0.0000000000000000E+00  -1.7380354323266664E-01
         1        382   8   0.0000000000000000E+00   0.0000000000000000E+00   0.0000000000000000E+00  -3.6529037122986835E-01
         1        383   1   0.0000000000000000E+00   0.0000000000000000E+00   0.0000000000000000E+00  -1.7403971523727516E-01
         1        384   1   0.0000000000000000E+00   0.0000000000000000E+00   0.0000000000000000E+00  -1.7388926576937658E-01
