################################################################################
# Atomic force comparison (ordered by atom index).
################################################################################
# Col  Name  Description
################################################################################
# 1    conf  Configuration index (starting with 1).
# 2    index Atom index (starting with 1).
# 3    fxRef Reference force in x direction.
# 4    fyRef Reference force in y direction.
# 5    fzRef Reference force in z direction.
# 6    fx    Force in x direction.
# 7    fy    Force in y direction.
# 8    fz    Force in z direction.
###########################################################################################################################################################################
#        1          2                        3                        4                        5                        6                        7                        8
#     conf      index                    fxRef                    fyRef                    fzRef                       fx                       fy                       fz
###########################################################################################################################################################################
         1          1   0.0000000000000000E+00   0.0000000000000000E+00   0.0000000000000000E+00   3.9152528617084677E-03   1.6091864716120889E-03  -2.3860114564686983E-03
         1          2   0.0000000000000000E+00   0.0000000000000000E+00   0.0000000000000000E+00  -3.7052362325473340E-04   5.0405216587077201E-05   3.7840571823735993E-03
         1          3   0.0000000000000000E+00   0.0000000000000000E+00   0.0000000000000000E+00  -1.5803643762353546E-04  -3.3745688362863090E-03   2.4209476830345852E-03
         1          4   0.0000000000000000E+00   0.0000000000000000E+00   0.0000000000000000E+00  -3.4962422220001154E-03  -2.0814452822305427E-03  -3.7309410710706643E-03
         1          5   0.0000000000000000E+00   0.0000000000000000E+00   0.0000000000000000E+00   3.5112004027916836E-04   1.9004791608243394E-04   4.2411383906753378E-03
         1          6   0.0000000000000000E+00   0.0000000000000000E+00   0.0000000000000000E+00   3.1589590647966982E-03   1.8247208654872599E-03  -1.1161759644886732E-03
         1          7   0.0000000000000000E+00   0.0000000000000000E+00   0.0000000000000000E+00   3.1023185124388003E-03   1.6781880267862286E-03  -2.3529876095761460E-03
         1          8   0.0000000000000000E+00   0.0000000000000000E+00   0.0000000000000000E+00  -3.2858289493473662E-04  -3.7646492907433085E-03   1.5113190193148513E-03
         1          9   0.0000000000000000E+00   0.0000000000000000E+00   0.0000000000000000E+00  -3.3387646054502912E-03   1.5841796553149050E-03   1.5521482675308709E-03
         1         10   0.0000000000000000E+00   0.0000000000000000E+00   0.0000000000000000E+00  -4.5356910815836271E-04   3.5772957295362637E-03  -1.1250267830329203E-03
         1         11   0.0000000000000000E+00   0.0000000000000000E+00   0.0000000000000000E+00   3.2096404076673806E-05   3.7821245687724939E-03   3.1361821137996814E-03
         1         12   0.0000000000000000E+00   0.0000000000000000E+00   0.0000000000000000E+00  -8.0173593128102534E-05  -3.5679519435505391E-03   9.9161613600089399E-04
         1         13   0.0000000000000000E+00   0.0000000000000000E+00   0.0000000000000000E+00  -1.4599855550914803E-04  -3.0361959978317466E-04  -3.8442933692190264E-03
         1         14   0.0000000000000000E+00   0.0000000000000000E+00   0.0000000000000000E+00   7.2345113268369428E-06  -3.9626544288912579E-03  -2.3091617498099816E-03
         1         15   0.0000000000000000E+00   0.0000000000000000E+00   0.0000000000000000E+00   3.7943287997140971E-03  -2.3453764026004163E-03   2.4246929902262291E-03
         1         16   0.0000000000000000E+00   0.0000000000000000E+00   0.0000000000000000E+00  -3.2585123201426115E-03  -1.5081179796981410E-03  -1.2754820780992594E-03
         1         17   0.0000000000000000E+00   0.0000000000000000E+00   0.0000000000000000E+00  -3.3218678277264864E-03  -2.3491617453379127E-03  -2.9476847727772262E-03
         1         18   0.0000000000000000E+00   0.0000000000000000E+00   0.0000000000000000E+00   3.2782619490336782E-03   2.2017292140816161E-03  -9.5649063212473867E-04
         1         19   0.0000000000000000E+00   0.0000000000000000E+00   0.0000000000000000E+00  -2.5277556515117829E-03   1.7902706436864989E-03   2.5855203039307751E-03
         1         20   0.0000000000000000E+00   0.0000000000000000E+00   0.0000000000000000E+00   3.2315285189571808E-04  -3.6617221348334739E-03  -1.5028682231043415E-03
         1         21   0.0000000000000000E+00   0.0000000000000000E+00   0.0000000000000000E+00   2.8839383485987475E-03   1.5406916243521124E-03  -1.5351736840067301E-03
         1         22   0.0000000000000000E+00   0.0000000000000000E+00   0.0000000000000000E+00   2.6867971339579366E-03  -1.5911827434017215E-03   2.9680028193657931E-03
         1         23   0.0000000000000000E+00   0.0000000000000000E+00   0.0000000000000000E+00  -3.0405507672985258E-04   3.0231736527932737E-04  -4.0708197100340375E-03
         1         24   0.0000000000000000E+00   0.0000000000000000E+00   0.0000000000000000E+00  -3.0609521464370912E-03   1.6618329990176603E-03   9.7499949522352239E-04
         1         25   0.0000000000000000E+00   0.0000000000000000E+00   0.0000000000000000E+00   2.9753198729030039E-03  -2.0237408911302642E-03  -1.4760630186306455E-03
         1         26   0.0000000000000000E+00   0.0000000000000000E+00   0.0000000000000000E+00  -3.0455311533476897E-04   3.4665605923683740E-03   2.7583865392864903E-03
         1         27   0.0000000000000000E+00   0.0000000000000000E+00   0.0000000000000000E+00   3.2625184800058859E-04  -3.8456114557229317E-03   1.0227975910563768E-03
         1         28   0.0000000000000000E+00   0.0000000000000000E+00   0.0000000000000000E+00   5.7506538539796472E-05  -3.4550494802018379E-04  -4.0090845984806847E-03
         1         29   0.0000000000000000E+00   0.0000000000000000E+00   0.0000000000000000E+00  -2.0330112333927510E-04   4.2961565524894593E-03   3.0178734991714680E-03
         1         30   0.0000000000000000E+00   0.0000000000000000E+00   0.0000000000000000E+00  -3.0235406381773312E-03  -2.0269370208524421E-03  -1.4136364433659288E-03
         1         31   0.0000000000000000E+00   0.0000000000000000E+00   0.0000000000000000E+00  -3.4286476769206458E-03   1.4327215346965885E-03   2.8848949990762001E-03
         1         32   0.0000000000000000E+00   0.0000000000000000E+00   0.0000000000000000E+00   3.3275248104286128E-03   1.6306149692637756E-03  -1.7258566475990048E-03
         1         33   0.0000000000000000E+00   0.0000000000000000E+00   0.0000000000000000E+00  -4.4439390160309466E-04   4.0524569527378177E-03  -2.3908463312522737E-03
         1         34   0.0000000000000000E+00   0.0000000000000000E+00   0.0000000000000000E+00   1.9943474284547861E-04  -3.8472331185490640E-03  -8.7337810682058890E-04
         1         35   0.0000000000000000E+00   0.0000000000000000E+00   0.0000000000000000E+00   2.7070154548050011E-04  -2.9016004406555538E-04   3.7647754143831898E-03
         1         36   0.0000000000000000E+00   0.0000000000000000E+00   0.0000000000000000E+00  -2.9964702686252958E-03   1.9831137585866821E-03  -2.8041330825939025E-03
         1         37   0.0000000000000000E+00   0.0000000000000000E+00   0.0000000000000000E+00   2.3499617411445087E-04  -3.3987653514858016E-03   1.5469279131050545E-03
         1         38   0.0000000000000000E+00   0.0000000000000000E+00   0.0000000000000000E+00   3.2223043651579495E-03   1.5140028528189736E-03   1.3721184242194854E-03
         1         39   0.0000000000000000E+00   0.0000000000000000E+00   0.0000000000000000E+00   3.3995463707056622E-03  -1.4286285465842138E-03   2.2238222538494140E-03
         1         40   0.0000000000000000E+00   0.0000000000000000E+00   0.0000000000000000E+00  -3.5057483959136594E-03   1.6170552204117176E-03   8.9594797702280914E-04
         1         41   0.0000000000000000E+00   0.0000000000000000E+00   0.0000000000000000E+00   2.2317221756845142E-04  -3.4846560710550894E-03  -2.5754035220037579E-03
         1         42   0.0000000000000000E+00   0.0000000000000000E+00   0.0000000000000000E+00  -2.8836370374340467E-04   3.4001988078265281E-04   3.7197858400442960E-03
         1         43   0.0000000000000000E+00   0.0000000000000000E+00   0.0000000000000000E+00   3.5577809990490982E-03   1.6153251212170593E-03   2.7776568745312680E-03
         1         44   0.0000000000000000E+00   0.0000000000000000E+00   0.0000000000000000E+00  -3.3027212942878057E-03   1.4679694444597201E-03  -1.1971997984837810E-03
         1         45   0.0000000000000000E+00   0.0000000000000000E+00   0.0000000000000000E+00  -2.9895051149864639E-03   1.9613491150839973E-03   2.0957446181860758E-03
         1         46   0.0000000000000000E+00   0.0000000000000000E+00   0.0000000000000000E+00   3.1870431280897919E-04  -3.4671977241817571E-03  -1.2013275887499744E-03
         1         47   0.0000000000000000E+00   0.0000000000000000E+00   0.0000000000000000E+00   3.1521289901178836E-03   1.4858643398363905E-03  -1.1074660186080126E-03
         1         48   0.0000000000000000E+00   0.0000000000000000E+00   0.0000000000000000E+00   2.8035382820926456E-03  -2.0090648607265569E-03   2.5696429707064770E-03
         1         49   0.0000000000000000E+00   0.0000000000000000E+00   0.0000000000000000E+00  -2.2007343053549500E-04   3.1526383589534814E-04  -3.7804797446579367E-03
         1         50   0.0000000000000000E+00   0.0000000000000000E+00   0.0000000000000000E+00  -2.9864114503386939E-03   1.8959667749699281E-03   8.9232420636311724E-04
         1         51   0.0000000000000000E+00   0.0000000000000000E+00   0.0000000000000000E+00  -2.8626655600926293E-03   1.8321985327745957E-03  -1.5088723002491368E-03
         1         52   0.0000000000000000E+00   0.0000000000000000E+00   0.0000000000000000E+00   2.8280470949002042E-03   2.0395835669029367E-03  -1.2916355285394630E-03
         1         53   0.0000000000000000E+00   0.0000000000000000E+00   0.0000000000000000E+00   3.3391342536862353E-03  -1.8830136876006973E-03   2.7350038472452459E-03
         1         54   0.0000000000000000E+00   0.0000000000000000E+00   0.0000000000000000E+00  -1.0958420685103122E-04   3.5056920637187862E-03  -1.6259392468611663E-03
         1         55   0.0000000000000000E+00   0.0000000000000000E+00   0.0000000000000000E+00  -3.2839349209996915E-03  -1.4496800331228181E-03  -1.1245760597756126E-03
         1         56   0.0000000000000000E+00   0.0000000000000000E+00   0.0000000000000000E+00   2.8882041061999574E-03   2.2575466398200190E-03   1.1775277721172942E-03
         1         57   0.0000000000000000E+00   0.0000000000000000E+00   0.0000000000000000E+00   2.7955787804341777E-03   2.1897541890694740E-03  -2.7566927411183093E-03
         1         58   0.0000000000000000E+00   0.0000000000000000E+00   0.0000000000000000E+00  -2.3643042558968829E-04  -3.4428062384587912E-04   4.0917852776865818E-03
         1         59   0.0000000000000000E+00   0.0000000000000000E+00   0.0000000000000000E+00  -1.3509576261823414E-04   3.5206970165026397E-03  -2.2015842769948137E-03
         1         60   0.0000000000000000E+00   0.0000000000000000E+00   0.0000000000000000E+00   4.3807307630801708E-05  -3.4896910463812956E-03  -8.1799683240491884E-04
         1         61   0.0000000000000000E+00   0.0000000000000000E+00   0.0000000000000000E+00   1.8657639851568235E-04  -2.9234371750086805E-04   3.7624969978759014E-03
         1         62   0.0000000000000000E+00   0.0000000000000000E+00   0.0000000000000000E+00   6.1002658683744632E-04  -3.3213605763877914E-03  -2.8883494087284553E-03
         1         63   0.0000000000000000E+00   0.0000000000000000E+00   0.0000000000000000E+00  -3.0627733555919469E-03   2.1020859038619077E-03   1.6072053594010432E-03
         1         64   0.0000000000000000E+00   0.0000000000000000E+00   0.0000000000000000E+00   2.9620141995751227E-03   1.7911389139286355E-03   1.4793025172435427E-03
         1         65   0.0000000000000000E+00   0.0000000000000000E+00   0.0000000000000000E+00  -2.8503178532427206E-03   2.0427768850565971E-03   1.4169870728411409E-03
         1         66   0.0000000000000000E+00   0.0000000000000000E+00   0.0000000000000000E+00   3.3332834331249039E-04   3.0207877458996726E-04   4.2184174038376312E-03
         1         67   0.0000000000000000E+00   0.0000000000000000E+00   0.0000000000000000E+00  -3.1751188051847069E-03  -1.7722619403400396E-03   3.1034211956363807E-03
         1         68   0.0000000000000000E+00   0.0000000000000000E+00   0.0000000000000000E+00   1.1404075215928729E-05   3.4154801089369864E-03  -1.7242232110361011E-03
         1         69   0.0000000000000000E+00   0.0000000000000000E+00   0.0000000000000000E+00   3.1403517989787495E-03  -1.6365403506447371E-03  -1.4398856154677513E-03
         1         70   0.0000000000000000E+00   0.0000000000000000E+00   0.0000000000000000E+00  -1.0782798367986809E-04  -3.8106798317066939E-03  -3.2282992962699916E-03
         1         71   0.0000000000000000E+00   0.0000000000000000E+00   0.0000000000000000E+00   4.8823178519976859E-04  -3.6793667451163227E-03   2.8858303511686370E-03
         1         72   0.0000000000000000E+00   0.0000000000000000E+00   0.0000000000000000E+00   2.9037917777090935E-03   1.8110349777575416E-03  -1.7292410820307093E-03
         1         73   0.0000000000000000E+00   0.0000000000000000E+00   0.0000000000000000E+00  -3.0690161751638686E-03   2.3118792931270918E-03  -1.5427081699644950E-03
         1         74   0.0000000000000000E+00   0.0000000000000000E+00   0.0000000000000000E+00   3.1955581471237683E-03  -2.2636708969830132E-03   2.7796759978323212E-03
         1         75   0.0000000000000000E+00   0.0000000000000000E+00   0.0000000000000000E+00  -1.5762387487997664E-04   3.0581412117638149E-04  -3.7494697253543678E-03
         1         76   0.0000000000000000E+00   0.0000000000000000E+00   0.0000000000000000E+00  -3.2230153525320982E-03   2.1905310221157735E-03   1.0170068479201455E-03
         1         77   0.0000000000000000E+00   0.0000000000000000E+00   0.0000000000000000E+00  -3.0133909346792250E-04   3.8226489346357283E-03  -1.6142897268529232E-03
         1         78   0.0000000000000000E+00   0.0000000000000000E+00   0.0000000000000000E+00   1.9445896480414153E-04  -3.5183045977253565E-03  -1.4274847997977750E-03
         1         79   0.0000000000000000E+00   0.0000000000000000E+00   0.0000000000000000E+00   3.3570912975432530E-03   2.5613214822414678E-03  -2.4960408394316762E-03
         1         80   0.0000000000000000E+00   0.0000000000000000E+00   0.0000000000000000E+00  -1.0152574103477547E-04  -3.7415922069720090E-04   3.7847314381159731E-03
         1         81   0.0000000000000000E+00   0.0000000000000000E+00   0.0000000000000000E+00  -3.4048349128431156E-04  -1.5983305326101846E-06  -3.7572884687053069E-03
         1         82   0.0000000000000000E+00   0.0000000000000000E+00   0.0000000000000000E+00   3.2955940605665520E-03  -1.5020015092159912E-03   2.8123939583358203E-03
         1         83   0.0000000000000000E+00   0.0000000000000000E+00   0.0000000000000000E+00   3.4032706887252660E-03  -1.9567318581257842E-03  -2.3711704764214840E-03
         1         84   0.0000000000000000E+00   0.0000000000000000E+00   0.0000000000000000E+00  -1.4550680327427801E-05   2.6317900238564029E-04   3.7616696190337267E-03
         1         85   0.0000000000000000E+00   0.0000000000000000E+00   0.0000000000000000E+00  -3.3946345310723776E-03   1.6928041120862780E-03  -1.0366579528836030E-03
         1         86   0.0000000000000000E+00   0.0000000000000000E+00   0.0000000000000000E+00   4.2284488534524980E-03   1.6940381160265063E-03  -2.7799610572300784E-03
         1         87   0.0000000000000000E+00   0.0000000000000000E+00   0.0000000000000000E+00  -1.7141218942808709E-04  -3.6849717783876633E-03   1.3519312760832719E-03
         1         88   0.0000000000000000E+00   0.0000000000000000E+00   0.0000000000000000E+00  -3.5906125952429820E-03   1.6527004822278865E-03   1.4982046066716690E-03
         1         89   0.0000000000000000E+00   0.0000000000000000E+00   0.0000000000000000E+00  -5.9995290165914527E-05  -3.4789347522567898E-03  -1.5701837647456225E-03
         1         90   0.0000000000000000E+00   0.0000000000000000E+00   0.0000000000000000E+00  -3.9615600319873923E-04  -6.6255573980417213E-05   4.0354500762195050E-03
         1         91   0.0000000000000000E+00   0.0000000000000000E+00   0.0000000000000000E+00   5.8899665891133169E-04   3.1873960433316017E-03   2.7119477062508978E-03
         1         92   0.0000000000000000E+00   0.0000000000000000E+00   0.0000000000000000E+00   2.9081894171574078E-03  -1.8305745657770398E-03  -1.5686351779124587E-03
         1         93   0.0000000000000000E+00   0.0000000000000000E+00   0.0000000000000000E+00  -2.9338435077221644E-03  -2.1640832992955508E-03  -1.6069442197107304E-03
         1         94   0.0000000000000000E+00   0.0000000000000000E+00   0.0000000000000000E+00   3.4555909365915731E-03   1.5352170062027282E-03  -3.1777332927149411E-03
         1         95   0.0000000000000000E+00   0.0000000000000000E+00   0.0000000000000000E+00  -2.8399323818114946E-03  -1.3815806177435268E-03  -2.8131670609122758E-03
         1         96   0.0000000000000000E+00   0.0000000000000000E+00   0.0000000000000000E+00   3.6815932887493663E-04   5.0239687450014555E-05   3.6724932165185411E-03
         1         97   0.0000000000000000E+00   0.0000000000000000E+00   0.0000000000000000E+00   3.0671052548087159E-03   1.7304510466360141E-03  -9.6757338129547154E-04
         1         98   0.0000000000000000E+00   0.0000000000000000E+00   0.0000000000000000E+00   3.2092661052995140E-03   2.4392064975132066E-03  -2.4407323347759250E-03
         1         99   0.0000000000000000E+00   0.0000000000000000E+00   0.0000000000000000E+00  -3.5653377716253449E-04  -3.7862672238487961E-03   1.5110401852754254E-03
         1        100   0.0000000000000000E+00   0.0000000000000000E+00   0.0000000000000000E+00  -3.2028880665941743E-03   1.5073688741518714E-03   1.1777474485611004E-03
         1        101   0.0000000000000000E+00   0.0000000000000000E+00   0.0000000000000000E+00  -3.3666222830853292E-03   1.8012003130704862E-03   2.6012586098112965E-03
         1        102   0.0000000000000000E+00   0.0000000000000000E+00   0.0000000000000000E+00   4.1887927702858024E-04  -3.5692530182659427E-03  -1.2176604932443451E-03
         1        103   0.0000000000000000E+00   0.0000000000000000E+00   0.0000000000000000E+00   3.5372944045155208E-03   1.6450472032460575E-03  -1.6058359393940648E-03
         1        104   0.0000000000000000E+00   0.0000000000000000E+00   0.0000000000000000E+00   2.9310211742243058E-03   2.2219001517389731E-03  -2.9017029059528396E-03
         1        105   0.0000000000000000E+00   0.0000000000000000E+00   0.0000000000000000E+00  -2.0887542419384671E-04  -4.7398811912765886E-04   3.7900574259991946E-03
         1        106   0.0000000000000000E+00   0.0000000000000000E+00   0.0000000000000000E+00   2.9383976265998867E-03   1.8322053085197576E-03   1.5184819122216035E-03
         1        107   0.0000000000000000E+00   0.0000000000000000E+00   0.0000000000000000E+00   1.3470713844645506E-04   3.6088988446031870E-03   2.3046664499629028E-03
         1        108   0.0000000000000000E+00   0.0000000000000000E+00   0.0000000000000000E+00   2.2798264727177952E-04  -3.8261951403270687E-03   8.8089554174080155E-04
         1        109   0.0000000000000000E+00   0.0000000000000000E+00   0.0000000000000000E+00  -2.0549514707647723E-04  -2.9316113887182404E-04  -3.6865370097454546E-03
         1        110   0.0000000000000000E+00   0.0000000000000000E+00   0.0000000000000000E+00   4.6088281628127849E-04  -3.6827118005912335E-03  -2.9754347197955581E-03
         1        111   0.0000000000000000E+00   0.0000000000000000E+00   0.0000000000000000E+00  -3.0580041914631518E-03   2.1149450128479666E-03   1.6499757800668940E-03
         1        112   0.0000000000000000E+00   0.0000000000000000E+00   0.0000000000000000E+00   5.2421670310971165E-08   3.7938355591969039E-04   4.2093645133470491E-03
         1        113   0.0000000000000000E+00   0.0000000000000000E+00   0.0000000000000000E+00   3.9916132407537595E-04   3.3630989590716243E-03  -2.5404938467416295E-03
         1        114   0.0000000000000000E+00   0.0000000000000000E+00   0.0000000000000000E+00   2.3315317354539548E-05  -3.4922212882328835E-03  -9.8298176259859339E-04
         1        115   0.0000000000000000E+00   0.0000000000000000E+00   0.0000000000000000E+00  -3.1490026155138337E-04  -2.7402462654110490E-04   3.7301822700830161E-03
         1        116   0.0000000000000000E+00   0.0000000000000000E+00   0.0000000000000000E+00  -2.5867322257790718E-04  -4.1357802437892869E-03  -2.4999914575263927E-03
         1        117   0.0000000000000000E+00   0.0000000000000000E+00   0.0000000000000000E+00  -8.4566781719293575E-05   2.7761880011711453E-04   3.8356605268040425E-03
         1        118   0.0000000000000000E+00   0.0000000000000000E+00   0.0000000000000000E+00  -4.8863021846139504E-05   3.6134629828437747E-04  -3.7428688334671537E-03
         1        119   0.0000000000000000E+00   0.0000000000000000E+00   0.0000000000000000E+00   2.9500246143640942E-03   1.8697593517274268E-03  -1.7567208800986459E-03
         1        120   0.0000000000000000E+00   0.0000000000000000E+00   0.0000000000000000E+00   3.2685111965037677E-03  -2.6290984174036549E-03   2.7943999085744933E-03
         1        121   0.0000000000000000E+00   0.0000000000000000E+00   0.0000000000000000E+00  -3.2525181188097500E-03   2.0932476991696041E-03   1.0395830718287074E-03
         1        122   0.0000000000000000E+00   0.0000000000000000E+00   0.0000000000000000E+00  -3.5072236269396875E-03  -1.5692691665993191E-03  -1.6097922135351926E-03
         1        123   0.0000000000000000E+00   0.0000000000000000E+00   0.0000000000000000E+00   1.0047233621270269E-04  -3.8942685312574957E-03   3.2594818113655089E-03
         1        124   0.0000000000000000E+00   0.0000000000000000E+00   0.0000000000000000E+00  -2.9405242789014396E-03   1.9626921988297403E-03  -1.6123037099023817E-03
         1        125   0.0000000000000000E+00   0.0000000000000000E+00   0.0000000000000000E+00  -3.2502808904189229E-04   3.8105937616762764E-03   2.8090885126238921E-03
         1        126   0.0000000000000000E+00   0.0000000000000000E+00   0.0000000000000000E+00   2.8825214999260297E-03  -1.9367239972519650E-03  -1.5083408454271590E-03
         1        127   0.0000000000000000E+00   0.0000000000000000E+00   0.0000000000000000E+00  -2.9868555277615602E-03  -2.0459981904106320E-03  -1.3325236916536315E-03
         1        128   0.0000000000000000E+00   0.0000000000000000E+00   0.0000000000000000E+00  -3.0584116498670313E-03   2.0608286073434444E-03  -2.7485306387654931E-03
         1        129   0.0000000000000000E+00   0.0000000000000000E+00   0.0000000000000000E+00   3.9817446522959584E-04  -3.5585525799599381E-03   1.2992746946747318E-03
         1        130   0.0000000000000000E+00   0.0000000000000000E+00   0.0000000000000000E+00   3.1310090273149408E-03   1.6116608748950188E-03   1.5461423538900133E-03
         1        131   0.0000000000000000E+00   0.0000000000000000E+00   0.0000000000000000E+00  -1.8597858131557689E-04   4.0221838291159698E-03  -2.9338190346083486E-03
         1        132   0.0000000000000000E+00   0.0000000000000000E+00   0.0000000000000000E+00   2.1687847169689080E-04  -3.9317469655598073E-03  -9.4292583564187476E-04
         1        133   0.0000000000000000E+00   0.0000000000000000E+00   0.0000000000000000E+00   7.8197861824019617E-05  -4.4081263412841108E-04   4.1948030380096835E-03
         1        134   0.0000000000000000E+00   0.0000000000000000E+00   0.0000000000000000E+00  -3.2977761117387997E-03  -1.5178522317533889E-03   3.1514152832279219E-03
         1        135   0.0000000000000000E+00   0.0000000000000000E+00   0.0000000000000000E+00   5.3073549264693568E-05   3.5047962653132125E-03  -1.6911613001799864E-03
         1        136   0.0000000000000000E+00   0.0000000000000000E+00   0.0000000000000000E+00   3.0985743979138006E-03  -1.5366275243545446E-03  -1.5790862900597667E-03
         1        137   0.0000000000000000E+00   0.0000000000000000E+00   0.0000000000000000E+00  -3.5109405746972982E-03  -1.7153103601900634E-03  -8.7361615540211741E-04
         1        138   0.0000000000000000E+00   0.0000000000000000E+00   0.0000000000000000E+00   3.3350019714313054E-03  -1.3398261021643698E-03  -3.0845839309118022E-03
         1        139   0.0000000000000000E+00   0.0000000000000000E+00   0.0000000000000000E+00  -5.3091891862776675E-05   3.4885268477550194E-03   1.6422068297332251E-03
         1        140   0.0000000000000000E+00   0.0000000000000000E+00   0.0000000000000000E+00  -3.5403461792926638E-03  -1.6019024911149570E-03   1.5060167269023595E-03
         1        141   0.0000000000000000E+00   0.0000000000000000E+00   0.0000000000000000E+00   3.7116261266976858E-03  -2.1131453371357545E-03  -2.5046755242674355E-03
         1        142   0.0000000000000000E+00   0.0000000000000000E+00   0.0000000000000000E+00  -3.4662842433429994E-03   1.8079763617602192E-03  -9.6134814058724215E-04
         1        143   0.0000000000000000E+00   0.0000000000000000E+00   0.0000000000000000E+00   2.9785329670609177E-04  -3.7132488654030523E-03   2.5081212737235303E-03
         1        144   0.0000000000000000E+00   0.0000000000000000E+00   0.0000000000000000E+00  -3.1347426191013065E-03   2.1685339130707417E-03  -1.4152758347342200E-03
         1        145   0.0000000000000000E+00   0.0000000000000000E+00   0.0000000000000000E+00   2.9353843827509113E-03   1.9335039260629868E-03  -1.3017172212999048E-03
         1        146   0.0000000000000000E+00   0.0000000000000000E+00   0.0000000000000000E+00  -4.1982685431025745E-05  -3.5371868435196915E-03   8.2197728917733615E-04
         1        147   0.0000000000000000E+00   0.0000000000000000E+00   0.0000000000000000E+00   3.5665172949102981E-05  -3.5349872527360164E-03   1.0095617856712299E-03
         1        148   0.0000000000000000E+00   0.0000000000000000E+00   0.0000000000000000E+00   4.2113882204741234E-04  -4.3569389677066347E-03   3.3813986117863628E-03
         1        149   0.0000000000000000E+00   0.0000000000000000E+00   0.0000000000000000E+00  -2.1455097189843951E-04   4.0269978398196106E-03   1.0680722941046441E-03
         1        150   0.0000000000000000E+00   0.0000000000000000E+00   0.0000000000000000E+00  -6.7190735781300374E-05   4.1083142621066611E-04  -4.2430270971172404E-03
         1        151   0.0000000000000000E+00   0.0000000000000000E+00   0.0000000000000000E+00   4.6466295082891897E-05  -3.5336963064953146E-03   3.0390273690021562E-03
         1        152   0.0000000000000000E+00   0.0000000000000000E+00   0.0000000000000000E+00  -4.5538566778164773E-04  -3.7805140794086333E-03   2.9902887470085876E-03
         1        153   0.0000000000000000E+00   0.0000000000000000E+00   0.0000000000000000E+00   3.1343655060870248E-03   2.1097122956710568E-03  -1.6976227291475628E-03
         1        154   0.0000000000000000E+00   0.0000000000000000E+00   0.0000000000000000E+00  -2.9845049114206757E-03   1.9314360323990204E-03  -1.4904198326959469E-03
         1        155   0.0000000000000000E+00   0.0000000000000000E+00   0.0000000000000000E+00  -3.3524668621493299E-03   2.1345883872535419E-03   9.5092195938967857E-04
         1        156   0.0000000000000000E+00   0.0000000000000000E+00   0.0000000000000000E+00  -2.8934002753257001E-03   2.3373987094182460E-03   2.1980884715017027E-03
         1        157   0.0000000000000000E+00   0.0000000000000000E+00   0.0000000000000000E+00   6.2077201617752518E-05  -4.0818010620851552E-04  -3.7014786575723666E-03
         1        158   0.0000000000000000E+00   0.0000000000000000E+00   0.0000000000000000E+00   3.2153978905902930E-03  -2.0346479681351733E-03   9.2417411821810310E-04
         1        159   0.0000000000000000E+00   0.0000000000000000E+00   0.0000000000000000E+00  -3.4829248782597911E-05   3.7646221535039327E-03  -2.7614732590038413E-03
         1        160   0.0000000000000000E+00   0.0000000000000000E+00   0.0000000000000000E+00  -4.6919100275758884E-05  -3.5444349205269636E-03  -9.0615335277090215E-04
         1        161   0.0000000000000000E+00   0.0000000000000000E+00   0.0000000000000000E+00   1.9597142969685955E-04  -3.1063324740743633E-04   3.7921167500111425E-03
         1        162   0.0000000000000000E+00   0.0000000000000000E+00   0.0000000000000000E+00  -1.1153349038740464E-04   3.8700586679863702E-03  -2.6686320117020133E-03
         1        163   0.0000000000000000E+00   0.0000000000000000E+00   0.0000000000000000E+00   2.3665141857494865E-05  -3.5972902521775839E-03  -8.7616673177100626E-04
         1        164   0.0000000000000000E+00   0.0000000000000000E+00   0.0000000000000000E+00   1.9126713185446526E-04  -2.8378607608229672E-04   3.8315002345722009E-03
         1        165   0.0000000000000000E+00   0.0000000000000000E+00   0.0000000000000000E+00   3.0634374356786108E-03  -2.1175139289014351E-03   1.6162316080641026E-03
         1        166   0.0000000000000000E+00   0.0000000000000000E+00   0.0000000000000000E+00   3.5208426890007923E-03   1.7336952168845157E-03   8.8479461533001594E-04
         1        167   0.0000000000000000E+00   0.0000000000000000E+00   0.0000000000000000E+00   2.4696737558625572E-05   3.5521863827853097E-03  -9.0309255300872657E-04
         1        168   0.0000000000000000E+00   0.0000000000000000E+00   0.0000000000000000E+00  -1.3510331768446361E-04   3.5026463866612064E-03  -2.5876167323438709E-03
         1        169   0.0000000000000000E+00   0.0000000000000000E+00   0.0000000000000000E+00  -3.1060139770101593E-03  -2.1865661464572587E-03   1.5114594676184502E-03
         1        170   0.0000000000000000E+00   0.0000000000000000E+00   0.0000000000000000E+00  -3.3060481205923207E-03   1.8934493255798508E-03   2.7074537390412040E-03
         1        171   0.0000000000000000E+00   0.0000000000000000E+00   0.0000000000000000E+00   3.3112069543701299E-03   1.4280029649096854E-03  -1.1336692399748194E-03
         1        172   0.0000000000000000E+00   0.0000000000000000E+00   0.0000000000000000E+00  -3.3089941164882462E-04   3.4950011953350001E-03  -3.0251860727252460E-03
         1        173   0.0000000000000000E+00   0.0000000000000000E+00   0.0000000000000000E+00  -1.1702133681779746E-05  -3.5285391652306861E-03  -1.0237439895880334E-03
         1        174   0.0000000000000000E+00   0.0000000000000000E+00   0.0000000000000000E+00   2.0875127438811395E-04  -3.5349090261540503E-04   3.7543221079960987E-03
         1        175   0.0000000000000000E+00   0.0000000000000000E+00   0.0000000000000000E+00   3.3895066506391468E-03   1.4253544661735420E-03   2.2498039163588632E-03
         1        176   0.0000000000000000E+00   0.0000000000000000E+00   0.0000000000000000E+00  -3.1587379469611657E-04  -2.1743030722791669E-05  -3.6799625158075401E-03
         1        177   0.0000000000000000E+00   0.0000000000000000E+00   0.0000000000000000E+00  -3.5200268061169417E-03  -1.5941556077357605E-03   8.7203541606733429E-04
         1        178   0.0000000000000000E+00   0.0000000000000000E+00   0.0000000000000000E+00  -1.3416894868734821E-04   1.9860504535193925E-04   3.7822518172230396E-03
         1        179   0.0000000000000000E+00   0.0000000000000000E+00   0.0000000000000000E+00  -3.2349121566799767E-03  -2.0865577164209835E-03  -1.0258534719718472E-03
         1        180   0.0000000000000000E+00   0.0000000000000000E+00   0.0000000000000000E+00   3.9292886359360940E-04   3.7146121385899181E-03  -2.9930877000158384E-03
         1        181   0.0000000000000000E+00   0.0000000000000000E+00   0.0000000000000000E+00  -3.1375512941267157E-03  -2.3084593500823057E-03   1.4878525707919016E-03
         1        182   0.0000000000000000E+00   0.0000000000000000E+00   0.0000000000000000E+00   2.9247726494295218E-03  -1.7805448057623689E-03   1.7209905875477586E-03
         1        183   0.0000000000000000E+00   0.0000000000000000E+00   0.0000000000000000E+00  -1.1177574024996703E-04   4.4876764056053526E-03  -2.8155725119152304E-03
         1        184   0.0000000000000000E+00   0.0000000000000000E+00   0.0000000000000000E+00   2.1980866345018717E-04  -4.0034762943233042E-03  -9.0421998713906542E-04
         1        185   0.0000000000000000E+00   0.0000000000000000E+00   0.0000000000000000E+00  -1.3918387583281149E-04  -3.2560677363638389E-04   3.8335992134526523E-03
         1        186   0.0000000000000000E+00   0.0000000000000000E+00   0.0000000000000000E+00   2.8914697973305491E-03   1.8145084082752800E-03  -1.6263261554667105E-03
         1        187   0.0000000000000000E+00   0.0000000000000000E+00   0.0000000000000000E+00   3.1352517702698335E-03  -2.0675196193830009E-03   1.5434030188184239E-03
         1        188   0.0000000000000000E+00   0.0000000000000000E+00   0.0000000000000000E+00  -3.3258955080019163E-03   1.8063104265983283E-03   2.2545822444736147E-03
         1        189   0.0000000000000000E+00   0.0000000000000000E+00   0.0000000000000000E+00   9.8387647812126619E-05  -2.4762094579368923E-04  -3.7125218869778127E-03
         1        190   0.0000000000000000E+00   0.0000000000000000E+00   0.0000000000000000E+00   3.4681562498895145E-03  -1.6623135416653444E-03   9.5932770672029139E-04
         1        191   0.0000000000000000E+00   0.0000000000000000E+00   0.0000000000000000E+00  -2.8572586691611597E-03   1.8323835723828277E-03  -1.6205245393583572E-03
         1        192   0.0000000000000000E+00   0.0000000000000000E+00   0.0000000000000000E+00   7.7722465131549893E-05   3.6259245078694661E-03  -1.0222674817751262E-03
         1        193   0.0000000000000000E+00   0.0000000000000000E+00   0.0000000000000000E+00  -9.7633848374142088E-05   3.6594215454784943E-03  -2.5244838004233072E-03
         1        194   0.0000000000000000E+00   0.0000000000000000E+00   0.0000000000000000E+00  -3.1779535561602648E-03  -2.1337447815907482E-03   1.4915010388837863E-03
         1        195   0.0000000000000000E+00   0.0000000000000000E+00   0.0000000000000000E+00  -4.5258114086397226E-04   4.0786906296617267E-03  -2.4533824389161140E-03
         1        196   0.0000000000000000E+00   0.0000000000000000E+00   0.0000000000000000E+00   2.7507332814136014E-04  -3.8968590556448866E-03  -9.2153639156230746E-04
         1        197   0.0000000000000000E+00   0.0000000000000000E+00   0.0000000000000000E+00   2.5916523153929978E-04  -2.6371395044800546E-04   3.8052674024369047E-03
         1        198   0.0000000000000000E+00   0.0000000000000000E+00   0.0000000000000000E+00  -2.5994113864685590E-04  -1.7882244297955934E-04  -3.7683424360880628E-03
         1        199   0.0000000000000000E+00   0.0000000000000000E+00   0.0000000000000000E+00  -3.2505901816698903E-03  -2.2021075440563365E-03  -9.2821508093540316E-04
         1        200   0.0000000000000000E+00   0.0000000000000000E+00   0.0000000000000000E+00  -8.4966762727444476E-05   3.9912946317967393E-03  -2.6015108390045976E-03
         1        201   0.0000000000000000E+00   0.0000000000000000E+00   0.0000000000000000E+00   3.0950528640770127E-03  -2.1663140844279784E-03   1.6053903028238193E-03
         1        202   0.0000000000000000E+00   0.0000000000000000E+00   0.0000000000000000E+00  -2.9189313531887404E-03  -2.1375101417807369E-03   1.2643437350247221E-03
         1        203   0.0000000000000000E+00   0.0000000000000000E+00   0.0000000000000000E+00   3.5808745695533250E-03   1.8368465443858132E-03   2.7216357147854613E-03
         1        204   0.0000000000000000E+00   0.0000000000000000E+00   0.0000000000000000E+00  -3.4033799870446840E-03  -1.8321741974579562E-03   9.7757868485619194E-04
         1        205   0.0000000000000000E+00   0.0000000000000000E+00   0.0000000000000000E+00   2.8925789407941794E-03   1.9931657601908416E-03   2.1646385193019599E-03
         1        206   0.0000000000000000E+00   0.0000000000000000E+00   0.0000000000000000E+00  -4.4292361263398040E-04  -3.6951861022198936E-03  -1.4911175355383042E-03
         1        207   0.0000000000000000E+00   0.0000000000000000E+00   0.0000000000000000E+00  -3.1545592261708498E-03   1.4192287850274452E-03  -1.2528827278067678E-03
         1        208   0.0000000000000000E+00   0.0000000000000000E+00   0.0000000000000000E+00   3.0695966860435501E-03   1.8134161007966974E-03   9.9043373553191942E-04
         1        209   0.0000000000000000E+00   0.0000000000000000E+00   0.0000000000000000E+00  -3.2163549432968230E-04   3.6160004369692610E-03   1.3149698947861165E-03
         1        210   0.0000000000000000E+00   0.0000000000000000E+00   0.0000000000000000E+00   5.4146612546536280E-05  -3.3050431328922624E-03   2.6125008884481447E-03
         1        211   0.0000000000000000E+00   0.0000000000000000E+00   0.0000000000000000E+00   1.3327664696498933E-04   3.4720950456063669E-03   9.2942862943613607E-04
         1        212   0.0000000000000000E+00   0.0000000000000000E+00   0.0000000000000000E+00  -2.0838932219693584E-04   3.0441849414161265E-04  -3.7136810792008437E-03
         1        213   0.0000000000000000E+00   0.0000000000000000E+00   0.0000000000000000E+00   1.5623553661336983E-04  -3.4650658769152256E-03  -1.6425963885329986E-03
         1        214   0.0000000000000000E+00   0.0000000000000000E+00   0.0000000000000000E+00  -3.4787155504545893E-03  -1.7685759620708183E-03  -1.0734657434301436E-03
         1        215   0.0000000000000000E+00   0.0000000000000000E+00   0.0000000000000000E+00   3.7751934414268218E-03  -1.9614096436894645E-03  -2.7887316311387450E-03
         1        216   0.0000000000000000E+00   0.0000000000000000E+00   0.0000000000000000E+00   2.8801212364208818E-03  -2.0601839059782834E-03  -2.6791810567155963E-03
         1        217   0.0000000000000000E+00   0.0000000000000000E+00   0.0000000000000000E+00  -2.0642500416969165E-04   3.6142687389218293E-04   4.0378475683912375E-03
         1        218   0.0000000000000000E+00   0.0000000000000000E+00   0.0000000000000000E+00  -3.2630377488978893E-03   2.0505401452718050E-03  -9.8470328236711859E-04
         1        219   0.0000000000000000E+00   0.0000000000000000E+00   0.0000000000000000E+00  -3.1195658723636999E-03  -1.7796975177383064E-03  -8.7047880004091096E-04
         1        220   0.0000000000000000E+00   0.0000000000000000E+00   0.0000000000000000E+00  -3.1412188116286912E-03  -1.6061051842364892E-03  -2.0325791868711757E-03
         1        221   0.0000000000000000E+00   0.0000000000000000E+00   0.0000000000000000E+00   3.8065935640653616E-04   3.5065455112480129E-03   1.0701350866718453E-03
         1        222   0.0000000000000000E+00   0.0000000000000000E+00   0.0000000000000000E+00   3.0821511962090334E-03  -1.3814119464005967E-03   1.1928107922134709E-03
         1        223   0.0000000000000000E+00   0.0000000000000000E+00   0.0000000000000000E+00  -3.4078579359204807E-03   2.0109511908753641E-03   2.3425485550153296E-03
         1        224   0.0000000000000000E+00   0.0000000000000000E+00   0.0000000000000000E+00   3.3881130576137125E-04  -3.4804878535441806E-03  -1.1119896337495054E-03
         1        225   0.0000000000000000E+00   0.0000000000000000E+00   0.0000000000000000E+00   3.1729324493980416E-03   1.5202298425688384E-03  -1.2026845691657029E-03
         1        226   0.0000000000000000E+00   0.0000000000000000E+00   0.0000000000000000E+00  -3.0037974363854203E-03   1.8232665643813279E-03   8.8197846182211739E-04
         1        227   0.0000000000000000E+00   0.0000000000000000E+00   0.0000000000000000E+00  -3.0854566324057032E-03   1.8041395047782144E-03   9.2949770220516050E-04
         1        228   0.0000000000000000E+00   0.0000000000000000E+00   0.0000000000000000E+00   2.5675757192651785E-04   3.9038778692491124E-03  -9.1941310764062363E-04
         1        229   0.0000000000000000E+00   0.0000000000000000E+00   0.0000000000000000E+00  -3.4480861979091816E-03  -1.8911216006287741E-03  -2.3812385961520153E-03
         1        230   0.0000000000000000E+00   0.0000000000000000E+00   0.0000000000000000E+00   4.9445757236389100E-04   3.6143348302597371E-03   1.1074780223117057E-03
         1        231   0.0000000000000000E+00   0.0000000000000000E+00   0.0000000000000000E+00   3.2173884674909746E-03  -1.5054634847987500E-03   1.3895148736350772E-03
         1        232   0.0000000000000000E+00   0.0000000000000000E+00   0.0000000000000000E+00  -3.1860989631471897E-03   1.5529163247500935E-03   2.0151325915871857E-03
         1        233   0.0000000000000000E+00   0.0000000000000000E+00   0.0000000000000000E+00   3.5568150878108996E-04  -3.5108737428245595E-03  -1.1200076621492761E-03
         1        234   0.0000000000000000E+00   0.0000000000000000E+00   0.0000000000000000E+00   3.1452470915741869E-03   1.3826838422927273E-03  -1.2188611479145434E-03
         1        235   0.0000000000000000E+00   0.0000000000000000E+00   0.0000000000000000E+00  -3.1020174045029345E-03   1.8193362537076694E-03   1.0876707125804747E-03
         1        236   0.0000000000000000E+00   0.0000000000000000E+00   0.0000000000000000E+00  -3.5941826476746492E-03   2.0158163966479685E-03   2.3764362362359817E-03
         1        237   0.0000000000000000E+00   0.0000000000000000E+00   0.0000000000000000E+00   3.2942607634990753E-04  -1.0962639436224564E-05  -3.7856648896573567E-03
         1        238   0.0000000000000000E+00   0.0000000000000000E+00   0.0000000000000000E+00   3.2693151788881296E-03  -2.0643095174645893E-03   8.6762093783293831E-04
         1        239   0.0000000000000000E+00   0.0000000000000000E+00   0.0000000000000000E+00  -2.7596444228118206E-03   1.8577731053267929E-03   2.4792712146637047E-03
         1        240   0.0000000000000000E+00   0.0000000000000000E+00   0.0000000000000000E+00   2.8494871489643083E-04  -3.7108118897060658E-03  -1.5089369768517787E-03
         1        241   0.0000000000000000E+00   0.0000000000000000E+00   0.0000000000000000E+00   2.9722382219809803E-03   1.6224073086027713E-03  -1.5022244703567331E-03
         1        242   0.0000000000000000E+00   0.0000000000000000E+00   0.0000000000000000E+00  -3.4017043853821652E-03   1.6517331901787415E-03   2.5612206477000177E-03
         1        243   0.0000000000000000E+00   0.0000000000000000E+00   0.0000000000000000E+00   3.1904308627988236E-04  -1.1118644037805709E-04  -4.1647280119656693E-03
         1        244   0.0000000000000000E+00   0.0000000000000000E+00   0.0000000000000000E+00   3.4799905407050771E-03  -1.7112665512046422E-03   1.0145911798534728E-03
         1        245   0.0000000000000000E+00   0.0000000000000000E+00   0.0000000000000000E+00  -3.1787009581881326E-03  -1.5661389436345409E-03   1.4982217733095502E-03
         1        246   0.0000000000000000E+00   0.0000000000000000E+00   0.0000000000000000E+00  -3.1091420428786764E-03  -1.9221667152899047E-03  -2.2256403056575228E-03
         1        247   0.0000000000000000E+00   0.0000000000000000E+00   0.0000000000000000E+00   3.2155779634510004E-04   4.5557145445198763E-06   3.6670989188420005E-03
         1        248   0.0000000000000000E+00   0.0000000000000000E+00   0.0000000000000000E+00   3.2016300286462321E-03   2.0995872040406472E-03  -9.2828026326185738E-04
         1        249   0.0000000000000000E+00   0.0000000000000000E+00   0.0000000000000000E+00  -3.0443727574953165E-03   1.6421353977760429E-03  -2.4037225388679807E-03
         1        250   0.0000000000000000E+00   0.0000000000000000E+00   0.0000000000000000E+00   2.9498888154123925E-04  -2.7317075116975030E-04   3.6550266368678107E-03
         1        251   0.0000000000000000E+00   0.0000000000000000E+00   0.0000000000000000E+00   3.4537461038223818E-03  -1.7528144357494707E-03  -8.6383095487877848E-04
         1        252   0.0000000000000000E+00   0.0000000000000000E+00   0.0000000000000000E+00   6.5912065208746594E-05   3.6493528984473107E-03   2.2819780162899234E-03
         1        253   0.0000000000000000E+00   0.0000000000000000E+00   0.0000000000000000E+00  -1.4511485520958062E-04  -2.9603212496604018E-04  -3.7850123886126411E-03
         1        254   0.0000000000000000E+00   0.0000000000000000E+00   0.0000000000000000E+00  -3.3494452096137790E-03  -2.1607748402576558E-03  -2.6775691309773512E-03
         1        255   0.0000000000000000E+00   0.0000000000000000E+00   0.0000000000000000E+00   2.8601555489055509E-04   3.8432991154584389E-03   1.5518384738016948E-03
         1        256   0.0000000000000000E+00   0.0000000000000000E+00   0.0000000000000000E+00   3.3185049800553120E-03  -1.5144704605325678E-03   1.1793681984693775E-03
         1        257   0.0000000000000000E+00   0.0000000000000000E+00   0.0000000000000000E+00  -1.7677750096586876E-04  -3.3527426119997207E-04   3.7309398609983286E-03
         1        258   0.0000000000000000E+00   0.0000000000000000E+00   0.0000000000000000E+00   2.9809843561601455E-03   1.8386899515758439E-03  -3.2150468700086563E-03
         1        259   0.0000000000000000E+00   0.0000000000000000E+00   0.0000000000000000E+00  -3.0454045775707953E-03   1.5993388040632520E-03   1.5027655423962532E-03
         1        260   0.0000000000000000E+00   0.0000000000000000E+00   0.0000000000000000E+00   1.7766841037614715E-04   3.9566383145682241E-03   2.8245298308461845E-03
         1        261   0.0000000000000000E+00   0.0000000000000000E+00   0.0000000000000000E+00  -2.0977601807799915E-04  -2.4213357940669646E-04  -3.8194676920921536E-03
         1        262   0.0000000000000000E+00   0.0000000000000000E+00   0.0000000000000000E+00   2.9232630354110935E-03   1.9032707637913107E-03  -2.1977591415835575E-03
         1        263   0.0000000000000000E+00   0.0000000000000000E+00   0.0000000000000000E+00  -3.0170229418096987E-03  -1.7881378846640822E-03  -8.7231417135480687E-04
         1        264   0.0000000000000000E+00   0.0000000000000000E+00   0.0000000000000000E+00   3.9390237717201225E-03  -2.2663758186235385E-03   2.8269557103183973E-03
         1        265   0.0000000000000000E+00   0.0000000000000000E+00   0.0000000000000000E+00  -3.0085104928560011E-04   4.5042743727908469E-05  -3.8089898669305304E-03
         1        266   0.0000000000000000E+00   0.0000000000000000E+00   0.0000000000000000E+00  -3.6374337720128467E-03  -1.5571810559729771E-03  -2.6591646282179172E-03
         1        267   0.0000000000000000E+00   0.0000000000000000E+00   0.0000000000000000E+00   3.0578398714373184E-04   3.5049795220508735E-03   1.1722446128219920E-03
         1        268   0.0000000000000000E+00   0.0000000000000000E+00   0.0000000000000000E+00   3.4072892075274327E-03  -1.6138499216872720E-03   1.5286005094132971E-03
         1        269   0.0000000000000000E+00   0.0000000000000000E+00   0.0000000000000000E+00  -3.4142918988514767E-04   3.6816840400850774E-03  -1.5396794230004833E-03
         1        270   0.0000000000000000E+00   0.0000000000000000E+00   0.0000000000000000E+00   2.0194613969592431E-04  -3.2235188117820069E-03  -2.4935694854437795E-03
         1        271   0.0000000000000000E+00   0.0000000000000000E+00   0.0000000000000000E+00   2.6503386919049720E-03  -2.2286233775501568E-03   2.2757780877390630E-03
         1        272   0.0000000000000000E+00   0.0000000000000000E+00   0.0000000000000000E+00  -3.2198892611141798E-03  -1.4761908489820453E-03  -1.1332601225264264E-03
         1        273   0.0000000000000000E+00   0.0000000000000000E+00   0.0000000000000000E+00   6.2221690846841484E-04  -3.5064494996969848E-03  -2.4021657106550339E-03
         1        274   0.0000000000000000E+00   0.0000000000000000E+00   0.0000000000000000E+00   2.9381277805707309E-03   1.9946617193305170E-03   1.1074854046907103E-03
         1        275   0.0000000000000000E+00   0.0000000000000000E+00   0.0000000000000000E+00  -3.0305270624359079E-03   2.0314698910441618E-03   1.5421954705611681E-03
         1        276   0.0000000000000000E+00   0.0000000000000000E+00   0.0000000000000000E+00  -3.5491353207185057E-03   2.3737170704751110E-03   3.2196189938563293E-03
         1        277   0.0000000000000000E+00   0.0000000000000000E+00   0.0000000000000000E+00   1.5829758022145642E-04  -2.6583746868255766E-04  -3.8778685911522908E-03
         1        278   0.0000000000000000E+00   0.0000000000000000E+00   0.0000000000000000E+00   3.1127607515628311E-03  -1.8370611591118223E-03   9.6461495893266573E-04
         1        279   0.0000000000000000E+00   0.0000000000000000E+00   0.0000000000000000E+00   3.1258853528810630E-03  -2.1583691907971240E-03   1.4790736905110078E-03
         1        280   0.0000000000000000E+00   0.0000000000000000E+00   0.0000000000000000E+00  -3.7024012238656371E-03  -1.8877737129010936E-03   2.4267927222429652E-03
         1        281   0.0000000000000000E+00   0.0000000000000000E+00   0.0000000000000000E+00  -1.2234898655830083E-04  -4.2694240291484371E-03  -3.2025514079582558E-03
         1        282   0.0000000000000000E+00   0.0000000000000000E+00   0.0000000000000000E+00   2.1553151994621324E-06   3.5871218492788967E-03  -9.9673312578645598E-04
         1        283   0.0000000000000000E+00   0.0000000000000000E+00   0.0000000000000000E+00   2.0888361058465888E-04   2.5790663470065810E-04   3.9177992328116949E-03
         1        284   0.0000000000000000E+00   0.0000000000000000E+00   0.0000000000000000E+00  -5.6475500673638728E-04  -3.7040241157515353E-03  -2.8295147773958226E-03
         1        285   0.0000000000000000E+00   0.0000000000000000E+00   0.0000000000000000E+00   2.9594894993271509E-03   2.1843640989615818E-03   1.5806521044703663E-03
         1        286   0.0000000000000000E+00   0.0000000000000000E+00   0.0000000000000000E+00  -2.8958994734180690E-03   1.8304727223381755E-03   1.5688839111989050E-03
         1        287   0.0000000000000000E+00   0.0000000000000000E+00   0.0000000000000000E+00  -1.7094645068451943E-04   3.7417626025943061E-03  -2.2879376861627445E-03
         1        288   0.0000000000000000E+00   0.0000000000000000E+00   0.0000000000000000E+00  -2.8863704016431281E-03  -2.0639019483783137E-03   1.1957559649702259E-03
         1        289   0.0000000000000000E+00   0.0000000000000000E+00   0.0000000000000000E+00   1.9271263127859520E-04   4.1029968439197893E-03   2.6640715269018577E-03
         1        290   0.0000000000000000E+00   0.0000000000000000E+00   0.0000000000000000E+00  -3.1829324647035962E-03  -2.2531960206313780E-03  -1.6474969751247052E-03
         1        291   0.0000000000000000E+00   0.0000000000000000E+00   0.0000000000000000E+00   2.9940548943334332E-03  -2.1663948277618958E-03  -1.2632032602495106E-03
         1        292   0.0000000000000000E+00   0.0000000000000000E+00   0.0000000000000000E+00  -3.0696254874899723E-03   1.9264004770698402E-03   2.2063115956848117E-03
         1        293   0.0000000000000000E+00   0.0000000000000000E+00   0.0000000000000000E+00   2.3309320012512868E-04  -1.7140033721683995E-04  -3.7233238373902923E-03
         1        294   0.0000000000000000E+00   0.0000000000000000E+00   0.0000000000000000E+00   3.2160939657592991E-03  -2.0443048887567273E-03   8.7276797999298356E-04
         1        295   0.0000000000000000E+00   0.0000000000000000E+00   0.0000000000000000E+00  -3.1772656988664789E-03  -1.8701388909194868E-03   2.8417030035813870E-03
         1        296   0.0000000000000000E+00   0.0000000000000000E+00   0.0000000000000000E+00   2.6568582935536437E-04   3.5376994554465963E-03  -1.4118366607137024E-03
         1        297   0.0000000000000000E+00   0.0000000000000000E+00   0.0000000000000000E+00  -3.5273381654286943E-03   1.9358431278666327E-03  -2.2919003641046288E-03
         1        298   0.0000000000000000E+00   0.0000000000000000E+00   0.0000000000000000E+00   4.6775216449984451E-04  -3.5922773898814948E-03   1.0693801671301975E-03
         1        299   0.0000000000000000E+00   0.0000000000000000E+00   0.0000000000000000E+00   3.2246214394683489E-03   1.4958534046764773E-03   1.3342151946831914E-03
         1        300   0.0000000000000000E+00   0.0000000000000000E+00   0.0000000000000000E+00  -3.7756118828680733E-03   2.1421420844876947E-03   2.5434581215386816E-03
         1        301   0.0000000000000000E+00   0.0000000000000000E+00   0.0000000000000000E+00   1.6434112570255229E-04  -1.5933871509849238E-04  -3.7756348104335319E-03
         1        302   0.0000000000000000E+00   0.0000000000000000E+00   0.0000000000000000E+00   3.4550016627358151E-03  -1.8245231238228383E-03   9.3061776707526345E-04
         1        303   0.0000000000000000E+00   0.0000000000000000E+00   0.0000000000000000E+00  -2.0887214874280944E-04  -3.8448684400836761E-04  -3.7241766895151043E-03
         1        304   0.0000000000000000E+00   0.0000000000000000E+00   0.0000000000000000E+00  -9.6236919576104206E-05  -3.4406224594948614E-03   1.7336360569727947E-03
         1        305   0.0000000000000000E+00   0.0000000000000000E+00   0.0000000000000000E+00   2.6494015906013144E-03   1.8155447336328919E-03  -3.0054108651630120E-03
         1        306   0.0000000000000000E+00   0.0000000000000000E+00   0.0000000000000000E+00  -2.1023579589209964E-04  -3.3966225685947262E-04   3.7127449254323354E-03
         1        307   0.0000000000000000E+00   0.0000000000000000E+00   0.0000000000000000E+00  -3.0228634161964026E-03  -1.8029911802232461E-03  -1.0313298641063163E-03
         1        308   0.0000000000000000E+00   0.0000000000000000E+00   0.0000000000000000E+00  -3.4547278228261669E-03  -2.0285330650245915E-03  -2.0958408977116770E-03
         1        309   0.0000000000000000E+00   0.0000000000000000E+00   0.0000000000000000E+00   4.0259280011772296E-04   3.4811158037397661E-03   1.2045265405510736E-03
         1        310   0.0000000000000000E+00   0.0000000000000000E+00   0.0000000000000000E+00   3.2175599984185276E-03  -1.4458360495393260E-03   1.2325193005205647E-03
         1        311   0.0000000000000000E+00   0.0000000000000000E+00   0.0000000000000000E+00   2.7846977312142402E-03   1.8586965874141687E-03   1.4696737565553916E-03
         1        312   0.0000000000000000E+00   0.0000000000000000E+00   0.0000000000000000E+00  -2.9438606649478203E-03  -1.5469703710346029E-03   2.5078224508345414E-03
         1        313   0.0000000000000000E+00   0.0000000000000000E+00   0.0000000000000000E+00   3.2693474703810864E-04   3.4693454369801474E-03  -1.2598110813201128E-03
         1        314   0.0000000000000000E+00   0.0000000000000000E+00   0.0000000000000000E+00  -3.1836588037232462E-03   1.8426765916367501E-03  -2.7622895781783978E-03
         1        315   0.0000000000000000E+00   0.0000000000000000E+00   0.0000000000000000E+00   3.9625263344532830E-04  -3.6169864953683722E-03   1.1989611985303954E-03
         1        316   0.0000000000000000E+00   0.0000000000000000E+00   0.0000000000000000E+00   2.9787651956436879E-03   1.6052227125800504E-03   1.6432785160488521E-03
         1        317   0.0000000000000000E+00   0.0000000000000000E+00   0.0000000000000000E+00   2.8804012552323265E-03   1.8155019443673289E-03   2.5763332348916015E-03
         1        318   0.0000000000000000E+00   0.0000000000000000E+00   0.0000000000000000E+00  -3.0764216684308499E-03  -1.7034406810421071E-03   8.7354290561442280E-04
         1        319   0.0000000000000000E+00   0.0000000000000000E+00   0.0000000000000000E+00  -2.8072700974543724E-03   1.9750393147379593E-03   1.3643712085420765E-03
         1        320   0.0000000000000000E+00   0.0000000000000000E+00   0.0000000000000000E+00  -3.3334258942076781E-03  -2.2031991763553876E-03   2.7284225914130495E-03
         1        321   0.0000000000000000E+00   0.0000000000000000E+00   0.0000000000000000E+00   3.4469019485594099E-04   3.8355525727851933E-03  -1.5402141923562299E-03
         1        322   0.0000000000000000E+00   0.0000000000000000E+00   0.0000000000000000E+00   3.4786095208503886E-03  -1.6898466697796877E-03  -1.5650564893258576E-03
         1        323   0.0000000000000000E+00   0.0000000000000000E+00   0.0000000000000000E+00  -1.3154061956500223E-04  -3.3638639232358952E-03   2.5580517648297000E-03
         1        324   0.0000000000000000E+00   0.0000000000000000E+00   0.0000000000000000E+00   2.3202043499048086E-04   3.8277543687446451E-03   1.0138480168528240E-03
         1        325   0.0000000000000000E+00   0.0000000000000000E+00   0.0000000000000000E+00  -1.1198669599928323E-04   3.2047718455331133E-04  -3.6687075341375565E-03
         1        326   0.0000000000000000E+00   0.0000000000000000E+00   0.0000000000000000E+00  -3.0275806567227666E-03  -2.1162982284405264E-03   2.9960402843867882E-03
         1        327   0.0000000000000000E+00   0.0000000000000000E+00   0.0000000000000000E+00   3.3868986855129337E-04   3.8223530888847413E-03  -1.4817994636080573E-03
         1        328   0.0000000000000000E+00   0.0000000000000000E+00   0.0000000000000000E+00  -3.4622961858777829E-03  -2.2214456320247215E-03   3.2174206093770123E-03
         1        329   0.0000000000000000E+00   0.0000000000000000E+00   0.0000000000000000E+00   2.1820577920718954E-04   2.5135317126250760E-04  -3.8442705619531970E-03
         1        330   0.0000000000000000E+00   0.0000000000000000E+00   0.0000000000000000E+00  -5.8872036526092040E-04  -4.0153947660427104E-03   2.7894724325051826E-03
         1        331   0.0000000000000000E+00   0.0000000000000000E+00   0.0000000000000000E+00   2.8354160531825136E-04   3.9438012532354294E-03   9.4675017450395133E-04
         1        332   0.0000000000000000E+00   0.0000000000000000E+00   0.0000000000000000E+00   2.8235387833381921E-03  -1.8487578275756804E-03   1.5896057124002683E-03
         1        333   0.0000000000000000E+00   0.0000000000000000E+00   0.0000000000000000E+00   1.7877673124610396E-04   3.0093985072711491E-04  -3.7803644537110479E-03
         1        334   0.0000000000000000E+00   0.0000000000000000E+00   0.0000000000000000E+00   3.8533122300906205E-04  -3.4599231517170826E-03  -2.8000020883440042E-03
         1        335   0.0000000000000000E+00   0.0000000000000000E+00   0.0000000000000000E+00  -3.8284394798790254E-04   3.8679240420528369E-03  -9.9807617884115876E-04
         1        336   0.0000000000000000E+00   0.0000000000000000E+00   0.0000000000000000E+00  -7.5871962855584020E-05   3.6540422123456815E-04   4.0578205889164531E-03
         1        337   0.0000000000000000E+00   0.0000000000000000E+00   0.0000000000000000E+00   3.0787915453725323E-03  -2.2264127840849780E-03  -2.6651505706470221E-03
         1        338   0.0000000000000000E+00   0.0000000000000000E+00   0.0000000000000000E+00  -4.5205358052938715E-04   3.5692198281728330E-03   1.2762264341656740E-03
         1        339   0.0000000000000000E+00   0.0000000000000000E+00   0.0000000000000000E+00  -3.0925169527219539E-03  -1.6173882100178865E-03   1.6054290434029551E-03
         1        340   0.0000000000000000E+00   0.0000000000000000E+00   0.0000000000000000E+00   1.0601221313566263E-04  -3.4669708390235089E-03  -3.1718894257441489E-03
         1        341   0.0000000000000000E+00   0.0000000000000000E+00   0.0000000000000000E+00  -1.1014844426745825E-04   3.5074481678872304E-03  -9.8849010021301916E-04
         1        342   0.0000000000000000E+00   0.0000000000000000E+00   0.0000000000000000E+00  -2.7789445373680382E-04  -4.5317074373730235E-03  -2.8214223154075227E-03
         1        343   0.0000000000000000E+00   0.0000000000000000E+00   0.0000000000000000E+00   3.2099616121416493E-03   2.1895901373609381E-03   1.6457883466770348E-03
         1        344   0.0000000000000000E+00   0.0000000000000000E+00   0.0000000000000000E+00  -3.0329793691042184E-03   2.1740907909818417E-03   1.2059470234587516E-03
         1        345   0.0000000000000000E+00   0.0000000000000000E+00   0.0000000000000000E+00  -5.8436959756568606E-05   3.5311886177601692E-03  -2.9515538328057527E-03
         1        346   0.0000000000000000E+00   0.0000000000000000E+00   0.0000000000000000E+00  -2.8720219884429176E-03  -1.8433878625944489E-03   1.5814972822223599E-03
         1        347   0.0000000000000000E+00   0.0000000000000000E+00   0.0000000000000000E+00   3.1173638141844652E-03  -1.5648341792042963E-03  -1.4613180760743949E-03
         1        348   0.0000000000000000E+00   0.0000000000000000E+00   0.0000000000000000E+00   3.2391783774303974E-03   1.5406144929605927E-03  -2.2167981831168761E-03
         1        349   0.0000000000000000E+00   0.0000000000000000E+00   0.0000000000000000E+00  -3.8844654476079276E-04   1.0625707458589202E-05   3.7670793780556532E-03
         1        350   0.0000000000000000E+00   0.0000000000000000E+00   0.0000000000000000E+00  -3.0438455864185950E-03  -1.7394325007865764E-03  -8.0723350839966370E-04
         1        351   0.0000000000000000E+00   0.0000000000000000E+00   0.0000000000000000E+00  -3.2042443673145583E-03  -1.0883383246718388E-03  -2.8118314121702800E-03
         1        352   0.0000000000000000E+00   0.0000000000000000E+00   0.0000000000000000E+00   7.1321503366921689E-05   3.4405969274683363E-03   1.4857005901416265E-03
         1        353   0.0000000000000000E+00   0.0000000000000000E+00   0.0000000000000000E+00   3.3139538786456698E-03  -1.6052329864401315E-03   1.5554263237301667E-03
         1        354   0.0000000000000000E+00   0.0000000000000000E+00   0.0000000000000000E+00  -4.2510864581825515E-04   1.6166742589447769E-05  -3.7826415602849901E-03
         1        355   0.0000000000000000E+00   0.0000000000000000E+00   0.0000000000000000E+00   2.7800184577532671E-03  -1.8372433893059776E-03   2.4832661788154018E-03
         1        356   0.0000000000000000E+00   0.0000000000000000E+00   0.0000000000000000E+00  -2.5901903976554452E-04   2.3101819554679066E-04  -3.7599810795727641E-03
         1        357   0.0000000000000000E+00   0.0000000000000000E+00   0.0000000000000000E+00   3.3176624485167444E-03  -1.6869790703298512E-03   3.0149449627051329E-03
         1        358   0.0000000000000000E+00   0.0000000000000000E+00   0.0000000000000000E+00   3.0105204388190128E-03  -1.5311173895225499E-03  -1.5155446560211577E-03
         1        359   0.0000000000000000E+00   0.0000000000000000E+00   0.0000000000000000E+00   3.8724174018937669E-03  -1.9909007150796590E-03   3.0379386122728878E-03
         1        360   0.0000000000000000E+00   0.0000000000000000E+00   0.0000000000000000E+00  -2.9177105564943501E-04   3.9402401853776284E-03  -1.6646897999557891E-03
         1        361   0.0000000000000000E+00   0.0000000000000000E+00   0.0000000000000000E+00  -3.5458249407016459E-03  -1.6737218249250493E-03  -1.5225218990573572E-03
         1        362   0.0000000000000000E+00   0.0000000000000000E+00   0.0000000000000000E+00   3.1392074997555080E-03   1.7547447555758679E-03   2.5970820817216383E-03
         1        363   0.0000000000000000E+00   0.0000000000000000E+00   0.0000000000000000E+00  -1.8762884276788766E-04  -2.4490601336956357E-04  -3.6717189967104000E-03
         1        364   0.0000000000000000E+00   0.0000000000000000E+00   0.0000000000000000E+00  -3.3808770858560766E-03  -1.7786345169490123E-03   1.0416947933649058E-03
         1        365   0.0000000000000000E+00   0.0000000000000000E+00   0.0000000000000000E+00  -3.7422648690652412E-04   9.6625191055041366E-05  -4.1171421315899757E-03
         1        366   0.0000000000000000E+00   0.0000000000000000E+00   0.0000000000000000E+00   3.1723401961814483E-03  -1.6037422921765790E-03   3.4782237525091690E-03
         1        367   0.0000000000000000E+00   0.0000000000000000E+00   0.0000000000000000E+00   3.0587007655546927E-03  -1.6962319029538368E-03  -1.6065122900170141E-03
         1        368   0.0000000000000000E+00   0.0000000000000000E+00   0.0000000000000000E+00   2.6975356097218820E-03  -2.1717835466979894E-03   2.3324408191869911E-03
         1        369   0.0000000000000000E+00   0.0000000000000000E+00   0.0000000000000000E+00  -3.2384345082469733E-04   3.6289836785414614E-03  -1.5450799605462369E-03
         1        370   0.0000000000000000E+00   0.0000000000000000E+00   0.0000000000000000E+00  -3.1801562820121150E-03  -1.4771133803880908E-03  -1.1281845785114720E-03
         1        371   0.0000000000000000E+00   0.0000000000000000E+00   0.0000000000000000E+00  -2.8035041756407494E-03   1.8815170678319955E-03   2.5213797001100166E-03
         1        372   0.0000000000000000E+00   0.0000000000000000E+00   0.0000000000000000E+00   1.4021667651735285E-04  -3.9191354930606426E-04  -3.7285600958354955E-03
         1        373   0.0000000000000000E+00   0.0000000000000000E+00   0.0000000000000000E+00   3.0334025277825127E-03  -1.7181371309500219E-03   8.6868385120100506E-04
         1        374   0.0000000000000000E+00   0.0000000000000000E+00   0.0000000000000000E+00   2.9581244878429339E-03   2.1331954033792767E-03   1.1281089898798140E-03
         1        375   0.0000000000000000E+00   0.0000000000000000E+00   0.0000000000000000E+00   4.5637164757338215E-05   3.4842970659433039E-04  -4.1030844703361770E-03
         1        376   0.0000000000000000E+00   0.0000000000000000E+00   0.0000000000000000E+00   2.3908832454296801E-04  -4.4553071428031030E-03  -2.8692130712561614E-03
         1        377   0.0000000000000000E+00   0.0000000000000000E+00   0.0000000000000000E+00  -3.2210669010976751E-03   2.1738391245779303E-03   1.6379889192267500E-03
         1        378   0.0000000000000000E+00   0.0000000000000000E+00   0.0000000000000000E+00   5.3506733886257550E-05   4.0035380515334861E-04   4.0983941951262017E-03
         1        379   0.0000000000000000E+00   0.0000000000000000E+00   0.0000000000000000E+00  -6.3277814208266819E-06  -3.7309851369878699E-03  -3.1977234164476398E-03
         1        380   0.0000000000000000E+00   0.0000000000000000E+00   0.0000000000000000E+00   1.3649294770778442E-05   3.6197762395996668E-03  -9.5125948014380122E-04
         1        381   0.0000000000000000E+00   0.0000000000000000E+00   0.0000000000000000E+00  -9.8521779538277327E-06   4.5589643516705583E-04   4.2123162804071634E-03
         1        382   0.0000000000000000E+00   0.0000000000000000E+00   0.0000000000000000E+00  -5.5411266574963841E-04   3.4520195931928357E-03  -2.3420921338289033E-03
         1        383   0.0000000000000000E+00   0.0000000000000000E+00   0.0000000000000000E+00   3.0034654787651580E-03  -2.1173621150550846E-03   1.5700301794553369E-03
         1        384   0.0000000000000000E+00   0.0000000000000000E+00   0.0000000000000000E+00  -2.9117170817839245E-03  -2.0425242532349820E-03   1.1944504279303176E-03
